Copyright 1986-2022 Xilinx, Inc. All Rights Reserved. Copyright 2022-2024 Advanced Micro Devices, Inc. All Rights Reserved.
-------------------------------------------------------------------------------------------------------------------------------------------------
| Tool Version     : Vivado v.2024.1 (win64) Build 5076996 Wed May 22 18:37:14 MDT 2024
| Date             : Wed Jan  8 11:14:12 2025
| Host             : AMELIE running 64-bit major release  (build 9200)
| Command          : report_power -file top_power_routed.rpt -pb top_power_summary_routed.pb -rpx top_power_routed.rpx
| Design           : top
| Device           : xc7a100tcsg324-1
| Design State     : routed
| Grade            : commercial
| Process          : typical
| Characterization : Production
-------------------------------------------------------------------------------------------------------------------------------------------------

Power Report

Table of Contents
-----------------
1. Summary
1.1 On-Chip Components
1.2 Power Supply Summary
1.3 Confidence Level
2. Settings
2.1 Environment
2.2 Clock Constraints
3. Detailed Reports
3.1 By Hierarchy

1. Summary
----------

+--------------------------+----------------------------------+
| Total On-Chip Power (W)  | 31.186 (Junction temp exceeded!) |
| Design Power Budget (W)  | Unspecified*                     |
| Power Budget Margin (W)  | NA                               |
| Dynamic (W)              | 30.389                           |
| Device Static (W)        | 0.797                            |
| Effective TJA (C/W)      | 4.6                              |
| Max Ambient (C)          | 0.0                              |
| Junction Temperature (C) | 125.0                            |
| Confidence Level         | Low                              |
| Setting File             | ---                              |
| Simulation Activity File | ---                              |
| Design Nets Matched      | NA                               |
+--------------------------+----------------------------------+
* Specify Design Power Budget using, set_operating_conditions -design_power_budget <value in Watts>


1.1 On-Chip Components
----------------------

+-------------------------+-----------+----------+-----------+-----------------+
| On-Chip                 | Power (W) | Used     | Available | Utilization (%) |
+-------------------------+-----------+----------+-----------+-----------------+
| Slice Logic             |     9.039 |     1564 |       --- |             --- |
|   LUT as Logic          |     8.121 |      768 |     63400 |            1.21 |
|   CARRY4                |     0.682 |      166 |     15850 |            1.05 |
|   Register              |     0.216 |      301 |    126800 |            0.24 |
|   LUT as Shift Register |     0.014 |        7 |     19000 |            0.04 |
|   BUFG                  |     0.006 |        1 |        32 |            3.13 |
|   Others                |     0.000 |       39 |       --- |             --- |
| Signals                 |     7.320 |     1020 |       --- |             --- |
| I/O                     |    14.031 |       24 |       210 |           11.43 |
| Static Power            |     0.797 |          |           |                 |
| Total                   |    31.186 |          |           |                 |
+-------------------------+-----------+----------+-----------+-----------------+


1.2 Power Supply Summary
------------------------

+-----------+-------------+-----------+-------------+------------+-------------+-------------+------------+
| Source    | Voltage (V) | Total (A) | Dynamic (A) | Static (A) | Powerup (A) | Budget (A)  | Margin (A) |
+-----------+-------------+-----------+-------------+------------+-------------+-------------+------------+
| Vccint    |       1.000 |    16.953 |      16.390 |      0.563 |       NA    | Unspecified | NA         |
| Vccaux    |       1.800 |     0.606 |       0.513 |      0.093 |       NA    | Unspecified | NA         |
| Vcco33    |       3.300 |     3.966 |       3.962 |      0.004 |       NA    | Unspecified | NA         |
| Vcco25    |       2.500 |     0.000 |       0.000 |      0.000 |       NA    | Unspecified | NA         |
| Vcco18    |       1.800 |     0.000 |       0.000 |      0.000 |       NA    | Unspecified | NA         |
| Vcco15    |       1.500 |     0.000 |       0.000 |      0.000 |       NA    | Unspecified | NA         |
| Vcco135   |       1.350 |     0.000 |       0.000 |      0.000 |       NA    | Unspecified | NA         |
| Vcco12    |       1.200 |     0.000 |       0.000 |      0.000 |       NA    | Unspecified | NA         |
| Vccaux_io |       1.800 |     0.000 |       0.000 |      0.000 |       NA    | Unspecified | NA         |
| Vccbram   |       1.000 |     0.018 |       0.000 |      0.018 |       NA    | Unspecified | NA         |
| MGTAVcc   |       1.000 |     0.000 |       0.000 |      0.000 |       NA    | Unspecified | NA         |
| MGTAVtt   |       1.200 |     0.000 |       0.000 |      0.000 |       NA    | Unspecified | NA         |
| Vccadc    |       1.800 |     0.020 |       0.000 |      0.020 |       NA    | Unspecified | NA         |
+-----------+-------------+-----------+-------------+------------+-------------+-------------+------------+


1.3 Confidence Level
--------------------

+-----------------------------+------------+--------------------------------------------------------+--------------------------------------------------------------------------------------------------------------------+
| User Input Data             | Confidence | Details                                                | Action                                                                                                             |
+-----------------------------+------------+--------------------------------------------------------+--------------------------------------------------------------------------------------------------------------------+
| Design implementation state | High       | Design is routed                                       |                                                                                                                    |
| Clock nodes activity        | Low        | User specified less than 75% of clocks                 | Provide missing clock activity with a constraint file, simulation results or by editing the "By Clock Domain" view |
| I/O nodes activity          | Low        | More than 75% of inputs are missing user specification | Provide missing input activity with simulation results or by editing the "By Resource Type -> I/Os" view           |
| Internal nodes activity     | Medium     | User specified less than 25% of internal nodes         | Provide missing internal nodes activity with simulation results or by editing the "By Resource Type" views         |
| Device models               | High       | Device models are Production                           |                                                                                                                    |
|                             |            |                                                        |                                                                                                                    |
| Overall confidence level    | Low        |                                                        |                                                                                                                    |
+-----------------------------+------------+--------------------------------------------------------+--------------------------------------------------------------------------------------------------------------------+


2. Settings
-----------

2.1 Environment
---------------

+-----------------------+--------------------------+
| Ambient Temp (C)      | 25.0                     |
| ThetaJA (C/W)         | 4.6                      |
| Airflow (LFM)         | 250                      |
| Heat Sink             | medium (Medium Profile)  |
| ThetaSA (C/W)         | 4.6                      |
| Board Selection       | medium (10"x10")         |
| # of Board Layers     | 12to15 (12 to 15 Layers) |
| Board Temperature (C) | 25.0                     |
+-----------------------+--------------------------+


2.2 Clock Constraints
---------------------

+-------+--------+-----------------+
| Clock | Domain | Constraint (ns) |
+-------+--------+-----------------+


3. Detailed Reports
-------------------

3.1 By Hierarchy
----------------

+----------------------------+-----------+
| Name                       | Power (W) |
+----------------------------+-----------+
| top                        |    30.389 |
|   Inst_CONTADOR_DE_MONEDAS |     9.632 |
|     Inst_sumadordemonedas  |     9.632 |
|   Inst_FSM                 |     6.229 |
|     FSM_Master             |     3.191 |
|     FSM_Slave              |     3.038 |
|   Inst_boton_reset         |     0.026 |
|     Inst_EDGEDTCTR         |     0.020 |
|     Inst_SYNCHRNZR         |     0.006 |
|   Inst_control_display     |     0.311 |
|     Inst_entero_bcd        |     0.138 |
|   Inst_interruptores       |     0.062 |
|     Inst_EDGEDTCTR_0       |     0.009 |
|     Inst_EDGEDTCTR_1       |     0.009 |
|     Inst_EDGEDTCTR_2       |     0.011 |
|     Inst_EDGEDTCTR_3       |     0.018 |
|     Inst_SYNCHRNZR_0       |     0.003 |
|     Inst_SYNCHRNZR_1       |     0.004 |
|     Inst_SYNCHRNZR_2       |     0.004 |
|     Inst_SYNCHRNZR_3       |     0.004 |
|   Inst_pulsadores          |     0.038 |
|     Inst_EDGEDTCTR_1       |     0.017 |
|     Inst_EDGEDTCTR_2       |     0.014 |
|     Inst_SYNCHRNZR_1       |     0.004 |
|     Inst_SYNCHRNZR_2       |     0.003 |
+----------------------------+-----------+


