#-----------------------------------------------------------
# Vivado v2024.1 (64-bit)
# SW Build 5076996 on Wed May 22 18:37:14 MDT 2024
# IP Build 5075265 on Wed May 22 21:45:21 MDT 2024
# SharedData Build 5076995 on Wed May 22 18:29:18 MDT 2024
# Start of session at: Fri Dec 20 22:16:45 2024
# Process ID: 18608
# Current directory: C:/Users/LENOVO/Documents/GitHub/Trabajo-SED/Trabajo_SED
# Command line: vivado.exe -gui_launcher_event rodinguilauncherevent10156 C:\Users\LENOVO\Documents\GitHub\Trabajo-SED\Trabajo_SED\Trabajo_SED.xpr
# Log file: C:/Users/LENOVO/Documents/GitHub/Trabajo-SED/Trabajo_SED/vivado.log
# Journal file: C:/Users/LENOVO/Documents/GitHub/Trabajo-SED/Trabajo_SED\vivado.jou
# Running On        :AMELIE
# Platform          :Windows Server 2016 or Windows 10
# Operating System  :19045
# Processor Detail  :Intel(R) Core(TM) i7-10510U CPU @ 1.80GHz
# CPU Frequency     :2304 MHz
# CPU Physical cores:4
# CPU Logical cores :8
# Host memory       :8377 MB
# Swap memory       :7491 MB
# Total Virtual     :15868 MB
# Available Virtual :4266 MB
#-----------------------------------------------------------
start_gui
open_project C:/Users/LENOVO/Documents/GitHub/Trabajo-SED/Trabajo_SED/Trabajo_SED.xpr
WARNING: [Board 49-26] cannot add Board Part xilinx.com:k24c:part0:1.0 available at C:/Xilinx/Vivado/2024.1/data/xhub/boards/XilinxBoardStore/boards/Xilinx/k24c/1.0/board.xml as part xck24-ubva530-2lv-c specified in board_part file is either invalid or not available
WARNING: [Board 49-26] cannot add Board Part xilinx.com:k24i:part0:1.0 available at C:/Xilinx/Vivado/2024.1/data/xhub/boards/XilinxBoardStore/boards/Xilinx/k24i/1.0/board.xml as part xck24-ubva530-2lvi-i specified in board_part file is either invalid or not available
WARNING: [Board 49-26] cannot add Board Part xilinx.com:k26c:part0:1.2 available at C:/Xilinx/Vivado/2024.1/data/xhub/boards/XilinxBoardStore/boards/Xilinx/k26c/1.2/board.xml as part xck26-sfvc784-2lv-c specified in board_part file is either invalid or not available
WARNING: [Board 49-26] cannot add Board Part xilinx.com:k26c:part0:1.3 available at C:/Xilinx/Vivado/2024.1/data/xhub/boards/XilinxBoardStore/boards/Xilinx/k26c/1.3/board.xml as part xck26-sfvc784-2lv-c specified in board_part file is either invalid or not available
WARNING: [Board 49-26] cannot add Board Part xilinx.com:k26c:part0:1.4 available at C:/Xilinx/Vivado/2024.1/data/xhub/boards/XilinxBoardStore/boards/Xilinx/k26c/1.4/board.xml as part xck26-sfvc784-2lv-c specified in board_part file is either invalid or not available
WARNING: [Board 49-26] cannot add Board Part xilinx.com:k26i:part0:1.2 available at C:/Xilinx/Vivado/2024.1/data/xhub/boards/XilinxBoardStore/boards/Xilinx/k26i/1.2/board.xml as part xck26-sfvc784-2lvi-i specified in board_part file is either invalid or not available
WARNING: [Board 49-26] cannot add Board Part xilinx.com:k26i:part0:1.3 available at C:/Xilinx/Vivado/2024.1/data/xhub/boards/XilinxBoardStore/boards/Xilinx/k26i/1.3/board.xml as part xck26-sfvc784-2lvi-i specified in board_part file is either invalid or not available
WARNING: [Board 49-26] cannot add Board Part xilinx.com:k26i:part0:1.4 available at C:/Xilinx/Vivado/2024.1/data/xhub/boards/XilinxBoardStore/boards/Xilinx/k26i/1.4/board.xml as part xck26-sfvc784-2lvi-i specified in board_part file is either invalid or not available
WARNING: [Board 49-26] cannot add Board Part xilinx.com:kc705:part0:1.6 available at C:/Xilinx/Vivado/2024.1/data/xhub/boards/XilinxBoardStore/boards/Xilinx/kc705/1.6/board.xml as part xc7k325tffg900-2 specified in board_part file is either invalid or not available
WARNING: [Board 49-26] cannot add Board Part xilinx.com:kcu105:part0:1.6 available at C:/Xilinx/Vivado/2024.1/data/xhub/boards/XilinxBoardStore/boards/Xilinx/kcu105/1.6/board.xml as part xcku040-ffva1156-2-e specified in board_part file is either invalid or not available
WARNING: [Board 49-26] cannot add Board Part xilinx.com:kcu105:part0:1.7 available at C:/Xilinx/Vivado/2024.1/data/xhub/boards/XilinxBoardStore/boards/Xilinx/kcu105/1.7/board.xml as part xcku040-ffva1156-2-e specified in board_part file is either invalid or not available
WARNING: [Board 49-26] cannot add Board Part xilinx.com:kcu116:part0:1.4 available at C:/Xilinx/Vivado/2024.1/data/xhub/boards/XilinxBoardStore/boards/Xilinx/kcu116/1.4/board.xml as part xcku5p-ffvb676-2-e specified in board_part file is either invalid or not available
WARNING: [Board 49-26] cannot add Board Part xilinx.com:kcu116:part0:1.5 available at C:/Xilinx/Vivado/2024.1/data/xhub/boards/XilinxBoardStore/boards/Xilinx/kcu116/1.5/board.xml as part xcku5p-ffvb676-2-e specified in board_part file is either invalid or not available
WARNING: [Board 49-26] cannot add Board Part xilinx.com:kcu1500:part0:1.2 available at C:/Xilinx/Vivado/2024.1/data/xhub/boards/XilinxBoardStore/boards/Xilinx/kcu1500/1.2/board.xml as part xcku115-flvb2104-2-e specified in board_part file is either invalid or not available
WARNING: [Board 49-26] cannot add Board Part xilinx.com:kd240_som:part0:1.0 available at C:/Xilinx/Vivado/2024.1/data/xhub/boards/XilinxBoardStore/boards/Xilinx/kd240_som/1.0/board.xml as part xck24-ubva530-2lv-c specified in board_part file is either invalid or not available
WARNING: [Board 49-26] cannot add Board Part xilinx.com:kr260_som:part0:1.0 available at C:/Xilinx/Vivado/2024.1/data/xhub/boards/XilinxBoardStore/boards/Xilinx/kr260_som/1.0/board.xml as part xck26-sfvc784-2lv-c specified in board_part file is either invalid or not available
WARNING: [Board 49-26] cannot add Board Part xilinx.com:kr260_som:part0:1.1 available at C:/Xilinx/Vivado/2024.1/data/xhub/boards/XilinxBoardStore/boards/Xilinx/kr260_som/1.1/board.xml as part xck26-sfvc784-2lv-c specified in board_part file is either invalid or not available
WARNING: [Board 49-26] cannot add Board Part xilinx.com:kv260_som:part0:1.2 available at C:/Xilinx/Vivado/2024.1/data/xhub/boards/XilinxBoardStore/boards/Xilinx/kv260_som/1.2/board.xml as part xck26-sfvc784-2lv-c specified in board_part file is either invalid or not available
WARNING: [Board 49-26] cannot add Board Part xilinx.com:kv260_som:part0:1.3 available at C:/Xilinx/Vivado/2024.1/data/xhub/boards/XilinxBoardStore/boards/Xilinx/kv260_som/1.3/board.xml as part xck26-sfvc784-2lv-c specified in board_part file is either invalid or not available
WARNING: [Board 49-26] cannot add Board Part xilinx.com:kv260_som:part0:1.4 available at C:/Xilinx/Vivado/2024.1/data/xhub/boards/XilinxBoardStore/boards/Xilinx/kv260_som/1.4/board.xml as part xck26-sfvc784-2lv-c specified in board_part file is either invalid or not available
WARNING: [Board 49-26] cannot add Board Part xilinx.com:sp701:part0:1.0 available at C:/Xilinx/Vivado/2024.1/data/xhub/boards/XilinxBoardStore/boards/Xilinx/sp701/1.0/board.xml as part xc7s100fgga676-2 specified in board_part file is either invalid or not available
WARNING: [Board 49-26] cannot add Board Part xilinx.com:sp701:part0:1.1 available at C:/Xilinx/Vivado/2024.1/data/xhub/boards/XilinxBoardStore/boards/Xilinx/sp701/1.1/board.xml as part xc7s100fgga676-2 specified in board_part file is either invalid or not available
WARNING: [Board 49-26] cannot add Board Part xilinx.com:vc707:part0:1.4 available at C:/Xilinx/Vivado/2024.1/data/xhub/boards/XilinxBoardStore/boards/Xilinx/vc707/1.4/board.xml as part xc7vx485tffg1761-2 specified in board_part file is either invalid or not available
WARNING: [Board 49-26] cannot add Board Part xilinx.com:vc709:part0:1.8 available at C:/Xilinx/Vivado/2024.1/data/xhub/boards/XilinxBoardStore/boards/Xilinx/vc709/1.8/board.xml as part xc7vx690tffg1761-2 specified in board_part file is either invalid or not available
WARNING: [Board 49-26] cannot add Board Part xilinx.com:vck190:part0:2.2 available at C:/Xilinx/Vivado/2024.1/data/xhub/boards/XilinxBoardStore/boards/Xilinx/vck190/production/2.2/board.xml as part xcvc1902-vsva2197-2mp-e-s specified in board_part file is either invalid or not available
WARNING: [Board 49-26] cannot add Board Part xilinx.com:vck190:part0:3.0 available at C:/Xilinx/Vivado/2024.1/data/xhub/boards/XilinxBoardStore/boards/Xilinx/vck190/production/3.0/board.xml as part xcvc1902-vsva2197-2mp-e-s specified in board_part file is either invalid or not available
WARNING: [Board 49-26] cannot add Board Part xilinx.com:vck190:part0:3.1 available at C:/Xilinx/Vivado/2024.1/data/xhub/boards/XilinxBoardStore/boards/Xilinx/vck190/production/3.1/board.xml as part xcvc1902-vsva2197-2mp-e-s specified in board_part file is either invalid or not available
WARNING: [Board 49-26] cannot add Board Part xilinx.com:vck190:part0:3.2 available at C:/Xilinx/Vivado/2024.1/data/xhub/boards/XilinxBoardStore/boards/Xilinx/vck190/production/3.2/board.xml as part xcvc1902-vsva2197-2mp-e-s specified in board_part file is either invalid or not available
WARNING: [Board 49-26] cannot add Board Part xilinx.com:vck190:part0:3.3 available at C:/Xilinx/Vivado/2024.1/data/xhub/boards/XilinxBoardStore/boards/Xilinx/vck190/production/3.3/board.xml as part xcvc1902-vsva2197-2mp-e-s specified in board_part file is either invalid or not available
WARNING: [Board 49-26] cannot add Board Part xilinx.com:vck190_newl:part0:1.0 available at C:/Xilinx/Vivado/2024.1/data/xhub/boards/XilinxBoardStore/boards/Xilinx/vck190_newl/production/1.0/board.xml as part xcvc1902-vsva2197-2mp-e-s specified in board_part file is either invalid or not available
WARNING: [Board 49-26] cannot add Board Part xilinx.com:vck190_newl:part0:1.1 available at C:/Xilinx/Vivado/2024.1/data/xhub/boards/XilinxBoardStore/boards/Xilinx/vck190_newl/production/1.1/board.xml as part xcvc1902-vsva2197-2mp-e-s specified in board_part file is either invalid or not available
WARNING: [Board 49-26] cannot add Board Part xilinx.com:vck190_newl:part0:1.2 available at C:/Xilinx/Vivado/2024.1/data/xhub/boards/XilinxBoardStore/boards/Xilinx/vck190_newl/production/1.2/board.xml as part xcvc1902-vsva2197-2mp-e-s specified in board_part file is either invalid or not available
WARNING: [Board 49-26] cannot add Board Part xilinx.com:vcu108:part0:1.6 available at C:/Xilinx/Vivado/2024.1/data/xhub/boards/XilinxBoardStore/boards/Xilinx/vcu108/1.6/board.xml as part xcvu095-ffva2104-2-e specified in board_part file is either invalid or not available
WARNING: [Board 49-26] cannot add Board Part xilinx.com:vcu108:part0:1.7 available at C:/Xilinx/Vivado/2024.1/data/xhub/boards/XilinxBoardStore/boards/Xilinx/vcu108/1.7/board.xml as part xcvu095-ffva2104-2-e specified in board_part file is either invalid or not available
WARNING: [Board 49-26] cannot add Board Part xilinx.com:vcu110:part0:1.4 available at C:/Xilinx/Vivado/2024.1/data/xhub/boards/XilinxBoardStore/boards/Xilinx/vcu110/1.4/board.xml as part xcvu190-flgc2104-2-e specified in board_part file is either invalid or not available
WARNING: [Board 49-26] cannot add Board Part xilinx.com:vcu118:part0:2.0 available at C:/Xilinx/Vivado/2024.1/data/xhub/boards/XilinxBoardStore/boards/Xilinx/vcu118/2.0/board.xml as part xcvu9p-flga2104-2l-e specified in board_part file is either invalid or not available
WARNING: [Board 49-26] cannot add Board Part xilinx.com:vcu118:part0:2.3 available at C:/Xilinx/Vivado/2024.1/data/xhub/boards/XilinxBoardStore/boards/Xilinx/vcu118/2.3/board.xml as part xcvu9p-flga2104-2l-e specified in board_part file is either invalid or not available
WARNING: [Board 49-26] cannot add Board Part xilinx.com:vcu118:part0:2.4 available at C:/Xilinx/Vivado/2024.1/data/xhub/boards/XilinxBoardStore/boards/Xilinx/vcu118/2.4/board.xml as part xcvu9p-flga2104-2l-e specified in board_part file is either invalid or not available
WARNING: [Board 49-26] cannot add Board Part xilinx.com:vcu128:part0:1.0 available at C:/Xilinx/Vivado/2024.1/data/xhub/boards/XilinxBoardStore/boards/Xilinx/vcu128/production/1.0/board.xml as part xcvu37p-fsvh2892-2l-e specified in board_part file is either invalid or not available
WARNING: [Board 49-26] cannot add Board Part xilinx.com:vcu129:part0:1.0 available at C:/Xilinx/Vivado/2024.1/data/xhub/boards/XilinxBoardStore/boards/Xilinx/vcu129/production/1.0/board.xml as part xcvu29p-fsga2577-2l-e specified in board_part file is either invalid or not available
WARNING: [Board 49-26] cannot add Board Part xilinx.com:vcu1525:part0:1.3 available at C:/Xilinx/Vivado/2024.1/data/xhub/boards/XilinxBoardStore/boards/Xilinx/vcu1525/1.3/board.xml as part xcvu9p-fsgd2104-2l-e specified in board_part file is either invalid or not available
WARNING: [Board 49-26] cannot add Board Part xilinx.com:vek280:part0:1.0 available at C:/Xilinx/Vivado/2024.1/data/xhub/boards/XilinxBoardStore/boards/Xilinx/vek280/production/1.0/board.xml as part xcve2802-vsvh1760-2mp-e-s specified in board_part file is either invalid or not available
WARNING: [Board 49-26] cannot add Board Part xilinx.com:vek280:part0:1.1 available at C:/Xilinx/Vivado/2024.1/data/xhub/boards/XilinxBoardStore/boards/Xilinx/vek280/production/1.1/board.xml as part xcve2802-vsvh1760-2mp-e-s specified in board_part file is either invalid or not available
WARNING: [Board 49-26] cannot add Board Part xilinx.com:vek280:part0:1.2 available at C:/Xilinx/Vivado/2024.1/data/xhub/boards/XilinxBoardStore/boards/Xilinx/vek280/production/1.2/board.xml as part xcve2802-vsvh1760-2mp-e-s specified in board_part file is either invalid or not available
WARNING: [Board 49-26] cannot add Board Part xilinx.com:vek280_es:part0:1.0 available at C:/Xilinx/Vivado/2024.1/data/xhub/boards/XilinxBoardStore/boards/Xilinx/vek280/es/rev_a/1.0/board.xml as part xcve2802-vsvh1760-2lp-e-s-es1 specified in board_part file is either invalid or not available
WARNING: [Board 49-26] cannot add Board Part xilinx.com:vek280_es:part0:1.1 available at C:/Xilinx/Vivado/2024.1/data/xhub/boards/XilinxBoardStore/boards/Xilinx/vek280/es/rev_a/1.1/board.xml as part xcve2802-vsvh1760-2lp-e-s-es1 specified in board_part file is either invalid or not available
WARNING: [Board 49-26] cannot add Board Part xilinx.com:vek280_es_revb:part0:1.0 available at C:/Xilinx/Vivado/2024.1/data/xhub/boards/XilinxBoardStore/boards/Xilinx/vek280/es/rev_b/1.0/board.xml as part xcve2802-vsvh1760-2mp-e-s-es1 specified in board_part file is either invalid or not available
WARNING: [Board 49-26] cannot add Board Part xilinx.com:vek280_es_revb:part0:1.1 available at C:/Xilinx/Vivado/2024.1/data/xhub/boards/XilinxBoardStore/boards/Xilinx/vek280/es/rev_b/1.1/board.xml as part xcve2802-vsvh1760-2mp-e-s-es1 specified in board_part file is either invalid or not available
WARNING: [Board 49-26] cannot add Board Part xilinx.com:vermeo_t1_mpsoc:part0:1.0 available at C:/Xilinx/Vivado/2024.1/data/xhub/boards/XilinxBoardStore/boards/Xilinx/vermeo_t1_mpsoc/1.0/board.xml as part xczu19eg-ffvd1760-2l-e specified in board_part file is either invalid or not available
WARNING: [Board 49-26] cannot add Board Part xilinx.com:vermeo_t1_rfsoc:part0:1.0 available at C:/Xilinx/Vivado/2024.1/data/xhub/boards/XilinxBoardStore/boards/Xilinx/vermeo_t1_rfsoc/1.0/board.xml as part xczu21dr-ffvd1156-2l-e specified in board_part file is either invalid or not available
WARNING: [Board 49-26] cannot add Board Part xilinx.com:vhk158:part0:1.0 available at C:/Xilinx/Vivado/2024.1/data/xhub/boards/XilinxBoardStore/boards/Xilinx/vhk158/production/1.0/board.xml as part xcvh1582-vsva3697-2mp-e-s specified in board_part file is either invalid or not available
WARNING: [Board 49-26] cannot add Board Part xilinx.com:vhk158:part0:1.1 available at C:/Xilinx/Vivado/2024.1/data/xhub/boards/XilinxBoardStore/boards/Xilinx/vhk158/production/1.1/board.xml as part xcvh1582-vsva3697-2mp-e-s specified in board_part file is either invalid or not available
WARNING: [Board 49-26] cannot add Board Part xilinx.com:vhk158_es:part0:1.0 available at C:/Xilinx/Vivado/2024.1/data/xhub/boards/XilinxBoardStore/boards/Xilinx/vhk158/es/1.0/board.xml as part xcvh1582-vsva3697-2mp-e-s-es1 specified in board_part file is either invalid or not available
WARNING: [Board 49-26] cannot add Board Part xilinx.com:vhk158_es:part0:1.1 available at C:/Xilinx/Vivado/2024.1/data/xhub/boards/XilinxBoardStore/boards/Xilinx/vhk158/es/1.1/board.xml as part xcvh1582-vsva3697-2mp-e-s-es1 specified in board_part file is either invalid or not available
WARNING: [Board 49-26] cannot add Board Part xilinx.com:vmk180:part0:2.2 available at C:/Xilinx/Vivado/2024.1/data/xhub/boards/XilinxBoardStore/boards/Xilinx/vmk180/production/2.2/board.xml as part xcvm1802-vsva2197-2mp-e-s specified in board_part file is either invalid or not available
WARNING: [Board 49-26] cannot add Board Part xilinx.com:vmk180:part0:3.0 available at C:/Xilinx/Vivado/2024.1/data/xhub/boards/XilinxBoardStore/boards/Xilinx/vmk180/production/3.0/board.xml as part xcvm1802-vsva2197-2mp-e-s specified in board_part file is either invalid or not available
WARNING: [Board 49-26] cannot add Board Part xilinx.com:vmk180:part0:3.1 available at C:/Xilinx/Vivado/2024.1/data/xhub/boards/XilinxBoardStore/boards/Xilinx/vmk180/production/3.1/board.xml as part xcvm1802-vsva2197-2mp-e-s specified in board_part file is either invalid or not available
WARNING: [Board 49-26] cannot add Board Part xilinx.com:vmk180:part0:3.2 available at C:/Xilinx/Vivado/2024.1/data/xhub/boards/XilinxBoardStore/boards/Xilinx/vmk180/production/3.2/board.xml as part xcvm1802-vsva2197-2mp-e-s specified in board_part file is either invalid or not available
WARNING: [Board 49-26] cannot add Board Part xilinx.com:vmk180_newl:part0:1.0 available at C:/Xilinx/Vivado/2024.1/data/xhub/boards/XilinxBoardStore/boards/Xilinx/vmk180_newl/production/1.0/board.xml as part xcvm1802-vsva2197-2mp-e-s specified in board_part file is either invalid or not available
WARNING: [Board 49-26] cannot add Board Part xilinx.com:vmk180_newl:part0:1.1 available at C:/Xilinx/Vivado/2024.1/data/xhub/boards/XilinxBoardStore/boards/Xilinx/vmk180_newl/production/1.1/board.xml as part xcvm1802-vsva2197-2mp-e-s specified in board_part file is either invalid or not available
WARNING: [Board 49-26] cannot add Board Part xilinx.com:vpk120:part0:1.0 available at C:/Xilinx/Vivado/2024.1/data/xhub/boards/XilinxBoardStore/boards/Xilinx/vpk120/production/1.0/board.xml as part xcvp1202-vsva2785-2mp-e-s specified in board_part file is either invalid or not available
WARNING: [Board 49-26] cannot add Board Part xilinx.com:vpk120:part0:1.1 available at C:/Xilinx/Vivado/2024.1/data/xhub/boards/XilinxBoardStore/boards/Xilinx/vpk120/production/1.1/board.xml as part xcvp1202-vsva2785-2mp-e-s specified in board_part file is either invalid or not available
WARNING: [Board 49-26] cannot add Board Part xilinx.com:vpk120:part0:1.2 available at C:/Xilinx/Vivado/2024.1/data/xhub/boards/XilinxBoardStore/boards/Xilinx/vpk120/production/1.2/board.xml as part xcvp1202-vsva2785-2mp-e-s specified in board_part file is either invalid or not available
WARNING: [Board 49-26] cannot add Board Part xilinx.com:vpk180:part0:1.0 available at C:/Xilinx/Vivado/2024.1/data/xhub/boards/XilinxBoardStore/boards/Xilinx/vpk180/production/1.0/board.xml as part xcvp1802-lsvc4072-2mp-e-s specified in board_part file is either invalid or not available
WARNING: [Board 49-26] cannot add Board Part xilinx.com:vpk180:part0:1.1 available at C:/Xilinx/Vivado/2024.1/data/xhub/boards/XilinxBoardStore/boards/Xilinx/vpk180/production/1.1/board.xml as part xcvp1802-lsvc4072-2mp-e-s specified in board_part file is either invalid or not available
WARNING: [Board 49-26] cannot add Board Part xilinx.com:vpk180:part0:1.2 available at C:/Xilinx/Vivado/2024.1/data/xhub/boards/XilinxBoardStore/boards/Xilinx/vpk180/production/1.2/board.xml as part xcvp1802-lsvc4072-2mp-e-s specified in board_part file is either invalid or not available
WARNING: [Board 49-26] cannot add Board Part xilinx.com:zc702:part0:1.4 available at C:/Xilinx/Vivado/2024.1/data/xhub/boards/XilinxBoardStore/boards/Xilinx/zc702/1.4/board.xml as part xc7z020clg484-1 specified in board_part file is either invalid or not available
WARNING: [Board 49-26] cannot add Board Part xilinx.com:zc706:part0:1.4 available at C:/Xilinx/Vivado/2024.1/data/xhub/boards/XilinxBoardStore/boards/Xilinx/zc706/1.4/board.xml as part xc7z045ffg900-2 specified in board_part file is either invalid or not available
WARNING: [Board 49-26] cannot add Board Part xilinx.com:zcu102:part0:3.3 available at C:/Xilinx/Vivado/2024.1/data/xhub/boards/XilinxBoardStore/boards/Xilinx/zcu102/3.3/board.xml as part xczu9eg-ffvb1156-2-e specified in board_part file is either invalid or not available
WARNING: [Board 49-26] cannot add Board Part xilinx.com:zcu102:part0:3.4 available at C:/Xilinx/Vivado/2024.1/data/xhub/boards/XilinxBoardStore/boards/Xilinx/zcu102/3.4/board.xml as part xczu9eg-ffvb1156-2-e specified in board_part file is either invalid or not available
WARNING: [Board 49-26] cannot add Board Part xilinx.com:zcu104:part0:1.1 available at C:/Xilinx/Vivado/2024.1/data/xhub/boards/XilinxBoardStore/boards/Xilinx/zcu104/1.1/board.xml as part xczu7ev-ffvc1156-2-e specified in board_part file is either invalid or not available
WARNING: [Board 49-26] cannot add Board Part xilinx.com:zcu106:part0:2.4 available at C:/Xilinx/Vivado/2024.1/data/xhub/boards/XilinxBoardStore/boards/Xilinx/zcu106/2.4/board.xml as part xczu7ev-ffvc1156-2-e specified in board_part file is either invalid or not available
WARNING: [Board 49-26] cannot add Board Part xilinx.com:zcu106:part0:2.5 available at C:/Xilinx/Vivado/2024.1/data/xhub/boards/XilinxBoardStore/boards/Xilinx/zcu106/2.5/board.xml as part xczu7ev-ffvc1156-2-e specified in board_part file is either invalid or not available
WARNING: [Board 49-26] cannot add Board Part xilinx.com:zcu106:part0:2.6 available at C:/Xilinx/Vivado/2024.1/data/xhub/boards/XilinxBoardStore/boards/Xilinx/zcu106/2.6/board.xml as part xczu7ev-ffvc1156-2-e specified in board_part file is either invalid or not available
WARNING: [Board 49-26] cannot add Board Part xilinx.com:zcu111:part0:1.2 available at C:/Xilinx/Vivado/2024.1/data/xhub/boards/XilinxBoardStore/boards/Xilinx/zcu111/1.2/board.xml as part xczu28dr-ffvg1517-2-e specified in board_part file is either invalid or not available
WARNING: [Board 49-26] cannot add Board Part xilinx.com:zcu111:part0:1.3 available at C:/Xilinx/Vivado/2024.1/data/xhub/boards/XilinxBoardStore/boards/Xilinx/zcu111/1.3/board.xml as part xczu28dr-ffvg1517-2-e specified in board_part file is either invalid or not available
WARNING: [Board 49-26] cannot add Board Part xilinx.com:zcu111:part0:1.4 available at C:/Xilinx/Vivado/2024.1/data/xhub/boards/XilinxBoardStore/boards/Xilinx/zcu111/1.4/board.xml as part xczu28dr-ffvg1517-2-e specified in board_part file is either invalid or not available
WARNING: [Board 49-26] cannot add Board Part xilinx.com:zcu1275:part0:1.0 available at C:/Xilinx/Vivado/2024.1/data/xhub/boards/XilinxBoardStore/boards/Xilinx/zcu1275/1.0/board.xml as part xczu29dr-ffvf1760-2-e specified in board_part file is either invalid or not available
WARNING: [Board 49-26] cannot add Board Part xilinx.com:zcu1285:part0:1.0 available at C:/Xilinx/Vivado/2024.1/data/xhub/boards/XilinxBoardStore/boards/Xilinx/zcu1285/1.0/board.xml as part xczu39dr-ffvf1760-2-i specified in board_part file is either invalid or not available
WARNING: [Board 49-26] cannot add Board Part xilinx.com:zcu208:part0:2.0 available at C:/Xilinx/Vivado/2024.1/data/xhub/boards/XilinxBoardStore/boards/Xilinx/zcu208/production/2.0/board.xml as part xczu48dr-fsvg1517-2-e specified in board_part file is either invalid or not available
WARNING: [Board 49-26] cannot add Board Part xilinx.com:zcu208ld:part0:2.0 available at C:/Xilinx/Vivado/2024.1/data/xhub/boards/XilinxBoardStore/boards/Xilinx/zcu208ld/production/2.0/board.xml as part xczu58dr-fsvg1517-2-i specified in board_part file is either invalid or not available
WARNING: [Board 49-26] cannot add Board Part xilinx.com:zcu216:part0:2.0 available at C:/Xilinx/Vivado/2024.1/data/xhub/boards/XilinxBoardStore/boards/Xilinx/zcu216/production/2.0/board.xml as part xczu49dr-ffvf1760-2-e specified in board_part file is either invalid or not available
WARNING: [Board 49-26] cannot add Board Part xilinx.com:zcu216ld:part0:2.0 available at C:/Xilinx/Vivado/2024.1/data/xhub/boards/XilinxBoardStore/boards/Xilinx/zcu216ld/production/2.0/board.xml as part xczu59dr-ffvf1760-2-i specified in board_part file is either invalid or not available
WARNING: [Board 49-26] cannot add Board Part xilinx.com:zcu670:part0:2.0 available at C:/Xilinx/Vivado/2024.1/data/xhub/boards/XilinxBoardStore/boards/Xilinx/zcu670/2.0/board.xml as part xczu67dr-fsve1156-2-i specified in board_part file is either invalid or not available
WARNING: [Board 49-26] cannot add Board Part xilinx.com:zcu670ld:part0:1.0 available at C:/Xilinx/Vivado/2024.1/data/xhub/boards/XilinxBoardStore/boards/Xilinx/zcu670ld/1.0/board.xml as part xczu57dr-fsve1156-2-i specified in board_part file is either invalid or not available
INFO: [filemgmt 56-3] Default IP Output Path : Could not find the directory 'C:/Users/LENOVO/Documents/GitHub/Trabajo-SED/Trabajo_SED/Trabajo_SED.gen/sources_1'.
Scanning sources...
Finished scanning sources
INFO: [IP_Flow 19-234] Refreshing IP repositories
INFO: [IP_Flow 19-1704] No user IP repositories specified
INFO: [IP_Flow 19-2313] Loaded Vivado IP repository 'C:/Xilinx/Vivado/2024.1/data/ip'.
open_project: Time (s): cpu = 00:00:28 ; elapsed = 00:00:12 . Memory (MB): peak = 1496.602 ; gain = 434.152
update_compile_order -fileset sources_1
synth_design -top top -part xc7a100tcsg324-1 -lint 
Command: synth_design -top top -part xc7a100tcsg324-1 -lint
Starting synth_design
Attempting to get a license for feature 'Synthesis' and/or device 'xc7a100t'
INFO: [Common 17-349] Got license for feature 'Synthesis' and/or device 'xc7a100t'
INFO: [Synth 8-7079] Multithreading enabled for synth_design using a maximum of 2 processes.
INFO: [Synth 8-7078] Launching helper process for spawning children vivado processes
INFO: [Synth 8-7075] Helper process launched with PID 13496
---------------------------------------------------------------------------------
Starting Synthesize : Time (s): cpu = 00:00:07 ; elapsed = 00:00:06 . Memory (MB): peak = 1942.887 ; gain = 425.066
---------------------------------------------------------------------------------
Clean up Linter database...
INFO: [Synth 8-638] synthesizing module 'top' [C:/Users/LENOVO/Documents/GitHub/Trabajo-SED/Trabajo_SED/Trabajo_SED.srcs/sources_1/new/top.vhd:19]
INFO: [Synth 8-3491] module 'boton_reset' declared at 'C:/Users/LENOVO/Documents/GitHub/Trabajo-SED/Trabajo_SED/Trabajo_SED.srcs/sources_1/new/boton_reset.vhd:5' bound to instance 'Inst_boton_reset' of component 'boton_reset' [C:/Users/LENOVO/Documents/GitHub/Trabajo-SED/Trabajo_SED/Trabajo_SED.srcs/sources_1/new/top.vhd:83]
INFO: [Synth 8-638] synthesizing module 'boton_reset' [C:/Users/LENOVO/Documents/GitHub/Trabajo-SED/Trabajo_SED/Trabajo_SED.srcs/sources_1/new/boton_reset.vhd:13]
INFO: [Synth 8-3491] module 'SYNCHRNZR' declared at 'C:/Users/LENOVO/Documents/GitHub/Trabajo-SED/Trabajo_SED/Trabajo_SED.srcs/sources_1/new/SYNCHRNZR.vhd:3' bound to instance 'Inst_SYNCHRNZR' of component 'SYNCHRNZR' [C:/Users/LENOVO/Documents/GitHub/Trabajo-SED/Trabajo_SED/Trabajo_SED.srcs/sources_1/new/boton_reset.vhd:36]
INFO: [Synth 8-638] synthesizing module 'SYNCHRNZR' [C:/Users/LENOVO/Documents/GitHub/Trabajo-SED/Trabajo_SED/Trabajo_SED.srcs/sources_1/new/SYNCHRNZR.vhd:10]
INFO: [Synth 8-256] done synthesizing module 'SYNCHRNZR' (1#1) [C:/Users/LENOVO/Documents/GitHub/Trabajo-SED/Trabajo_SED/Trabajo_SED.srcs/sources_1/new/SYNCHRNZR.vhd:10]
INFO: [Synth 8-3491] module 'EDGEDTCTR' declared at 'C:/Users/LENOVO/Documents/GitHub/Trabajo-SED/Trabajo_SED/Trabajo_SED.srcs/sources_1/new/edgedtctr.vhd:3' bound to instance 'Inst_EDGEDTCTR' of component 'EDGEDTCTR' [C:/Users/LENOVO/Documents/GitHub/Trabajo-SED/Trabajo_SED/Trabajo_SED.srcs/sources_1/new/boton_reset.vhd:42]
INFO: [Synth 8-638] synthesizing module 'EDGEDTCTR' [C:/Users/LENOVO/Documents/GitHub/Trabajo-SED/Trabajo_SED/Trabajo_SED.srcs/sources_1/new/edgedtctr.vhd:11]
INFO: [Synth 8-256] done synthesizing module 'EDGEDTCTR' (2#1) [C:/Users/LENOVO/Documents/GitHub/Trabajo-SED/Trabajo_SED/Trabajo_SED.srcs/sources_1/new/edgedtctr.vhd:11]
INFO: [Synth 8-256] done synthesizing module 'boton_reset' (3#1) [C:/Users/LENOVO/Documents/GitHub/Trabajo-SED/Trabajo_SED/Trabajo_SED.srcs/sources_1/new/boton_reset.vhd:13]
INFO: [Synth 8-3491] module 'control_display' declared at 'C:/Users/LENOVO/Documents/GitHub/Trabajo-SED/Trabajo_SED/Trabajo_SED.srcs/sources_1/imports/new/control_display.vhd:5' bound to instance 'Inst_control_display' of component 'control_display' [C:/Users/LENOVO/Documents/GitHub/Trabajo-SED/Trabajo_SED/Trabajo_SED.srcs/sources_1/new/top.vhd:90]
INFO: [Synth 8-638] synthesizing module 'control_display' [C:/Users/LENOVO/Documents/GitHub/Trabajo-SED/Trabajo_SED/Trabajo_SED.srcs/sources_1/imports/new/control_display.vhd:17]
INFO: [Synth 8-3491] module 'entero_bcd' declared at 'C:/Users/LENOVO/Documents/GitHub/Trabajo-SED/Trabajo_SED/Trabajo_SED.srcs/sources_1/imports/new/entero_bcd.vhd:26' bound to instance 'Inst_entero_bcd' of component 'entero_bcd' [C:/Users/LENOVO/Documents/GitHub/Trabajo-SED/Trabajo_SED/Trabajo_SED.srcs/sources_1/imports/new/control_display.vhd:42]
INFO: [Synth 8-638] synthesizing module 'entero_bcd' [C:/Users/LENOVO/Documents/GitHub/Trabajo-SED/Trabajo_SED/Trabajo_SED.srcs/sources_1/imports/new/entero_bcd.vhd:36]
INFO: [Synth 8-256] done synthesizing module 'entero_bcd' (4#1) [C:/Users/LENOVO/Documents/GitHub/Trabajo-SED/Trabajo_SED/Trabajo_SED.srcs/sources_1/imports/new/entero_bcd.vhd:36]
INFO: [Synth 8-3491] module 'decoder' declared at 'C:/Users/LENOVO/Documents/GitHub/Trabajo-SED/Trabajo_SED/Trabajo_SED.srcs/sources_1/imports/new/decoder.vhd:34' bound to instance 'Inst_decoder' of component 'decoder' [C:/Users/LENOVO/Documents/GitHub/Trabajo-SED/Trabajo_SED/Trabajo_SED.srcs/sources_1/imports/new/control_display.vhd:76]
INFO: [Synth 8-638] synthesizing module 'decoder' [C:/Users/LENOVO/Documents/GitHub/Trabajo-SED/Trabajo_SED/Trabajo_SED.srcs/sources_1/imports/new/decoder.vhd:39]
INFO: [Synth 8-256] done synthesizing module 'decoder' (5#1) [C:/Users/LENOVO/Documents/GitHub/Trabajo-SED/Trabajo_SED/Trabajo_SED.srcs/sources_1/imports/new/decoder.vhd:39]
INFO: [Synth 8-256] done synthesizing module 'control_display' (6#1) [C:/Users/LENOVO/Documents/GitHub/Trabajo-SED/Trabajo_SED/Trabajo_SED.srcs/sources_1/imports/new/control_display.vhd:17]
INFO: [Synth 8-3491] module 'interruptores' declared at 'C:/Users/LENOVO/Documents/GitHub/Trabajo-SED/Trabajo_SED/Trabajo_SED.srcs/sources_1/new/interruptores.vhd:4' bound to instance 'Inst_interruptores' of component 'interruptores' [C:/Users/LENOVO/Documents/GitHub/Trabajo-SED/Trabajo_SED/Trabajo_SED.srcs/sources_1/new/top.vhd:99]
INFO: [Synth 8-638] synthesizing module 'interruptores' [C:/Users/LENOVO/Documents/GitHub/Trabajo-SED/Trabajo_SED/Trabajo_SED.srcs/sources_1/new/interruptores.vhd:12]
INFO: [Synth 8-3491] module 'SYNCHRNZR' declared at 'C:/Users/LENOVO/Documents/GitHub/Trabajo-SED/Trabajo_SED/Trabajo_SED.srcs/sources_1/new/SYNCHRNZR.vhd:3' bound to instance 'Inst_SYNCHRNZR_3' of component 'SYNCHRNZR' [C:/Users/LENOVO/Documents/GitHub/Trabajo-SED/Trabajo_SED/Trabajo_SED.srcs/sources_1/new/interruptores.vhd:33]
INFO: [Synth 8-3491] module 'SYNCHRNZR' declared at 'C:/Users/LENOVO/Documents/GitHub/Trabajo-SED/Trabajo_SED/Trabajo_SED.srcs/sources_1/new/SYNCHRNZR.vhd:3' bound to instance 'Inst_SYNCHRNZR_2' of component 'SYNCHRNZR' [C:/Users/LENOVO/Documents/GitHub/Trabajo-SED/Trabajo_SED/Trabajo_SED.srcs/sources_1/new/interruptores.vhd:38]
INFO: [Synth 8-3491] module 'SYNCHRNZR' declared at 'C:/Users/LENOVO/Documents/GitHub/Trabajo-SED/Trabajo_SED/Trabajo_SED.srcs/sources_1/new/SYNCHRNZR.vhd:3' bound to instance 'Inst_SYNCHRNZR_1' of component 'SYNCHRNZR' [C:/Users/LENOVO/Documents/GitHub/Trabajo-SED/Trabajo_SED/Trabajo_SED.srcs/sources_1/new/interruptores.vhd:43]
INFO: [Synth 8-3491] module 'SYNCHRNZR' declared at 'C:/Users/LENOVO/Documents/GitHub/Trabajo-SED/Trabajo_SED/Trabajo_SED.srcs/sources_1/new/SYNCHRNZR.vhd:3' bound to instance 'Inst_SYNCHRNZR_0' of component 'SYNCHRNZR' [C:/Users/LENOVO/Documents/GitHub/Trabajo-SED/Trabajo_SED/Trabajo_SED.srcs/sources_1/new/interruptores.vhd:48]
INFO: [Synth 8-3491] module 'EDGEDTCTR' declared at 'C:/Users/LENOVO/Documents/GitHub/Trabajo-SED/Trabajo_SED/Trabajo_SED.srcs/sources_1/new/edgedtctr.vhd:3' bound to instance 'Inst_EDGEDTCTR_3' of component 'EDGEDTCTR' [C:/Users/LENOVO/Documents/GitHub/Trabajo-SED/Trabajo_SED/Trabajo_SED.srcs/sources_1/new/interruptores.vhd:54]
INFO: [Synth 8-3491] module 'EDGEDTCTR' declared at 'C:/Users/LENOVO/Documents/GitHub/Trabajo-SED/Trabajo_SED/Trabajo_SED.srcs/sources_1/new/edgedtctr.vhd:3' bound to instance 'Inst_EDGEDTCTR_2' of component 'EDGEDTCTR' [C:/Users/LENOVO/Documents/GitHub/Trabajo-SED/Trabajo_SED/Trabajo_SED.srcs/sources_1/new/interruptores.vhd:59]
INFO: [Synth 8-3491] module 'EDGEDTCTR' declared at 'C:/Users/LENOVO/Documents/GitHub/Trabajo-SED/Trabajo_SED/Trabajo_SED.srcs/sources_1/new/edgedtctr.vhd:3' bound to instance 'Inst_EDGEDTCTR_1' of component 'EDGEDTCTR' [C:/Users/LENOVO/Documents/GitHub/Trabajo-SED/Trabajo_SED/Trabajo_SED.srcs/sources_1/new/interruptores.vhd:64]
INFO: [Synth 8-3491] module 'EDGEDTCTR' declared at 'C:/Users/LENOVO/Documents/GitHub/Trabajo-SED/Trabajo_SED/Trabajo_SED.srcs/sources_1/new/edgedtctr.vhd:3' bound to instance 'Inst_EDGEDTCTR_0' of component 'EDGEDTCTR' [C:/Users/LENOVO/Documents/GitHub/Trabajo-SED/Trabajo_SED/Trabajo_SED.srcs/sources_1/new/interruptores.vhd:69]
INFO: [Synth 8-256] done synthesizing module 'interruptores' (7#1) [C:/Users/LENOVO/Documents/GitHub/Trabajo-SED/Trabajo_SED/Trabajo_SED.srcs/sources_1/new/interruptores.vhd:12]
INFO: [Synth 8-3491] module 'FSM' declared at 'C:/Users/LENOVO/Documents/GitHub/Trabajo-SED/Trabajo_SED/Trabajo_SED.srcs/sources_1/new/FSM.vhd:5' bound to instance 'Inst_FSM' of component 'FSM' [C:/Users/LENOVO/Documents/GitHub/Trabajo-SED/Trabajo_SED/Trabajo_SED.srcs/sources_1/new/top.vhd:105]
INFO: [Synth 8-638] synthesizing module 'FSM' [C:/Users/LENOVO/Documents/GitHub/Trabajo-SED/Trabajo_SED/Trabajo_SED.srcs/sources_1/new/FSM.vhd:16]
INFO: [Synth 8-3491] module 'FSM_principal' declared at 'C:/Users/LENOVO/Documents/GitHub/Trabajo-SED/Trabajo_SED/Trabajo_SED.srcs/sources_1/new/FSM_principal.vhd:5' bound to instance 'FSM_Master' of component 'FSM_principal' [C:/Users/LENOVO/Documents/GitHub/Trabajo-SED/Trabajo_SED/Trabajo_SED.srcs/sources_1/new/FSM.vhd:47]
INFO: [Synth 8-638] synthesizing module 'FSM_principal' [C:/Users/LENOVO/Documents/GitHub/Trabajo-SED/Trabajo_SED/Trabajo_SED.srcs/sources_1/new/FSM_principal.vhd:18]
WARNING: [Synth 8-614] signal 'i_cantidad_a_devolver' is read in the process but is not in the sensitivity list [C:/Users/LENOVO/Documents/GitHub/Trabajo-SED/Trabajo_SED/Trabajo_SED.srcs/sources_1/new/FSM_principal.vhd:42]
WARNING: [Synth 8-614] signal 'importe' is read in the process but is not in the sensitivity list [C:/Users/LENOVO/Documents/GitHub/Trabajo-SED/Trabajo_SED/Trabajo_SED.srcs/sources_1/new/FSM_principal.vhd:88]
WARNING: [Synth 8-614] signal 'precio' is read in the process but is not in the sensitivity list [C:/Users/LENOVO/Documents/GitHub/Trabajo-SED/Trabajo_SED/Trabajo_SED.srcs/sources_1/new/FSM_principal.vhd:88]
WARNING: [Synth 8-614] signal 'producto_seleccionado' is read in the process but is not in the sensitivity list [C:/Users/LENOVO/Documents/GitHub/Trabajo-SED/Trabajo_SED/Trabajo_SED.srcs/sources_1/new/FSM_principal.vhd:88]
INFO: [Synth 8-256] done synthesizing module 'FSM_principal' (8#1) [C:/Users/LENOVO/Documents/GitHub/Trabajo-SED/Trabajo_SED/Trabajo_SED.srcs/sources_1/new/FSM_principal.vhd:18]
INFO: [Synth 8-3491] module 'devolver_el_dinero' declared at 'C:/Users/LENOVO/Documents/GitHub/Trabajo-SED/Trabajo_SED/Trabajo_SED.srcs/sources_1/new/devolver_el_dinero.vhd:5' bound to instance 'FSM_Slave' of component 'devolver_el_dinero' [C:/Users/LENOVO/Documents/GitHub/Trabajo-SED/Trabajo_SED/Trabajo_SED.srcs/sources_1/new/FSM.vhd:59]
INFO: [Synth 8-638] synthesizing module 'devolver_el_dinero' [C:/Users/LENOVO/Documents/GitHub/Trabajo-SED/Trabajo_SED/Trabajo_SED.srcs/sources_1/new/devolver_el_dinero.vhd:14]
WARNING: [Synth 8-614] signal 'enable' is read in the process but is not in the sensitivity list [C:/Users/LENOVO/Documents/GitHub/Trabajo-SED/Trabajo_SED/Trabajo_SED.srcs/sources_1/new/devolver_el_dinero.vhd:24]
WARNING: [Synth 8-614] signal 'dinero_restante' is read in the process but is not in the sensitivity list [C:/Users/LENOVO/Documents/GitHub/Trabajo-SED/Trabajo_SED/Trabajo_SED.srcs/sources_1/new/devolver_el_dinero.vhd:36]
WARNING: [Synth 8-614] signal 'cantidad' is read in the process but is not in the sensitivity list [C:/Users/LENOVO/Documents/GitHub/Trabajo-SED/Trabajo_SED/Trabajo_SED.srcs/sources_1/new/devolver_el_dinero.vhd:50]
WARNING: [Synth 8-614] signal 'dinero_restante' is read in the process but is not in the sensitivity list [C:/Users/LENOVO/Documents/GitHub/Trabajo-SED/Trabajo_SED/Trabajo_SED.srcs/sources_1/new/devolver_el_dinero.vhd:50]
INFO: [Synth 8-256] done synthesizing module 'devolver_el_dinero' (9#1) [C:/Users/LENOVO/Documents/GitHub/Trabajo-SED/Trabajo_SED/Trabajo_SED.srcs/sources_1/new/devolver_el_dinero.vhd:14]
INFO: [Synth 8-256] done synthesizing module 'FSM' (10#1) [C:/Users/LENOVO/Documents/GitHub/Trabajo-SED/Trabajo_SED/Trabajo_SED.srcs/sources_1/new/FSM.vhd:16]
INFO: [Synth 8-3491] module 'CONTADOR_DE_MONEDAS' declared at 'C:/Users/LENOVO/Documents/GitHub/Trabajo-SED/Trabajo_SED/Trabajo_SED.srcs/sources_1/new/CONTADOR_DE_MONEDAS.vhd:3' bound to instance 'Inst_CONTADOR_DE_MONEDAS' of component 'CONTADOR_DE_MONEDAS' [C:/Users/LENOVO/Documents/GitHub/Trabajo-SED/Trabajo_SED/Trabajo_SED.srcs/sources_1/new/top.vhd:116]
INFO: [Synth 8-638] synthesizing module 'CONTADOR_DE_MONEDAS' [C:/Users/LENOVO/Documents/GitHub/Trabajo-SED/Trabajo_SED/Trabajo_SED.srcs/sources_1/new/CONTADOR_DE_MONEDAS.vhd:12]
INFO: [Synth 8-3491] module 'decodificador_moneda' declared at 'C:/Users/LENOVO/Documents/GitHub/Trabajo-SED/Trabajo_SED/Trabajo_SED.srcs/sources_1/new/decodificador_moneda.vhd:14' bound to instance 'Inst_decodificador_moneda' of component 'decodificador_moneda' [C:/Users/LENOVO/Documents/GitHub/Trabajo-SED/Trabajo_SED/Trabajo_SED.srcs/sources_1/new/CONTADOR_DE_MONEDAS.vhd:35]
INFO: [Synth 8-638] synthesizing module 'decodificador_moneda' [C:/Users/LENOVO/Documents/GitHub/Trabajo-SED/Trabajo_SED/Trabajo_SED.srcs/sources_1/new/decodificador_moneda.vhd:19]
INFO: [Synth 8-256] done synthesizing module 'decodificador_moneda' (11#1) [C:/Users/LENOVO/Documents/GitHub/Trabajo-SED/Trabajo_SED/Trabajo_SED.srcs/sources_1/new/decodificador_moneda.vhd:19]
INFO: [Synth 8-3491] module 'sumadordemonedas' declared at 'C:/Users/LENOVO/Documents/GitHub/Trabajo-SED/Trabajo_SED/Trabajo_SED.srcs/sources_1/new/contadordemonedas.vhd:5' bound to instance 'Inst_sumadordemonedas' of component 'sumadordemonedas' [C:/Users/LENOVO/Documents/GitHub/Trabajo-SED/Trabajo_SED/Trabajo_SED.srcs/sources_1/new/CONTADOR_DE_MONEDAS.vhd:40]
INFO: [Synth 8-638] synthesizing module 'sumadordemonedas' [C:/Users/LENOVO/Documents/GitHub/Trabajo-SED/Trabajo_SED/Trabajo_SED.srcs/sources_1/new/contadordemonedas.vhd:13]
WARNING: [Synth 8-614] signal 'enable' is read in the process but is not in the sensitivity list [C:/Users/LENOVO/Documents/GitHub/Trabajo-SED/Trabajo_SED/Trabajo_SED.srcs/sources_1/new/contadordemonedas.vhd:16]
INFO: [Synth 8-256] done synthesizing module 'sumadordemonedas' (12#1) [C:/Users/LENOVO/Documents/GitHub/Trabajo-SED/Trabajo_SED/Trabajo_SED.srcs/sources_1/new/contadordemonedas.vhd:13]
WARNING: [Synth 8-7043] port width mismatch for port 'cuenta': port width = 8, actual width = 7 (integer) [C:/Users/LENOVO/Documents/GitHub/Trabajo-SED/Trabajo_SED/Trabajo_SED.srcs/sources_1/new/CONTADOR_DE_MONEDAS.vhd:45]
INFO: [Synth 8-256] done synthesizing module 'CONTADOR_DE_MONEDAS' (13#1) [C:/Users/LENOVO/Documents/GitHub/Trabajo-SED/Trabajo_SED/Trabajo_SED.srcs/sources_1/new/CONTADOR_DE_MONEDAS.vhd:12]
WARNING: [Synth 8-7043] port width mismatch for port 'total': port width = 7, actual width = 32 (integer) [C:/Users/LENOVO/Documents/GitHub/Trabajo-SED/Trabajo_SED/Trabajo_SED.srcs/sources_1/new/top.vhd:122]
INFO: [Synth 8-3491] module 'pulsadores' declared at 'C:/Users/LENOVO/Documents/GitHub/Trabajo-SED/Trabajo_SED/Trabajo_SED.srcs/sources_1/new/pulsadores.vhd:5' bound to instance 'Inst_pulsadores' of component 'pulsadores' [C:/Users/LENOVO/Documents/GitHub/Trabajo-SED/Trabajo_SED/Trabajo_SED.srcs/sources_1/new/top.vhd:124]
INFO: [Synth 8-638] synthesizing module 'pulsadores' [C:/Users/LENOVO/Documents/GitHub/Trabajo-SED/Trabajo_SED/Trabajo_SED.srcs/sources_1/new/pulsadores.vhd:13]
INFO: [Synth 8-3491] module 'SYNCHRNZR' declared at 'C:/Users/LENOVO/Documents/GitHub/Trabajo-SED/Trabajo_SED/Trabajo_SED.srcs/sources_1/new/SYNCHRNZR.vhd:3' bound to instance 'Inst_SYNCHRNZR_1' of component 'SYNCHRNZR' [C:/Users/LENOVO/Documents/GitHub/Trabajo-SED/Trabajo_SED/Trabajo_SED.srcs/sources_1/new/pulsadores.vhd:36]
INFO: [Synth 8-3491] module 'SYNCHRNZR' declared at 'C:/Users/LENOVO/Documents/GitHub/Trabajo-SED/Trabajo_SED/Trabajo_SED.srcs/sources_1/new/SYNCHRNZR.vhd:3' bound to instance 'Inst_SYNCHRNZR_2' of component 'SYNCHRNZR' [C:/Users/LENOVO/Documents/GitHub/Trabajo-SED/Trabajo_SED/Trabajo_SED.srcs/sources_1/new/pulsadores.vhd:41]
INFO: [Synth 8-3491] module 'EDGEDTCTR' declared at 'C:/Users/LENOVO/Documents/GitHub/Trabajo-SED/Trabajo_SED/Trabajo_SED.srcs/sources_1/new/edgedtctr.vhd:3' bound to instance 'Inst_EDGEDTCTR_1' of component 'EDGEDTCTR' [C:/Users/LENOVO/Documents/GitHub/Trabajo-SED/Trabajo_SED/Trabajo_SED.srcs/sources_1/new/pulsadores.vhd:47]
INFO: [Synth 8-3491] module 'EDGEDTCTR' declared at 'C:/Users/LENOVO/Documents/GitHub/Trabajo-SED/Trabajo_SED/Trabajo_SED.srcs/sources_1/new/edgedtctr.vhd:3' bound to instance 'Inst_EDGEDTCTR_2' of component 'EDGEDTCTR' [C:/Users/LENOVO/Documents/GitHub/Trabajo-SED/Trabajo_SED/Trabajo_SED.srcs/sources_1/new/pulsadores.vhd:53]
INFO: [Synth 8-256] done synthesizing module 'pulsadores' (14#1) [C:/Users/LENOVO/Documents/GitHub/Trabajo-SED/Trabajo_SED/Trabajo_SED.srcs/sources_1/new/pulsadores.vhd:13]
INFO: [Synth 8-256] done synthesizing module 'top' (15#1) [C:/Users/LENOVO/Documents/GitHub/Trabajo-SED/Trabajo_SED/Trabajo_SED.srcs/sources_1/new/top.vhd:19]
---------------------------------------------------------------------------------
Finished Synthesize : Time (s): cpu = 00:00:09 ; elapsed = 00:00:08 . Memory (MB): peak = 2052.316 ; gain = 534.496
---------------------------------------------------------------------------------
Copyright 1986-2022 Xilinx, Inc. All Rights Reserved. Copyright 2022-2024 Advanced Micro Devices, Inc. All Rights Reserved.
---------------------------------------------------------------------------------------------------------------------------------------------
| Tool Version : Vivado v.2024.1 (win64) Build 5076996 Wed May 22 18:37:14 MDT 2024
| Date         : Fri Dec 20 22:18:27 2024
| Host         : AMELIE running 64-bit major release  (build 9200)
---------------------------------------------------------------------------------------------------------------------------------------------

RTL Linter Report

Table of Contents
-----------------
1. Summary

1. Summary
----------

+----------+----------+--------------+----------+
| Rule ID  | Severity | # Violations | # Waived |
+----------+----------+--------------+----------+
| ASSIGN-9 | WARNING  | 1            | 0        |
| INFER-1  | WARNING  | 5            | 0        |
| INFER-4  | WARNING  | 1            | 0        |
+----------+----------+--------------+----------+


WARNING: [Synth 37-126] [ASSIGN-9]Some bits in IO 'cuenta' are not set. First unset bit index is 7. 
RTL Name 'cuenta', Hierarchy 'CONTADOR_DE_MONEDAS', File 'CONTADOR_DE_MONEDAS.vhd', Line 22.
WARNING: [Synth 37-88] [INFER-1]Inferred latch found for i_cantidad_a_devolver_reg. 
RTL Name 'i_cantidad_a_devolver_reg', Hierarchy 'FSM_principal', File 'C:/Users/LENOVO/Documents/GitHub/Trabajo-SED/Trabajo_SED/Trabajo_SED.srcs/sources_1/new/FSM_principal.vhd', Line 94.
WARNING: [Synth 37-88] [INFER-1]Inferred latch found for next_state_reg. 
RTL Name 'next_state_reg', Hierarchy 'FSM_principal', File 'C:/Users/LENOVO/Documents/GitHub/Trabajo-SED/Trabajo_SED/Trabajo_SED.srcs/sources_1/new/FSM_principal.vhd', Line 38.
WARNING: [Synth 37-88] [INFER-1]Inferred latch found for precio_reg. 
RTL Name 'precio_reg', Hierarchy 'FSM_principal', File 'C:/Users/LENOVO/Documents/GitHub/Trabajo-SED/Trabajo_SED/Trabajo_SED.srcs/sources_1/new/FSM_principal.vhd', Line 60.
WARNING: [Synth 37-88] [INFER-1]Inferred latch found for producto_seleccionado_reg. 
RTL Name 'producto_seleccionado_reg', Hierarchy 'FSM_principal', File 'C:/Users/LENOVO/Documents/GitHub/Trabajo-SED/Trabajo_SED/Trabajo_SED.srcs/sources_1/new/FSM_principal.vhd', Line 61.
WARNING: [Synth 37-88] [INFER-1]Inferred latch found for dinero_restante_reg. 
RTL Name 'dinero_restante_reg', Hierarchy 'devolver_el_dinero', File 'C:/Users/LENOVO/Documents/GitHub/Trabajo-SED/Trabajo_SED/Trabajo_SED.srcs/sources_1/new/devolver_el_dinero.vhd', Line 55.
WARNING: [Synth 37-113] [INFER-4]Combination loop detected on 'dinero_restante' at '0' bit. 
Hierarchy 'devolver_el_dinero', File 'C:/Users/LENOVO/Documents/GitHub/Trabajo-SED/Trabajo_SED/Trabajo_SED.srcs/sources_1/new/devolver_el_dinero.vhd', Line 19.
INFO: [Synth 37-85] Total of 7 linter message(s) generated.
INFO: [Synth 37-45] Linter Run Finished!
Synthesis Optimization Runtime : Time (s): cpu = 00:00:09 ; elapsed = 00:00:08 . Memory (MB): peak = 2052.316 ; gain = 534.496
INFO: [Common 17-83] Releasing license: Synthesis
63 Infos, 18 Warnings, 0 Critical Warnings and 0 Errors encountered.
synth_design completed successfully
synth_design: Time (s): cpu = 00:00:09 ; elapsed = 00:00:09 . Memory (MB): peak = 2052.316 ; gain = 534.496
synth_design -rtl -rtl_skip_mlo -name rtl_1
Command: synth_design -rtl -rtl_skip_mlo -name rtl_1
Starting synth_design
Using part: xc7a100tcsg324-1
Top: top
INFO: [Device 21-403] Loading part xc7a100tcsg324-1
INFO: [Device 21-9227] Part: xc7a100tcsg324-1 does not have CEAM library.
INFO: [Synth 8-7079] Multithreading enabled for synth_design using a maximum of 2 processes.
---------------------------------------------------------------------------------
Starting RTL Elaboration : Time (s): cpu = 00:00:08 ; elapsed = 00:00:07 . Memory (MB): peak = 2358.500 ; gain = 120.289
---------------------------------------------------------------------------------
INFO: [Synth 8-638] synthesizing module 'top' [C:/Users/LENOVO/Documents/GitHub/Trabajo-SED/Trabajo_SED/Trabajo_SED.srcs/sources_1/new/top.vhd:19]
INFO: [Synth 8-3491] module 'boton_reset' declared at 'C:/Users/LENOVO/Documents/GitHub/Trabajo-SED/Trabajo_SED/Trabajo_SED.srcs/sources_1/new/boton_reset.vhd:5' bound to instance 'Inst_boton_reset' of component 'boton_reset' [C:/Users/LENOVO/Documents/GitHub/Trabajo-SED/Trabajo_SED/Trabajo_SED.srcs/sources_1/new/top.vhd:83]
INFO: [Synth 8-638] synthesizing module 'boton_reset' [C:/Users/LENOVO/Documents/GitHub/Trabajo-SED/Trabajo_SED/Trabajo_SED.srcs/sources_1/new/boton_reset.vhd:13]
INFO: [Synth 8-3491] module 'SYNCHRNZR' declared at 'C:/Users/LENOVO/Documents/GitHub/Trabajo-SED/Trabajo_SED/Trabajo_SED.srcs/sources_1/new/SYNCHRNZR.vhd:3' bound to instance 'Inst_SYNCHRNZR' of component 'SYNCHRNZR' [C:/Users/LENOVO/Documents/GitHub/Trabajo-SED/Trabajo_SED/Trabajo_SED.srcs/sources_1/new/boton_reset.vhd:36]
INFO: [Synth 8-638] synthesizing module 'SYNCHRNZR' [C:/Users/LENOVO/Documents/GitHub/Trabajo-SED/Trabajo_SED/Trabajo_SED.srcs/sources_1/new/SYNCHRNZR.vhd:10]
INFO: [Synth 8-256] done synthesizing module 'SYNCHRNZR' (0#1) [C:/Users/LENOVO/Documents/GitHub/Trabajo-SED/Trabajo_SED/Trabajo_SED.srcs/sources_1/new/SYNCHRNZR.vhd:10]
INFO: [Synth 8-3491] module 'EDGEDTCTR' declared at 'C:/Users/LENOVO/Documents/GitHub/Trabajo-SED/Trabajo_SED/Trabajo_SED.srcs/sources_1/new/edgedtctr.vhd:3' bound to instance 'Inst_EDGEDTCTR' of component 'EDGEDTCTR' [C:/Users/LENOVO/Documents/GitHub/Trabajo-SED/Trabajo_SED/Trabajo_SED.srcs/sources_1/new/boton_reset.vhd:42]
INFO: [Synth 8-638] synthesizing module 'EDGEDTCTR' [C:/Users/LENOVO/Documents/GitHub/Trabajo-SED/Trabajo_SED/Trabajo_SED.srcs/sources_1/new/edgedtctr.vhd:11]
INFO: [Synth 8-256] done synthesizing module 'EDGEDTCTR' (0#1) [C:/Users/LENOVO/Documents/GitHub/Trabajo-SED/Trabajo_SED/Trabajo_SED.srcs/sources_1/new/edgedtctr.vhd:11]
INFO: [Synth 8-256] done synthesizing module 'boton_reset' (0#1) [C:/Users/LENOVO/Documents/GitHub/Trabajo-SED/Trabajo_SED/Trabajo_SED.srcs/sources_1/new/boton_reset.vhd:13]
INFO: [Synth 8-3491] module 'control_display' declared at 'C:/Users/LENOVO/Documents/GitHub/Trabajo-SED/Trabajo_SED/Trabajo_SED.srcs/sources_1/imports/new/control_display.vhd:5' bound to instance 'Inst_control_display' of component 'control_display' [C:/Users/LENOVO/Documents/GitHub/Trabajo-SED/Trabajo_SED/Trabajo_SED.srcs/sources_1/new/top.vhd:90]
INFO: [Synth 8-638] synthesizing module 'control_display' [C:/Users/LENOVO/Documents/GitHub/Trabajo-SED/Trabajo_SED/Trabajo_SED.srcs/sources_1/imports/new/control_display.vhd:17]
INFO: [Synth 8-3491] module 'entero_bcd' declared at 'C:/Users/LENOVO/Documents/GitHub/Trabajo-SED/Trabajo_SED/Trabajo_SED.srcs/sources_1/imports/new/entero_bcd.vhd:26' bound to instance 'Inst_entero_bcd' of component 'entero_bcd' [C:/Users/LENOVO/Documents/GitHub/Trabajo-SED/Trabajo_SED/Trabajo_SED.srcs/sources_1/imports/new/control_display.vhd:42]
INFO: [Synth 8-638] synthesizing module 'entero_bcd' [C:/Users/LENOVO/Documents/GitHub/Trabajo-SED/Trabajo_SED/Trabajo_SED.srcs/sources_1/imports/new/entero_bcd.vhd:36]
INFO: [Synth 8-256] done synthesizing module 'entero_bcd' (0#1) [C:/Users/LENOVO/Documents/GitHub/Trabajo-SED/Trabajo_SED/Trabajo_SED.srcs/sources_1/imports/new/entero_bcd.vhd:36]
INFO: [Synth 8-3491] module 'decoder' declared at 'C:/Users/LENOVO/Documents/GitHub/Trabajo-SED/Trabajo_SED/Trabajo_SED.srcs/sources_1/imports/new/decoder.vhd:34' bound to instance 'Inst_decoder' of component 'decoder' [C:/Users/LENOVO/Documents/GitHub/Trabajo-SED/Trabajo_SED/Trabajo_SED.srcs/sources_1/imports/new/control_display.vhd:76]
INFO: [Synth 8-638] synthesizing module 'decoder' [C:/Users/LENOVO/Documents/GitHub/Trabajo-SED/Trabajo_SED/Trabajo_SED.srcs/sources_1/imports/new/decoder.vhd:39]
INFO: [Synth 8-256] done synthesizing module 'decoder' (0#1) [C:/Users/LENOVO/Documents/GitHub/Trabajo-SED/Trabajo_SED/Trabajo_SED.srcs/sources_1/imports/new/decoder.vhd:39]
INFO: [Synth 8-256] done synthesizing module 'control_display' (0#1) [C:/Users/LENOVO/Documents/GitHub/Trabajo-SED/Trabajo_SED/Trabajo_SED.srcs/sources_1/imports/new/control_display.vhd:17]
INFO: [Synth 8-3491] module 'interruptores' declared at 'C:/Users/LENOVO/Documents/GitHub/Trabajo-SED/Trabajo_SED/Trabajo_SED.srcs/sources_1/new/interruptores.vhd:4' bound to instance 'Inst_interruptores' of component 'interruptores' [C:/Users/LENOVO/Documents/GitHub/Trabajo-SED/Trabajo_SED/Trabajo_SED.srcs/sources_1/new/top.vhd:99]
INFO: [Synth 8-638] synthesizing module 'interruptores' [C:/Users/LENOVO/Documents/GitHub/Trabajo-SED/Trabajo_SED/Trabajo_SED.srcs/sources_1/new/interruptores.vhd:12]
INFO: [Synth 8-3491] module 'SYNCHRNZR' declared at 'C:/Users/LENOVO/Documents/GitHub/Trabajo-SED/Trabajo_SED/Trabajo_SED.srcs/sources_1/new/SYNCHRNZR.vhd:3' bound to instance 'Inst_SYNCHRNZR_3' of component 'SYNCHRNZR' [C:/Users/LENOVO/Documents/GitHub/Trabajo-SED/Trabajo_SED/Trabajo_SED.srcs/sources_1/new/interruptores.vhd:33]
INFO: [Synth 8-3491] module 'SYNCHRNZR' declared at 'C:/Users/LENOVO/Documents/GitHub/Trabajo-SED/Trabajo_SED/Trabajo_SED.srcs/sources_1/new/SYNCHRNZR.vhd:3' bound to instance 'Inst_SYNCHRNZR_2' of component 'SYNCHRNZR' [C:/Users/LENOVO/Documents/GitHub/Trabajo-SED/Trabajo_SED/Trabajo_SED.srcs/sources_1/new/interruptores.vhd:38]
INFO: [Synth 8-3491] module 'SYNCHRNZR' declared at 'C:/Users/LENOVO/Documents/GitHub/Trabajo-SED/Trabajo_SED/Trabajo_SED.srcs/sources_1/new/SYNCHRNZR.vhd:3' bound to instance 'Inst_SYNCHRNZR_1' of component 'SYNCHRNZR' [C:/Users/LENOVO/Documents/GitHub/Trabajo-SED/Trabajo_SED/Trabajo_SED.srcs/sources_1/new/interruptores.vhd:43]
INFO: [Synth 8-3491] module 'SYNCHRNZR' declared at 'C:/Users/LENOVO/Documents/GitHub/Trabajo-SED/Trabajo_SED/Trabajo_SED.srcs/sources_1/new/SYNCHRNZR.vhd:3' bound to instance 'Inst_SYNCHRNZR_0' of component 'SYNCHRNZR' [C:/Users/LENOVO/Documents/GitHub/Trabajo-SED/Trabajo_SED/Trabajo_SED.srcs/sources_1/new/interruptores.vhd:48]
INFO: [Synth 8-3491] module 'EDGEDTCTR' declared at 'C:/Users/LENOVO/Documents/GitHub/Trabajo-SED/Trabajo_SED/Trabajo_SED.srcs/sources_1/new/edgedtctr.vhd:3' bound to instance 'Inst_EDGEDTCTR_3' of component 'EDGEDTCTR' [C:/Users/LENOVO/Documents/GitHub/Trabajo-SED/Trabajo_SED/Trabajo_SED.srcs/sources_1/new/interruptores.vhd:54]
INFO: [Synth 8-3491] module 'EDGEDTCTR' declared at 'C:/Users/LENOVO/Documents/GitHub/Trabajo-SED/Trabajo_SED/Trabajo_SED.srcs/sources_1/new/edgedtctr.vhd:3' bound to instance 'Inst_EDGEDTCTR_2' of component 'EDGEDTCTR' [C:/Users/LENOVO/Documents/GitHub/Trabajo-SED/Trabajo_SED/Trabajo_SED.srcs/sources_1/new/interruptores.vhd:59]
INFO: [Synth 8-3491] module 'EDGEDTCTR' declared at 'C:/Users/LENOVO/Documents/GitHub/Trabajo-SED/Trabajo_SED/Trabajo_SED.srcs/sources_1/new/edgedtctr.vhd:3' bound to instance 'Inst_EDGEDTCTR_1' of component 'EDGEDTCTR' [C:/Users/LENOVO/Documents/GitHub/Trabajo-SED/Trabajo_SED/Trabajo_SED.srcs/sources_1/new/interruptores.vhd:64]
INFO: [Synth 8-3491] module 'EDGEDTCTR' declared at 'C:/Users/LENOVO/Documents/GitHub/Trabajo-SED/Trabajo_SED/Trabajo_SED.srcs/sources_1/new/edgedtctr.vhd:3' bound to instance 'Inst_EDGEDTCTR_0' of component 'EDGEDTCTR' [C:/Users/LENOVO/Documents/GitHub/Trabajo-SED/Trabajo_SED/Trabajo_SED.srcs/sources_1/new/interruptores.vhd:69]
INFO: [Synth 8-256] done synthesizing module 'interruptores' (0#1) [C:/Users/LENOVO/Documents/GitHub/Trabajo-SED/Trabajo_SED/Trabajo_SED.srcs/sources_1/new/interruptores.vhd:12]
INFO: [Synth 8-3491] module 'FSM' declared at 'C:/Users/LENOVO/Documents/GitHub/Trabajo-SED/Trabajo_SED/Trabajo_SED.srcs/sources_1/new/FSM.vhd:5' bound to instance 'Inst_FSM' of component 'FSM' [C:/Users/LENOVO/Documents/GitHub/Trabajo-SED/Trabajo_SED/Trabajo_SED.srcs/sources_1/new/top.vhd:105]
INFO: [Synth 8-638] synthesizing module 'FSM' [C:/Users/LENOVO/Documents/GitHub/Trabajo-SED/Trabajo_SED/Trabajo_SED.srcs/sources_1/new/FSM.vhd:16]
INFO: [Synth 8-3491] module 'FSM_principal' declared at 'C:/Users/LENOVO/Documents/GitHub/Trabajo-SED/Trabajo_SED/Trabajo_SED.srcs/sources_1/new/FSM_principal.vhd:5' bound to instance 'FSM_Master' of component 'FSM_principal' [C:/Users/LENOVO/Documents/GitHub/Trabajo-SED/Trabajo_SED/Trabajo_SED.srcs/sources_1/new/FSM.vhd:47]
INFO: [Synth 8-638] synthesizing module 'FSM_principal' [C:/Users/LENOVO/Documents/GitHub/Trabajo-SED/Trabajo_SED/Trabajo_SED.srcs/sources_1/new/FSM_principal.vhd:18]
WARNING: [Synth 8-614] signal 'i_cantidad_a_devolver' is read in the process but is not in the sensitivity list [C:/Users/LENOVO/Documents/GitHub/Trabajo-SED/Trabajo_SED/Trabajo_SED.srcs/sources_1/new/FSM_principal.vhd:42]
WARNING: [Synth 8-614] signal 'importe' is read in the process but is not in the sensitivity list [C:/Users/LENOVO/Documents/GitHub/Trabajo-SED/Trabajo_SED/Trabajo_SED.srcs/sources_1/new/FSM_principal.vhd:88]
WARNING: [Synth 8-614] signal 'precio' is read in the process but is not in the sensitivity list [C:/Users/LENOVO/Documents/GitHub/Trabajo-SED/Trabajo_SED/Trabajo_SED.srcs/sources_1/new/FSM_principal.vhd:88]
WARNING: [Synth 8-614] signal 'producto_seleccionado' is read in the process but is not in the sensitivity list [C:/Users/LENOVO/Documents/GitHub/Trabajo-SED/Trabajo_SED/Trabajo_SED.srcs/sources_1/new/FSM_principal.vhd:88]
INFO: [Synth 8-256] done synthesizing module 'FSM_principal' (0#1) [C:/Users/LENOVO/Documents/GitHub/Trabajo-SED/Trabajo_SED/Trabajo_SED.srcs/sources_1/new/FSM_principal.vhd:18]
INFO: [Synth 8-3491] module 'devolver_el_dinero' declared at 'C:/Users/LENOVO/Documents/GitHub/Trabajo-SED/Trabajo_SED/Trabajo_SED.srcs/sources_1/new/devolver_el_dinero.vhd:5' bound to instance 'FSM_Slave' of component 'devolver_el_dinero' [C:/Users/LENOVO/Documents/GitHub/Trabajo-SED/Trabajo_SED/Trabajo_SED.srcs/sources_1/new/FSM.vhd:59]
INFO: [Synth 8-638] synthesizing module 'devolver_el_dinero' [C:/Users/LENOVO/Documents/GitHub/Trabajo-SED/Trabajo_SED/Trabajo_SED.srcs/sources_1/new/devolver_el_dinero.vhd:14]
WARNING: [Synth 8-614] signal 'enable' is read in the process but is not in the sensitivity list [C:/Users/LENOVO/Documents/GitHub/Trabajo-SED/Trabajo_SED/Trabajo_SED.srcs/sources_1/new/devolver_el_dinero.vhd:24]
WARNING: [Synth 8-614] signal 'dinero_restante' is read in the process but is not in the sensitivity list [C:/Users/LENOVO/Documents/GitHub/Trabajo-SED/Trabajo_SED/Trabajo_SED.srcs/sources_1/new/devolver_el_dinero.vhd:36]
WARNING: [Synth 8-614] signal 'cantidad' is read in the process but is not in the sensitivity list [C:/Users/LENOVO/Documents/GitHub/Trabajo-SED/Trabajo_SED/Trabajo_SED.srcs/sources_1/new/devolver_el_dinero.vhd:50]
WARNING: [Synth 8-614] signal 'dinero_restante' is read in the process but is not in the sensitivity list [C:/Users/LENOVO/Documents/GitHub/Trabajo-SED/Trabajo_SED/Trabajo_SED.srcs/sources_1/new/devolver_el_dinero.vhd:50]
INFO: [Synth 8-256] done synthesizing module 'devolver_el_dinero' (0#1) [C:/Users/LENOVO/Documents/GitHub/Trabajo-SED/Trabajo_SED/Trabajo_SED.srcs/sources_1/new/devolver_el_dinero.vhd:14]
INFO: [Synth 8-256] done synthesizing module 'FSM' (0#1) [C:/Users/LENOVO/Documents/GitHub/Trabajo-SED/Trabajo_SED/Trabajo_SED.srcs/sources_1/new/FSM.vhd:16]
INFO: [Synth 8-3491] module 'CONTADOR_DE_MONEDAS' declared at 'C:/Users/LENOVO/Documents/GitHub/Trabajo-SED/Trabajo_SED/Trabajo_SED.srcs/sources_1/new/CONTADOR_DE_MONEDAS.vhd:3' bound to instance 'Inst_CONTADOR_DE_MONEDAS' of component 'CONTADOR_DE_MONEDAS' [C:/Users/LENOVO/Documents/GitHub/Trabajo-SED/Trabajo_SED/Trabajo_SED.srcs/sources_1/new/top.vhd:116]
INFO: [Synth 8-638] synthesizing module 'CONTADOR_DE_MONEDAS' [C:/Users/LENOVO/Documents/GitHub/Trabajo-SED/Trabajo_SED/Trabajo_SED.srcs/sources_1/new/CONTADOR_DE_MONEDAS.vhd:12]
INFO: [Synth 8-3491] module 'decodificador_moneda' declared at 'C:/Users/LENOVO/Documents/GitHub/Trabajo-SED/Trabajo_SED/Trabajo_SED.srcs/sources_1/new/decodificador_moneda.vhd:14' bound to instance 'Inst_decodificador_moneda' of component 'decodificador_moneda' [C:/Users/LENOVO/Documents/GitHub/Trabajo-SED/Trabajo_SED/Trabajo_SED.srcs/sources_1/new/CONTADOR_DE_MONEDAS.vhd:35]
INFO: [Synth 8-638] synthesizing module 'decodificador_moneda' [C:/Users/LENOVO/Documents/GitHub/Trabajo-SED/Trabajo_SED/Trabajo_SED.srcs/sources_1/new/decodificador_moneda.vhd:19]
INFO: [Synth 8-256] done synthesizing module 'decodificador_moneda' (0#1) [C:/Users/LENOVO/Documents/GitHub/Trabajo-SED/Trabajo_SED/Trabajo_SED.srcs/sources_1/new/decodificador_moneda.vhd:19]
INFO: [Synth 8-3491] module 'sumadordemonedas' declared at 'C:/Users/LENOVO/Documents/GitHub/Trabajo-SED/Trabajo_SED/Trabajo_SED.srcs/sources_1/new/contadordemonedas.vhd:5' bound to instance 'Inst_sumadordemonedas' of component 'sumadordemonedas' [C:/Users/LENOVO/Documents/GitHub/Trabajo-SED/Trabajo_SED/Trabajo_SED.srcs/sources_1/new/CONTADOR_DE_MONEDAS.vhd:40]
INFO: [Synth 8-638] synthesizing module 'sumadordemonedas' [C:/Users/LENOVO/Documents/GitHub/Trabajo-SED/Trabajo_SED/Trabajo_SED.srcs/sources_1/new/contadordemonedas.vhd:13]
WARNING: [Synth 8-614] signal 'enable' is read in the process but is not in the sensitivity list [C:/Users/LENOVO/Documents/GitHub/Trabajo-SED/Trabajo_SED/Trabajo_SED.srcs/sources_1/new/contadordemonedas.vhd:16]
INFO: [Synth 8-256] done synthesizing module 'sumadordemonedas' (0#1) [C:/Users/LENOVO/Documents/GitHub/Trabajo-SED/Trabajo_SED/Trabajo_SED.srcs/sources_1/new/contadordemonedas.vhd:13]
WARNING: [Synth 8-7043] port width mismatch for port 'cuenta': port width = 8, actual width = 7 (integer) [C:/Users/LENOVO/Documents/GitHub/Trabajo-SED/Trabajo_SED/Trabajo_SED.srcs/sources_1/new/CONTADOR_DE_MONEDAS.vhd:45]
INFO: [Synth 8-256] done synthesizing module 'CONTADOR_DE_MONEDAS' (0#1) [C:/Users/LENOVO/Documents/GitHub/Trabajo-SED/Trabajo_SED/Trabajo_SED.srcs/sources_1/new/CONTADOR_DE_MONEDAS.vhd:12]
WARNING: [Synth 8-7043] port width mismatch for port 'total': port width = 7, actual width = 32 (integer) [C:/Users/LENOVO/Documents/GitHub/Trabajo-SED/Trabajo_SED/Trabajo_SED.srcs/sources_1/new/top.vhd:122]
INFO: [Synth 8-3491] module 'pulsadores' declared at 'C:/Users/LENOVO/Documents/GitHub/Trabajo-SED/Trabajo_SED/Trabajo_SED.srcs/sources_1/new/pulsadores.vhd:5' bound to instance 'Inst_pulsadores' of component 'pulsadores' [C:/Users/LENOVO/Documents/GitHub/Trabajo-SED/Trabajo_SED/Trabajo_SED.srcs/sources_1/new/top.vhd:124]
INFO: [Synth 8-638] synthesizing module 'pulsadores' [C:/Users/LENOVO/Documents/GitHub/Trabajo-SED/Trabajo_SED/Trabajo_SED.srcs/sources_1/new/pulsadores.vhd:13]
INFO: [Synth 8-3491] module 'SYNCHRNZR' declared at 'C:/Users/LENOVO/Documents/GitHub/Trabajo-SED/Trabajo_SED/Trabajo_SED.srcs/sources_1/new/SYNCHRNZR.vhd:3' bound to instance 'Inst_SYNCHRNZR_1' of component 'SYNCHRNZR' [C:/Users/LENOVO/Documents/GitHub/Trabajo-SED/Trabajo_SED/Trabajo_SED.srcs/sources_1/new/pulsadores.vhd:36]
INFO: [Synth 8-3491] module 'SYNCHRNZR' declared at 'C:/Users/LENOVO/Documents/GitHub/Trabajo-SED/Trabajo_SED/Trabajo_SED.srcs/sources_1/new/SYNCHRNZR.vhd:3' bound to instance 'Inst_SYNCHRNZR_2' of component 'SYNCHRNZR' [C:/Users/LENOVO/Documents/GitHub/Trabajo-SED/Trabajo_SED/Trabajo_SED.srcs/sources_1/new/pulsadores.vhd:41]
INFO: [Synth 8-3491] module 'EDGEDTCTR' declared at 'C:/Users/LENOVO/Documents/GitHub/Trabajo-SED/Trabajo_SED/Trabajo_SED.srcs/sources_1/new/edgedtctr.vhd:3' bound to instance 'Inst_EDGEDTCTR_1' of component 'EDGEDTCTR' [C:/Users/LENOVO/Documents/GitHub/Trabajo-SED/Trabajo_SED/Trabajo_SED.srcs/sources_1/new/pulsadores.vhd:47]
INFO: [Synth 8-3491] module 'EDGEDTCTR' declared at 'C:/Users/LENOVO/Documents/GitHub/Trabajo-SED/Trabajo_SED/Trabajo_SED.srcs/sources_1/new/edgedtctr.vhd:3' bound to instance 'Inst_EDGEDTCTR_2' of component 'EDGEDTCTR' [C:/Users/LENOVO/Documents/GitHub/Trabajo-SED/Trabajo_SED/Trabajo_SED.srcs/sources_1/new/pulsadores.vhd:53]
INFO: [Synth 8-256] done synthesizing module 'pulsadores' (0#1) [C:/Users/LENOVO/Documents/GitHub/Trabajo-SED/Trabajo_SED/Trabajo_SED.srcs/sources_1/new/pulsadores.vhd:13]
INFO: [Synth 8-256] done synthesizing module 'top' (0#1) [C:/Users/LENOVO/Documents/GitHub/Trabajo-SED/Trabajo_SED/Trabajo_SED.srcs/sources_1/new/top.vhd:19]
---------------------------------------------------------------------------------
Finished RTL Elaboration : Time (s): cpu = 00:00:10 ; elapsed = 00:00:09 . Memory (MB): peak = 2473.371 ; gain = 235.160
---------------------------------------------------------------------------------
---------------------------------------------------------------------------------
Start Handling Custom Attributes
---------------------------------------------------------------------------------
---------------------------------------------------------------------------------
Finished Handling Custom Attributes : Time (s): cpu = 00:00:10 ; elapsed = 00:00:09 . Memory (MB): peak = 2473.371 ; gain = 235.160
---------------------------------------------------------------------------------
---------------------------------------------------------------------------------
Finished RTL Optimization Phase 1 : Time (s): cpu = 00:00:10 ; elapsed = 00:00:09 . Memory (MB): peak = 2473.371 ; gain = 235.160
---------------------------------------------------------------------------------
Netlist sorting complete. Time (s): cpu = 00:00:00 ; elapsed = 00:00:00.011 . Memory (MB): peak = 2473.371 ; gain = 0.000
INFO: [Project 1-570] Preparing netlist for logic optimization

Processing XDC Constraints
Initializing timing engine
Parsing XDC File [C:/Users/LENOVO/Documents/GitHub/Trabajo-SED/Trabajo_SED/Trabajo_SED.srcs/constrs_1/imports/Downloads/Nexys-4-DDR-Master.xdc]
CRITICAL WARNING: [Designutils 20-970] Unrecognized or unsupported command 'create_clock -add -name sys_clk_pin -period 10.00 -waveform {0 5} [get_ports {clk];


##Switches

#set_property -dict { PACKAGE_PIN J15   IOSTANDARD LVCMOS33 } [get_ports { SW[0] }]; #IO_L24N_T3_RS0_1 ... (truncated) ' found in constraint file. [C:/Users/LENOVO/Documents/GitHub/Trabajo-SED/Trabajo_SED/Trabajo_SED.srcs/constrs_1/imports/Downloads/Nexys-4-DDR-Master.xdc:8]
Finished Parsing XDC File [C:/Users/LENOVO/Documents/GitHub/Trabajo-SED/Trabajo_SED/Trabajo_SED.srcs/constrs_1/imports/Downloads/Nexys-4-DDR-Master.xdc]
Completed Processing XDC Constraints

Netlist sorting complete. Time (s): cpu = 00:00:00 ; elapsed = 00:00:00 . Memory (MB): peak = 2575.695 ; gain = 0.000
INFO: [Project 1-111] Unisim Transformation Summary:
No Unisim elements were transformed.

RTL Elaboration Complete:  : Time (s): cpu = 00:00:22 ; elapsed = 00:00:14 . Memory (MB): peak = 2622.637 ; gain = 384.426
61 Infos, 11 Warnings, 1 Critical Warnings and 0 Errors encountered.
synth_design completed successfully
synth_design: Time (s): cpu = 00:00:26 ; elapsed = 00:00:19 . Memory (MB): peak = 2622.637 ; gain = 570.320
close_design
exit
INFO: [Common 17-206] Exiting Vivado at Sat Dec 21 11:32:42 2024...
