#-----------------------------------------------------------
# Vivado v2024.1 (64-bit)
# SW Build 5076996 on Wed May 22 18:37:14 MDT 2024
# IP Build 5075265 on Wed May 22 21:45:21 MDT 2024
# SharedData Build 5076995 on Wed May 22 18:29:18 MDT 2024
# Start of session at: Fri Jan 24 00:30:24 2025
# Process ID: 14856
# Current directory: C:/Users/irene/Desktop/2023-2024/Info/Trabajo-SED/Trabajo_SED
# Command line: vivado.exe -gui_launcher_event rodinguilauncherevent2056 C:\Users\irene\Desktop\2023-2024\Info\Trabajo-SED\Trabajo_SED\Trabajo_SED.xpr
# Log file: C:/Users/irene/Desktop/2023-2024/Info/Trabajo-SED/Trabajo_SED/vivado.log
# Journal file: C:/Users/irene/Desktop/2023-2024/Info/Trabajo-SED/Trabajo_SED\vivado.jou
# Running On        :LAPTOP-D1CFJ21I
# Platform          :Windows Server 2016 or Windows 10
# Operating System  :19045
# Processor Detail  :Intel(R) Core(TM) i5-1035G1 CPU @ 1.00GHz
# CPU Frequency     :1190 MHz
# CPU Physical cores:4
# CPU Logical cores :8
# Host memory       :8266 MB
# Swap memory       :6979 MB
# Total Virtual     :15245 MB
# Available Virtual :6708 MB
#-----------------------------------------------------------
start_gui
open_project C:/Users/irene/Desktop/2023-2024/Info/Trabajo-SED/Trabajo_SED/Trabajo_SED.xpr
WARNING: [Board 49-26] cannot add Board Part xilinx.com:k24c:part0:1.0 available at C:/Xilinx/Vivado/2024.1/data/xhub/boards/XilinxBoardStore/boards/Xilinx/k24c/1.0/board.xml as part xck24-ubva530-2lv-c specified in board_part file is either invalid or not available
WARNING: [Board 49-26] cannot add Board Part xilinx.com:k24i:part0:1.0 available at C:/Xilinx/Vivado/2024.1/data/xhub/boards/XilinxBoardStore/boards/Xilinx/k24i/1.0/board.xml as part xck24-ubva530-2lvi-i specified in board_part file is either invalid or not available
WARNING: [Board 49-26] cannot add Board Part xilinx.com:k26c:part0:1.2 available at C:/Xilinx/Vivado/2024.1/data/xhub/boards/XilinxBoardStore/boards/Xilinx/k26c/1.2/board.xml as part xck26-sfvc784-2lv-c specified in board_part file is either invalid or not available
WARNING: [Board 49-26] cannot add Board Part xilinx.com:k26c:part0:1.3 available at C:/Xilinx/Vivado/2024.1/data/xhub/boards/XilinxBoardStore/boards/Xilinx/k26c/1.3/board.xml as part xck26-sfvc784-2lv-c specified in board_part file is either invalid or not available
WARNING: [Board 49-26] cannot add Board Part xilinx.com:k26c:part0:1.4 available at C:/Xilinx/Vivado/2024.1/data/xhub/boards/XilinxBoardStore/boards/Xilinx/k26c/1.4/board.xml as part xck26-sfvc784-2lv-c specified in board_part file is either invalid or not available
WARNING: [Board 49-26] cannot add Board Part xilinx.com:k26i:part0:1.2 available at C:/Xilinx/Vivado/2024.1/data/xhub/boards/XilinxBoardStore/boards/Xilinx/k26i/1.2/board.xml as part xck26-sfvc784-2lvi-i specified in board_part file is either invalid or not available
WARNING: [Board 49-26] cannot add Board Part xilinx.com:k26i:part0:1.3 available at C:/Xilinx/Vivado/2024.1/data/xhub/boards/XilinxBoardStore/boards/Xilinx/k26i/1.3/board.xml as part xck26-sfvc784-2lvi-i specified in board_part file is either invalid or not available
WARNING: [Board 49-26] cannot add Board Part xilinx.com:k26i:part0:1.4 available at C:/Xilinx/Vivado/2024.1/data/xhub/boards/XilinxBoardStore/boards/Xilinx/k26i/1.4/board.xml as part xck26-sfvc784-2lvi-i specified in board_part file is either invalid or not available
WARNING: [Board 49-26] cannot add Board Part xilinx.com:kc705:part0:1.6 available at C:/Xilinx/Vivado/2024.1/data/xhub/boards/XilinxBoardStore/boards/Xilinx/kc705/1.6/board.xml as part xc7k325tffg900-2 specified in board_part file is either invalid or not available
WARNING: [Board 49-26] cannot add Board Part xilinx.com:kcu105:part0:1.6 available at C:/Xilinx/Vivado/2024.1/data/xhub/boards/XilinxBoardStore/boards/Xilinx/kcu105/1.6/board.xml as part xcku040-ffva1156-2-e specified in board_part file is either invalid or not available
WARNING: [Board 49-26] cannot add Board Part xilinx.com:kcu105:part0:1.7 available at C:/Xilinx/Vivado/2024.1/data/xhub/boards/XilinxBoardStore/boards/Xilinx/kcu105/1.7/board.xml as part xcku040-ffva1156-2-e specified in board_part file is either invalid or not available
WARNING: [Board 49-26] cannot add Board Part xilinx.com:kcu116:part0:1.4 available at C:/Xilinx/Vivado/2024.1/data/xhub/boards/XilinxBoardStore/boards/Xilinx/kcu116/1.4/board.xml as part xcku5p-ffvb676-2-e specified in board_part file is either invalid or not available
WARNING: [Board 49-26] cannot add Board Part xilinx.com:kcu116:part0:1.5 available at C:/Xilinx/Vivado/2024.1/data/xhub/boards/XilinxBoardStore/boards/Xilinx/kcu116/1.5/board.xml as part xcku5p-ffvb676-2-e specified in board_part file is either invalid or not available
WARNING: [Board 49-26] cannot add Board Part xilinx.com:kcu1500:part0:1.2 available at C:/Xilinx/Vivado/2024.1/data/xhub/boards/XilinxBoardStore/boards/Xilinx/kcu1500/1.2/board.xml as part xcku115-flvb2104-2-e specified in board_part file is either invalid or not available
WARNING: [Board 49-26] cannot add Board Part xilinx.com:kd240_som:part0:1.0 available at C:/Xilinx/Vivado/2024.1/data/xhub/boards/XilinxBoardStore/boards/Xilinx/kd240_som/1.0/board.xml as part xck24-ubva530-2lv-c specified in board_part file is either invalid or not available
WARNING: [Board 49-26] cannot add Board Part xilinx.com:kr260_som:part0:1.0 available at C:/Xilinx/Vivado/2024.1/data/xhub/boards/XilinxBoardStore/boards/Xilinx/kr260_som/1.0/board.xml as part xck26-sfvc784-2lv-c specified in board_part file is either invalid or not available
WARNING: [Board 49-26] cannot add Board Part xilinx.com:kr260_som:part0:1.1 available at C:/Xilinx/Vivado/2024.1/data/xhub/boards/XilinxBoardStore/boards/Xilinx/kr260_som/1.1/board.xml as part xck26-sfvc784-2lv-c specified in board_part file is either invalid or not available
WARNING: [Board 49-26] cannot add Board Part xilinx.com:kv260_som:part0:1.2 available at C:/Xilinx/Vivado/2024.1/data/xhub/boards/XilinxBoardStore/boards/Xilinx/kv260_som/1.2/board.xml as part xck26-sfvc784-2lv-c specified in board_part file is either invalid or not available
WARNING: [Board 49-26] cannot add Board Part xilinx.com:kv260_som:part0:1.3 available at C:/Xilinx/Vivado/2024.1/data/xhub/boards/XilinxBoardStore/boards/Xilinx/kv260_som/1.3/board.xml as part xck26-sfvc784-2lv-c specified in board_part file is either invalid or not available
WARNING: [Board 49-26] cannot add Board Part xilinx.com:kv260_som:part0:1.4 available at C:/Xilinx/Vivado/2024.1/data/xhub/boards/XilinxBoardStore/boards/Xilinx/kv260_som/1.4/board.xml as part xck26-sfvc784-2lv-c specified in board_part file is either invalid or not available
WARNING: [Board 49-26] cannot add Board Part xilinx.com:sp701:part0:1.0 available at C:/Xilinx/Vivado/2024.1/data/xhub/boards/XilinxBoardStore/boards/Xilinx/sp701/1.0/board.xml as part xc7s100fgga676-2 specified in board_part file is either invalid or not available
WARNING: [Board 49-26] cannot add Board Part xilinx.com:sp701:part0:1.1 available at C:/Xilinx/Vivado/2024.1/data/xhub/boards/XilinxBoardStore/boards/Xilinx/sp701/1.1/board.xml as part xc7s100fgga676-2 specified in board_part file is either invalid or not available
WARNING: [Board 49-26] cannot add Board Part xilinx.com:vc707:part0:1.4 available at C:/Xilinx/Vivado/2024.1/data/xhub/boards/XilinxBoardStore/boards/Xilinx/vc707/1.4/board.xml as part xc7vx485tffg1761-2 specified in board_part file is either invalid or not available
WARNING: [Board 49-26] cannot add Board Part xilinx.com:vc709:part0:1.8 available at C:/Xilinx/Vivado/2024.1/data/xhub/boards/XilinxBoardStore/boards/Xilinx/vc709/1.8/board.xml as part xc7vx690tffg1761-2 specified in board_part file is either invalid or not available
WARNING: [Board 49-26] cannot add Board Part xilinx.com:vck190:part0:2.2 available at C:/Xilinx/Vivado/2024.1/data/xhub/boards/XilinxBoardStore/boards/Xilinx/vck190/production/2.2/board.xml as part xcvc1902-vsva2197-2mp-e-s specified in board_part file is either invalid or not available
WARNING: [Board 49-26] cannot add Board Part xilinx.com:vck190:part0:3.0 available at C:/Xilinx/Vivado/2024.1/data/xhub/boards/XilinxBoardStore/boards/Xilinx/vck190/production/3.0/board.xml as part xcvc1902-vsva2197-2mp-e-s specified in board_part file is either invalid or not available
WARNING: [Board 49-26] cannot add Board Part xilinx.com:vck190:part0:3.1 available at C:/Xilinx/Vivado/2024.1/data/xhub/boards/XilinxBoardStore/boards/Xilinx/vck190/production/3.1/board.xml as part xcvc1902-vsva2197-2mp-e-s specified in board_part file is either invalid or not available
WARNING: [Board 49-26] cannot add Board Part xilinx.com:vck190:part0:3.2 available at C:/Xilinx/Vivado/2024.1/data/xhub/boards/XilinxBoardStore/boards/Xilinx/vck190/production/3.2/board.xml as part xcvc1902-vsva2197-2mp-e-s specified in board_part file is either invalid or not available
WARNING: [Board 49-26] cannot add Board Part xilinx.com:vck190:part0:3.3 available at C:/Xilinx/Vivado/2024.1/data/xhub/boards/XilinxBoardStore/boards/Xilinx/vck190/production/3.3/board.xml as part xcvc1902-vsva2197-2mp-e-s specified in board_part file is either invalid or not available
WARNING: [Board 49-26] cannot add Board Part xilinx.com:vck190_newl:part0:1.0 available at C:/Xilinx/Vivado/2024.1/data/xhub/boards/XilinxBoardStore/boards/Xilinx/vck190_newl/production/1.0/board.xml as part xcvc1902-vsva2197-2mp-e-s specified in board_part file is either invalid or not available
WARNING: [Board 49-26] cannot add Board Part xilinx.com:vck190_newl:part0:1.1 available at C:/Xilinx/Vivado/2024.1/data/xhub/boards/XilinxBoardStore/boards/Xilinx/vck190_newl/production/1.1/board.xml as part xcvc1902-vsva2197-2mp-e-s specified in board_part file is either invalid or not available
WARNING: [Board 49-26] cannot add Board Part xilinx.com:vck190_newl:part0:1.2 available at C:/Xilinx/Vivado/2024.1/data/xhub/boards/XilinxBoardStore/boards/Xilinx/vck190_newl/production/1.2/board.xml as part xcvc1902-vsva2197-2mp-e-s specified in board_part file is either invalid or not available
WARNING: [Board 49-26] cannot add Board Part xilinx.com:vcu108:part0:1.6 available at C:/Xilinx/Vivado/2024.1/data/xhub/boards/XilinxBoardStore/boards/Xilinx/vcu108/1.6/board.xml as part xcvu095-ffva2104-2-e specified in board_part file is either invalid or not available
WARNING: [Board 49-26] cannot add Board Part xilinx.com:vcu108:part0:1.7 available at C:/Xilinx/Vivado/2024.1/data/xhub/boards/XilinxBoardStore/boards/Xilinx/vcu108/1.7/board.xml as part xcvu095-ffva2104-2-e specified in board_part file is either invalid or not available
WARNING: [Board 49-26] cannot add Board Part xilinx.com:vcu110:part0:1.4 available at C:/Xilinx/Vivado/2024.1/data/xhub/boards/XilinxBoardStore/boards/Xilinx/vcu110/1.4/board.xml as part xcvu190-flgc2104-2-e specified in board_part file is either invalid or not available
WARNING: [Board 49-26] cannot add Board Part xilinx.com:vcu118:part0:2.0 available at C:/Xilinx/Vivado/2024.1/data/xhub/boards/XilinxBoardStore/boards/Xilinx/vcu118/2.0/board.xml as part xcvu9p-flga2104-2l-e specified in board_part file is either invalid or not available
WARNING: [Board 49-26] cannot add Board Part xilinx.com:vcu118:part0:2.3 available at C:/Xilinx/Vivado/2024.1/data/xhub/boards/XilinxBoardStore/boards/Xilinx/vcu118/2.3/board.xml as part xcvu9p-flga2104-2l-e specified in board_part file is either invalid or not available
WARNING: [Board 49-26] cannot add Board Part xilinx.com:vcu118:part0:2.4 available at C:/Xilinx/Vivado/2024.1/data/xhub/boards/XilinxBoardStore/boards/Xilinx/vcu118/2.4/board.xml as part xcvu9p-flga2104-2l-e specified in board_part file is either invalid or not available
WARNING: [Board 49-26] cannot add Board Part xilinx.com:vcu128:part0:1.0 available at C:/Xilinx/Vivado/2024.1/data/xhub/boards/XilinxBoardStore/boards/Xilinx/vcu128/production/1.0/board.xml as part xcvu37p-fsvh2892-2l-e specified in board_part file is either invalid or not available
WARNING: [Board 49-26] cannot add Board Part xilinx.com:vcu129:part0:1.0 available at C:/Xilinx/Vivado/2024.1/data/xhub/boards/XilinxBoardStore/boards/Xilinx/vcu129/production/1.0/board.xml as part xcvu29p-fsga2577-2l-e specified in board_part file is either invalid or not available
WARNING: [Board 49-26] cannot add Board Part xilinx.com:vcu1525:part0:1.3 available at C:/Xilinx/Vivado/2024.1/data/xhub/boards/XilinxBoardStore/boards/Xilinx/vcu1525/1.3/board.xml as part xcvu9p-fsgd2104-2l-e specified in board_part file is either invalid or not available
WARNING: [Board 49-26] cannot add Board Part xilinx.com:vek280:part0:1.0 available at C:/Xilinx/Vivado/2024.1/data/xhub/boards/XilinxBoardStore/boards/Xilinx/vek280/production/1.0/board.xml as part xcve2802-vsvh1760-2mp-e-s specified in board_part file is either invalid or not available
WARNING: [Board 49-26] cannot add Board Part xilinx.com:vek280:part0:1.1 available at C:/Xilinx/Vivado/2024.1/data/xhub/boards/XilinxBoardStore/boards/Xilinx/vek280/production/1.1/board.xml as part xcve2802-vsvh1760-2mp-e-s specified in board_part file is either invalid or not available
WARNING: [Board 49-26] cannot add Board Part xilinx.com:vek280:part0:1.2 available at C:/Xilinx/Vivado/2024.1/data/xhub/boards/XilinxBoardStore/boards/Xilinx/vek280/production/1.2/board.xml as part xcve2802-vsvh1760-2mp-e-s specified in board_part file is either invalid or not available
WARNING: [Board 49-26] cannot add Board Part xilinx.com:vek280_es:part0:1.0 available at C:/Xilinx/Vivado/2024.1/data/xhub/boards/XilinxBoardStore/boards/Xilinx/vek280/es/rev_a/1.0/board.xml as part xcve2802-vsvh1760-2lp-e-s-es1 specified in board_part file is either invalid or not available
WARNING: [Board 49-26] cannot add Board Part xilinx.com:vek280_es:part0:1.1 available at C:/Xilinx/Vivado/2024.1/data/xhub/boards/XilinxBoardStore/boards/Xilinx/vek280/es/rev_a/1.1/board.xml as part xcve2802-vsvh1760-2lp-e-s-es1 specified in board_part file is either invalid or not available
WARNING: [Board 49-26] cannot add Board Part xilinx.com:vek280_es_revb:part0:1.0 available at C:/Xilinx/Vivado/2024.1/data/xhub/boards/XilinxBoardStore/boards/Xilinx/vek280/es/rev_b/1.0/board.xml as part xcve2802-vsvh1760-2mp-e-s-es1 specified in board_part file is either invalid or not available
WARNING: [Board 49-26] cannot add Board Part xilinx.com:vek280_es_revb:part0:1.1 available at C:/Xilinx/Vivado/2024.1/data/xhub/boards/XilinxBoardStore/boards/Xilinx/vek280/es/rev_b/1.1/board.xml as part xcve2802-vsvh1760-2mp-e-s-es1 specified in board_part file is either invalid or not available
WARNING: [Board 49-26] cannot add Board Part xilinx.com:vermeo_t1_mpsoc:part0:1.0 available at C:/Xilinx/Vivado/2024.1/data/xhub/boards/XilinxBoardStore/boards/Xilinx/vermeo_t1_mpsoc/1.0/board.xml as part xczu19eg-ffvd1760-2l-e specified in board_part file is either invalid or not available
WARNING: [Board 49-26] cannot add Board Part xilinx.com:vermeo_t1_rfsoc:part0:1.0 available at C:/Xilinx/Vivado/2024.1/data/xhub/boards/XilinxBoardStore/boards/Xilinx/vermeo_t1_rfsoc/1.0/board.xml as part xczu21dr-ffvd1156-2l-e specified in board_part file is either invalid or not available
WARNING: [Board 49-26] cannot add Board Part xilinx.com:vhk158:part0:1.0 available at C:/Xilinx/Vivado/2024.1/data/xhub/boards/XilinxBoardStore/boards/Xilinx/vhk158/production/1.0/board.xml as part xcvh1582-vsva3697-2mp-e-s specified in board_part file is either invalid or not available
WARNING: [Board 49-26] cannot add Board Part xilinx.com:vhk158:part0:1.1 available at C:/Xilinx/Vivado/2024.1/data/xhub/boards/XilinxBoardStore/boards/Xilinx/vhk158/production/1.1/board.xml as part xcvh1582-vsva3697-2mp-e-s specified in board_part file is either invalid or not available
WARNING: [Board 49-26] cannot add Board Part xilinx.com:vhk158_es:part0:1.0 available at C:/Xilinx/Vivado/2024.1/data/xhub/boards/XilinxBoardStore/boards/Xilinx/vhk158/es/1.0/board.xml as part xcvh1582-vsva3697-2mp-e-s-es1 specified in board_part file is either invalid or not available
WARNING: [Board 49-26] cannot add Board Part xilinx.com:vhk158_es:part0:1.1 available at C:/Xilinx/Vivado/2024.1/data/xhub/boards/XilinxBoardStore/boards/Xilinx/vhk158/es/1.1/board.xml as part xcvh1582-vsva3697-2mp-e-s-es1 specified in board_part file is either invalid or not available
WARNING: [Board 49-26] cannot add Board Part xilinx.com:vmk180:part0:2.2 available at C:/Xilinx/Vivado/2024.1/data/xhub/boards/XilinxBoardStore/boards/Xilinx/vmk180/production/2.2/board.xml as part xcvm1802-vsva2197-2mp-e-s specified in board_part file is either invalid or not available
WARNING: [Board 49-26] cannot add Board Part xilinx.com:vmk180:part0:3.0 available at C:/Xilinx/Vivado/2024.1/data/xhub/boards/XilinxBoardStore/boards/Xilinx/vmk180/production/3.0/board.xml as part xcvm1802-vsva2197-2mp-e-s specified in board_part file is either invalid or not available
WARNING: [Board 49-26] cannot add Board Part xilinx.com:vmk180:part0:3.1 available at C:/Xilinx/Vivado/2024.1/data/xhub/boards/XilinxBoardStore/boards/Xilinx/vmk180/production/3.1/board.xml as part xcvm1802-vsva2197-2mp-e-s specified in board_part file is either invalid or not available
WARNING: [Board 49-26] cannot add Board Part xilinx.com:vmk180:part0:3.2 available at C:/Xilinx/Vivado/2024.1/data/xhub/boards/XilinxBoardStore/boards/Xilinx/vmk180/production/3.2/board.xml as part xcvm1802-vsva2197-2mp-e-s specified in board_part file is either invalid or not available
WARNING: [Board 49-26] cannot add Board Part xilinx.com:vmk180_newl:part0:1.0 available at C:/Xilinx/Vivado/2024.1/data/xhub/boards/XilinxBoardStore/boards/Xilinx/vmk180_newl/production/1.0/board.xml as part xcvm1802-vsva2197-2mp-e-s specified in board_part file is either invalid or not available
WARNING: [Board 49-26] cannot add Board Part xilinx.com:vmk180_newl:part0:1.1 available at C:/Xilinx/Vivado/2024.1/data/xhub/boards/XilinxBoardStore/boards/Xilinx/vmk180_newl/production/1.1/board.xml as part xcvm1802-vsva2197-2mp-e-s specified in board_part file is either invalid or not available
WARNING: [Board 49-26] cannot add Board Part xilinx.com:vpk120:part0:1.0 available at C:/Xilinx/Vivado/2024.1/data/xhub/boards/XilinxBoardStore/boards/Xilinx/vpk120/production/1.0/board.xml as part xcvp1202-vsva2785-2mp-e-s specified in board_part file is either invalid or not available
WARNING: [Board 49-26] cannot add Board Part xilinx.com:vpk120:part0:1.1 available at C:/Xilinx/Vivado/2024.1/data/xhub/boards/XilinxBoardStore/boards/Xilinx/vpk120/production/1.1/board.xml as part xcvp1202-vsva2785-2mp-e-s specified in board_part file is either invalid or not available
WARNING: [Board 49-26] cannot add Board Part xilinx.com:vpk120:part0:1.2 available at C:/Xilinx/Vivado/2024.1/data/xhub/boards/XilinxBoardStore/boards/Xilinx/vpk120/production/1.2/board.xml as part xcvp1202-vsva2785-2mp-e-s specified in board_part file is either invalid or not available
WARNING: [Board 49-26] cannot add Board Part xilinx.com:vpk180:part0:1.0 available at C:/Xilinx/Vivado/2024.1/data/xhub/boards/XilinxBoardStore/boards/Xilinx/vpk180/production/1.0/board.xml as part xcvp1802-lsvc4072-2mp-e-s specified in board_part file is either invalid or not available
WARNING: [Board 49-26] cannot add Board Part xilinx.com:vpk180:part0:1.1 available at C:/Xilinx/Vivado/2024.1/data/xhub/boards/XilinxBoardStore/boards/Xilinx/vpk180/production/1.1/board.xml as part xcvp1802-lsvc4072-2mp-e-s specified in board_part file is either invalid or not available
WARNING: [Board 49-26] cannot add Board Part xilinx.com:vpk180:part0:1.2 available at C:/Xilinx/Vivado/2024.1/data/xhub/boards/XilinxBoardStore/boards/Xilinx/vpk180/production/1.2/board.xml as part xcvp1802-lsvc4072-2mp-e-s specified in board_part file is either invalid or not available
WARNING: [Board 49-26] cannot add Board Part xilinx.com:zc702:part0:1.4 available at C:/Xilinx/Vivado/2024.1/data/xhub/boards/XilinxBoardStore/boards/Xilinx/zc702/1.4/board.xml as part xc7z020clg484-1 specified in board_part file is either invalid or not available
WARNING: [Board 49-26] cannot add Board Part xilinx.com:zc706:part0:1.4 available at C:/Xilinx/Vivado/2024.1/data/xhub/boards/XilinxBoardStore/boards/Xilinx/zc706/1.4/board.xml as part xc7z045ffg900-2 specified in board_part file is either invalid or not available
WARNING: [Board 49-26] cannot add Board Part xilinx.com:zcu102:part0:3.3 available at C:/Xilinx/Vivado/2024.1/data/xhub/boards/XilinxBoardStore/boards/Xilinx/zcu102/3.3/board.xml as part xczu9eg-ffvb1156-2-e specified in board_part file is either invalid or not available
WARNING: [Board 49-26] cannot add Board Part xilinx.com:zcu102:part0:3.4 available at C:/Xilinx/Vivado/2024.1/data/xhub/boards/XilinxBoardStore/boards/Xilinx/zcu102/3.4/board.xml as part xczu9eg-ffvb1156-2-e specified in board_part file is either invalid or not available
WARNING: [Board 49-26] cannot add Board Part xilinx.com:zcu104:part0:1.1 available at C:/Xilinx/Vivado/2024.1/data/xhub/boards/XilinxBoardStore/boards/Xilinx/zcu104/1.1/board.xml as part xczu7ev-ffvc1156-2-e specified in board_part file is either invalid or not available
WARNING: [Board 49-26] cannot add Board Part xilinx.com:zcu106:part0:2.4 available at C:/Xilinx/Vivado/2024.1/data/xhub/boards/XilinxBoardStore/boards/Xilinx/zcu106/2.4/board.xml as part xczu7ev-ffvc1156-2-e specified in board_part file is either invalid or not available
WARNING: [Board 49-26] cannot add Board Part xilinx.com:zcu106:part0:2.5 available at C:/Xilinx/Vivado/2024.1/data/xhub/boards/XilinxBoardStore/boards/Xilinx/zcu106/2.5/board.xml as part xczu7ev-ffvc1156-2-e specified in board_part file is either invalid or not available
WARNING: [Board 49-26] cannot add Board Part xilinx.com:zcu106:part0:2.6 available at C:/Xilinx/Vivado/2024.1/data/xhub/boards/XilinxBoardStore/boards/Xilinx/zcu106/2.6/board.xml as part xczu7ev-ffvc1156-2-e specified in board_part file is either invalid or not available
WARNING: [Board 49-26] cannot add Board Part xilinx.com:zcu111:part0:1.2 available at C:/Xilinx/Vivado/2024.1/data/xhub/boards/XilinxBoardStore/boards/Xilinx/zcu111/1.2/board.xml as part xczu28dr-ffvg1517-2-e specified in board_part file is either invalid or not available
WARNING: [Board 49-26] cannot add Board Part xilinx.com:zcu111:part0:1.3 available at C:/Xilinx/Vivado/2024.1/data/xhub/boards/XilinxBoardStore/boards/Xilinx/zcu111/1.3/board.xml as part xczu28dr-ffvg1517-2-e specified in board_part file is either invalid or not available
WARNING: [Board 49-26] cannot add Board Part xilinx.com:zcu111:part0:1.4 available at C:/Xilinx/Vivado/2024.1/data/xhub/boards/XilinxBoardStore/boards/Xilinx/zcu111/1.4/board.xml as part xczu28dr-ffvg1517-2-e specified in board_part file is either invalid or not available
WARNING: [Board 49-26] cannot add Board Part xilinx.com:zcu1275:part0:1.0 available at C:/Xilinx/Vivado/2024.1/data/xhub/boards/XilinxBoardStore/boards/Xilinx/zcu1275/1.0/board.xml as part xczu29dr-ffvf1760-2-e specified in board_part file is either invalid or not available
WARNING: [Board 49-26] cannot add Board Part xilinx.com:zcu1285:part0:1.0 available at C:/Xilinx/Vivado/2024.1/data/xhub/boards/XilinxBoardStore/boards/Xilinx/zcu1285/1.0/board.xml as part xczu39dr-ffvf1760-2-i specified in board_part file is either invalid or not available
WARNING: [Board 49-26] cannot add Board Part xilinx.com:zcu208:part0:2.0 available at C:/Xilinx/Vivado/2024.1/data/xhub/boards/XilinxBoardStore/boards/Xilinx/zcu208/production/2.0/board.xml as part xczu48dr-fsvg1517-2-e specified in board_part file is either invalid or not available
WARNING: [Board 49-26] cannot add Board Part xilinx.com:zcu208ld:part0:2.0 available at C:/Xilinx/Vivado/2024.1/data/xhub/boards/XilinxBoardStore/boards/Xilinx/zcu208ld/production/2.0/board.xml as part xczu58dr-fsvg1517-2-i specified in board_part file is either invalid or not available
WARNING: [Board 49-26] cannot add Board Part xilinx.com:zcu216:part0:2.0 available at C:/Xilinx/Vivado/2024.1/data/xhub/boards/XilinxBoardStore/boards/Xilinx/zcu216/production/2.0/board.xml as part xczu49dr-ffvf1760-2-e specified in board_part file is either invalid or not available
WARNING: [Board 49-26] cannot add Board Part xilinx.com:zcu216ld:part0:2.0 available at C:/Xilinx/Vivado/2024.1/data/xhub/boards/XilinxBoardStore/boards/Xilinx/zcu216ld/production/2.0/board.xml as part xczu59dr-ffvf1760-2-i specified in board_part file is either invalid or not available
WARNING: [Board 49-26] cannot add Board Part xilinx.com:zcu670:part0:2.0 available at C:/Xilinx/Vivado/2024.1/data/xhub/boards/XilinxBoardStore/boards/Xilinx/zcu670/2.0/board.xml as part xczu67dr-fsve1156-2-i specified in board_part file is either invalid or not available
WARNING: [Board 49-26] cannot add Board Part xilinx.com:zcu670ld:part0:1.0 available at C:/Xilinx/Vivado/2024.1/data/xhub/boards/XilinxBoardStore/boards/Xilinx/zcu670ld/1.0/board.xml as part xczu57dr-fsve1156-2-i specified in board_part file is either invalid or not available
INFO: [filemgmt 56-3] Default IP Output Path : Could not find the directory 'C:/Users/irene/Desktop/2023-2024/Info/Trabajo-SED/Trabajo_SED/Trabajo_SED.gen/sources_1'.
CRITICAL WARNING: [Project 1-19] Could not find the file 'C:/Users/irene/Desktop/2023-2024/Info/Trabajo-SED/Trabajo_SED/Trabajo_SED.srcs/sources_1/imports/new/decoder.vhd'.
Scanning sources...
Finished scanning sources
INFO: [IP_Flow 19-234] Refreshing IP repositories
INFO: [IP_Flow 19-1704] No user IP repositories specified
INFO: [IP_Flow 19-2313] Loaded Vivado IP repository 'C:/Xilinx/Vivado/2024.1/data/ip'.
open_project: Time (s): cpu = 00:00:40 ; elapsed = 00:00:18 . Memory (MB): peak = 1471.297 ; gain = 418.098
update_compile_order -fileset sources_1
synth_design -top top -part xc7a100tcsg324-1 -lint 
Command: synth_design -top top -part xc7a100tcsg324-1 -lint
Starting synth_design
Attempting to get a license for feature 'Synthesis' and/or device 'xc7a100t'
INFO: [Common 17-349] Got license for feature 'Synthesis' and/or device 'xc7a100t'
INFO: [Synth 8-7079] Multithreading enabled for synth_design using a maximum of 2 processes.
INFO: [Synth 8-7078] Launching helper process for spawning children vivado processes
INFO: [Synth 8-7075] Helper process launched with PID 9432
---------------------------------------------------------------------------------
Starting Synthesize : Time (s): cpu = 00:00:09 ; elapsed = 00:00:08 . Memory (MB): peak = 1928.367 ; gain = 422.531
---------------------------------------------------------------------------------
Clean up Linter database...
INFO: [Synth 8-638] synthesizing module 'top' [C:/Users/irene/Desktop/2023-2024/Info/Trabajo-SED/Trabajo_SED/Trabajo_SED.srcs/sources_1/new/top.vhd:19]
INFO: [Synth 8-3491] module 'boton_reset' declared at 'C:/Users/irene/Desktop/2023-2024/Info/Trabajo-SED/Trabajo_SED/Trabajo_SED.srcs/sources_1/new/boton_reset.vhd:5' bound to instance 'Inst_boton_reset' of component 'boton_reset' [C:/Users/irene/Desktop/2023-2024/Info/Trabajo-SED/Trabajo_SED/Trabajo_SED.srcs/sources_1/new/top.vhd:87]
INFO: [Synth 8-638] synthesizing module 'boton_reset' [C:/Users/irene/Desktop/2023-2024/Info/Trabajo-SED/Trabajo_SED/Trabajo_SED.srcs/sources_1/new/boton_reset.vhd:13]
INFO: [Synth 8-3491] module 'SYNCHRNZR' declared at 'C:/Users/irene/Desktop/2023-2024/Info/Trabajo-SED/Trabajo_SED/Trabajo_SED.srcs/sources_1/new/SYNCHRNZR.vhd:3' bound to instance 'Inst_SYNCHRNZR' of component 'SYNCHRNZR' [C:/Users/irene/Desktop/2023-2024/Info/Trabajo-SED/Trabajo_SED/Trabajo_SED.srcs/sources_1/new/boton_reset.vhd:36]
INFO: [Synth 8-638] synthesizing module 'SYNCHRNZR' [C:/Users/irene/Desktop/2023-2024/Info/Trabajo-SED/Trabajo_SED/Trabajo_SED.srcs/sources_1/new/SYNCHRNZR.vhd:10]
INFO: [Synth 8-256] done synthesizing module 'SYNCHRNZR' (1#1) [C:/Users/irene/Desktop/2023-2024/Info/Trabajo-SED/Trabajo_SED/Trabajo_SED.srcs/sources_1/new/SYNCHRNZR.vhd:10]
INFO: [Synth 8-3491] module 'EDGEDTCTR' declared at 'C:/Users/irene/Desktop/2023-2024/Info/Trabajo-SED/Trabajo_SED/Trabajo_SED.srcs/sources_1/new/edgedtctr.vhd:3' bound to instance 'Inst_EDGEDTCTR' of component 'EDGEDTCTR' [C:/Users/irene/Desktop/2023-2024/Info/Trabajo-SED/Trabajo_SED/Trabajo_SED.srcs/sources_1/new/boton_reset.vhd:42]
INFO: [Synth 8-638] synthesizing module 'EDGEDTCTR' [C:/Users/irene/Desktop/2023-2024/Info/Trabajo-SED/Trabajo_SED/Trabajo_SED.srcs/sources_1/new/edgedtctr.vhd:11]
INFO: [Synth 8-256] done synthesizing module 'EDGEDTCTR' (2#1) [C:/Users/irene/Desktop/2023-2024/Info/Trabajo-SED/Trabajo_SED/Trabajo_SED.srcs/sources_1/new/edgedtctr.vhd:11]
INFO: [Synth 8-256] done synthesizing module 'boton_reset' (3#1) [C:/Users/irene/Desktop/2023-2024/Info/Trabajo-SED/Trabajo_SED/Trabajo_SED.srcs/sources_1/new/boton_reset.vhd:13]
INFO: [Synth 8-3491] module 'control_display' declared at 'C:/Users/irene/Desktop/2023-2024/Info/Trabajo-SED/Trabajo_SED/Trabajo_SED.srcs/sources_1/imports/new/control_display.vhd:5' bound to instance 'Inst_control_display' of component 'control_display' [C:/Users/irene/Desktop/2023-2024/Info/Trabajo-SED/Trabajo_SED/Trabajo_SED.srcs/sources_1/new/top.vhd:94]
INFO: [Synth 8-638] synthesizing module 'control_display' [C:/Users/irene/Desktop/2023-2024/Info/Trabajo-SED/Trabajo_SED/Trabajo_SED.srcs/sources_1/imports/new/control_display.vhd:18]
INFO: [Synth 8-3491] module 'entero_bcd' declared at 'C:/Users/irene/Desktop/2023-2024/Info/Trabajo-SED/Trabajo_SED/Trabajo_SED.srcs/sources_1/imports/new/entero_bcd.vhd:6' bound to instance 'Inst_entero_bcd' of component 'entero_bcd' [C:/Users/irene/Desktop/2023-2024/Info/Trabajo-SED/Trabajo_SED/Trabajo_SED.srcs/sources_1/imports/new/control_display.vhd:49]
INFO: [Synth 8-638] synthesizing module 'entero_bcd' [C:/Users/irene/Desktop/2023-2024/Info/Trabajo-SED/Trabajo_SED/Trabajo_SED.srcs/sources_1/imports/new/entero_bcd.vhd:16]
INFO: [Synth 8-256] done synthesizing module 'entero_bcd' (4#1) [C:/Users/irene/Desktop/2023-2024/Info/Trabajo-SED/Trabajo_SED/Trabajo_SED.srcs/sources_1/imports/new/entero_bcd.vhd:16]
INFO: [Synth 8-3491] module 'display' declared at 'C:/Users/irene/Desktop/2023-2024/Info/Trabajo-SED/Trabajo_SED/Trabajo_SED.srcs/sources_1/imports/new/display.vhd:7' bound to instance 'Inst_display' of component 'display' [C:/Users/irene/Desktop/2023-2024/Info/Trabajo-SED/Trabajo_SED/Trabajo_SED.srcs/sources_1/imports/new/control_display.vhd:59]
INFO: [Synth 8-638] synthesizing module 'display' [C:/Users/irene/Desktop/2023-2024/Info/Trabajo-SED/Trabajo_SED/Trabajo_SED.srcs/sources_1/imports/new/display.vhd:19]
WARNING: [Synth 8-614] signal 'cuenta' is read in the process but is not in the sensitivity list [C:/Users/irene/Desktop/2023-2024/Info/Trabajo-SED/Trabajo_SED/Trabajo_SED.srcs/sources_1/imports/new/display.vhd:46]
WARNING: [Synth 8-614] signal 'numero' is read in the process but is not in the sensitivity list [C:/Users/irene/Desktop/2023-2024/Info/Trabajo-SED/Trabajo_SED/Trabajo_SED.srcs/sources_1/imports/new/display.vhd:46]
WARNING: [Synth 8-614] signal 'numero' is read in the process but is not in the sensitivity list [C:/Users/irene/Desktop/2023-2024/Info/Trabajo-SED/Trabajo_SED/Trabajo_SED.srcs/sources_1/imports/new/display.vhd:61]
INFO: [Synth 8-256] done synthesizing module 'display' (5#1) [C:/Users/irene/Desktop/2023-2024/Info/Trabajo-SED/Trabajo_SED/Trabajo_SED.srcs/sources_1/imports/new/display.vhd:19]
INFO: [Synth 8-256] done synthesizing module 'control_display' (6#1) [C:/Users/irene/Desktop/2023-2024/Info/Trabajo-SED/Trabajo_SED/Trabajo_SED.srcs/sources_1/imports/new/control_display.vhd:18]
INFO: [Synth 8-3491] module 'interruptores' declared at 'C:/Users/irene/Desktop/2023-2024/Info/Trabajo-SED/Trabajo_SED/Trabajo_SED.srcs/sources_1/new/interruptores.vhd:4' bound to instance 'Inst_interruptores' of component 'interruptores' [C:/Users/irene/Desktop/2023-2024/Info/Trabajo-SED/Trabajo_SED/Trabajo_SED.srcs/sources_1/new/top.vhd:104]
INFO: [Synth 8-638] synthesizing module 'interruptores' [C:/Users/irene/Desktop/2023-2024/Info/Trabajo-SED/Trabajo_SED/Trabajo_SED.srcs/sources_1/new/interruptores.vhd:12]
INFO: [Synth 8-3491] module 'SYNCHRNZR' declared at 'C:/Users/irene/Desktop/2023-2024/Info/Trabajo-SED/Trabajo_SED/Trabajo_SED.srcs/sources_1/new/SYNCHRNZR.vhd:3' bound to instance 'Inst_SYNCHRNZR_3' of component 'SYNCHRNZR' [C:/Users/irene/Desktop/2023-2024/Info/Trabajo-SED/Trabajo_SED/Trabajo_SED.srcs/sources_1/new/interruptores.vhd:33]
INFO: [Synth 8-3491] module 'SYNCHRNZR' declared at 'C:/Users/irene/Desktop/2023-2024/Info/Trabajo-SED/Trabajo_SED/Trabajo_SED.srcs/sources_1/new/SYNCHRNZR.vhd:3' bound to instance 'Inst_SYNCHRNZR_2' of component 'SYNCHRNZR' [C:/Users/irene/Desktop/2023-2024/Info/Trabajo-SED/Trabajo_SED/Trabajo_SED.srcs/sources_1/new/interruptores.vhd:38]
INFO: [Synth 8-3491] module 'SYNCHRNZR' declared at 'C:/Users/irene/Desktop/2023-2024/Info/Trabajo-SED/Trabajo_SED/Trabajo_SED.srcs/sources_1/new/SYNCHRNZR.vhd:3' bound to instance 'Inst_SYNCHRNZR_1' of component 'SYNCHRNZR' [C:/Users/irene/Desktop/2023-2024/Info/Trabajo-SED/Trabajo_SED/Trabajo_SED.srcs/sources_1/new/interruptores.vhd:43]
INFO: [Synth 8-3491] module 'SYNCHRNZR' declared at 'C:/Users/irene/Desktop/2023-2024/Info/Trabajo-SED/Trabajo_SED/Trabajo_SED.srcs/sources_1/new/SYNCHRNZR.vhd:3' bound to instance 'Inst_SYNCHRNZR_0' of component 'SYNCHRNZR' [C:/Users/irene/Desktop/2023-2024/Info/Trabajo-SED/Trabajo_SED/Trabajo_SED.srcs/sources_1/new/interruptores.vhd:48]
INFO: [Synth 8-3491] module 'EDGEDTCTR' declared at 'C:/Users/irene/Desktop/2023-2024/Info/Trabajo-SED/Trabajo_SED/Trabajo_SED.srcs/sources_1/new/edgedtctr.vhd:3' bound to instance 'Inst_EDGEDTCTR_3' of component 'EDGEDTCTR' [C:/Users/irene/Desktop/2023-2024/Info/Trabajo-SED/Trabajo_SED/Trabajo_SED.srcs/sources_1/new/interruptores.vhd:54]
INFO: [Synth 8-3491] module 'EDGEDTCTR' declared at 'C:/Users/irene/Desktop/2023-2024/Info/Trabajo-SED/Trabajo_SED/Trabajo_SED.srcs/sources_1/new/edgedtctr.vhd:3' bound to instance 'Inst_EDGEDTCTR_2' of component 'EDGEDTCTR' [C:/Users/irene/Desktop/2023-2024/Info/Trabajo-SED/Trabajo_SED/Trabajo_SED.srcs/sources_1/new/interruptores.vhd:59]
INFO: [Synth 8-3491] module 'EDGEDTCTR' declared at 'C:/Users/irene/Desktop/2023-2024/Info/Trabajo-SED/Trabajo_SED/Trabajo_SED.srcs/sources_1/new/edgedtctr.vhd:3' bound to instance 'Inst_EDGEDTCTR_1' of component 'EDGEDTCTR' [C:/Users/irene/Desktop/2023-2024/Info/Trabajo-SED/Trabajo_SED/Trabajo_SED.srcs/sources_1/new/interruptores.vhd:64]
INFO: [Synth 8-3491] module 'EDGEDTCTR' declared at 'C:/Users/irene/Desktop/2023-2024/Info/Trabajo-SED/Trabajo_SED/Trabajo_SED.srcs/sources_1/new/edgedtctr.vhd:3' bound to instance 'Inst_EDGEDTCTR_0' of component 'EDGEDTCTR' [C:/Users/irene/Desktop/2023-2024/Info/Trabajo-SED/Trabajo_SED/Trabajo_SED.srcs/sources_1/new/interruptores.vhd:69]
INFO: [Synth 8-256] done synthesizing module 'interruptores' (7#1) [C:/Users/irene/Desktop/2023-2024/Info/Trabajo-SED/Trabajo_SED/Trabajo_SED.srcs/sources_1/new/interruptores.vhd:12]
INFO: [Synth 8-3491] module 'FSM' declared at 'C:/Users/irene/Desktop/2023-2024/Info/Trabajo-SED/Trabajo_SED/Trabajo_SED.srcs/sources_1/new/FSM.vhd:5' bound to instance 'Inst_FSM' of component 'FSM' [C:/Users/irene/Desktop/2023-2024/Info/Trabajo-SED/Trabajo_SED/Trabajo_SED.srcs/sources_1/new/top.vhd:110]
INFO: [Synth 8-638] synthesizing module 'FSM' [C:/Users/irene/Desktop/2023-2024/Info/Trabajo-SED/Trabajo_SED/Trabajo_SED.srcs/sources_1/new/FSM.vhd:17]
INFO: [Synth 8-3491] module 'FSM_principal' declared at 'C:/Users/irene/Desktop/2023-2024/Info/Trabajo-SED/Trabajo_SED/Trabajo_SED.srcs/sources_1/new/FSM_principal.vhd:5' bound to instance 'FSM_Master' of component 'FSM_principal' [C:/Users/irene/Desktop/2023-2024/Info/Trabajo-SED/Trabajo_SED/Trabajo_SED.srcs/sources_1/new/FSM.vhd:49]
INFO: [Synth 8-638] synthesizing module 'FSM_principal' [C:/Users/irene/Desktop/2023-2024/Info/Trabajo-SED/Trabajo_SED/Trabajo_SED.srcs/sources_1/new/FSM_principal.vhd:19]
WARNING: [Synth 8-614] signal 'RESET' is read in the process but is not in the sensitivity list [C:/Users/irene/Desktop/2023-2024/Info/Trabajo-SED/Trabajo_SED/Trabajo_SED.srcs/sources_1/new/FSM_principal.vhd:154]
WARNING: [Synth 8-614] signal 'producto_seleccionado' is read in the process but is not in the sensitivity list [C:/Users/irene/Desktop/2023-2024/Info/Trabajo-SED/Trabajo_SED/Trabajo_SED.srcs/sources_1/new/FSM_principal.vhd:154]
WARNING: [Synth 8-614] signal 'importe' is read in the process but is not in the sensitivity list [C:/Users/irene/Desktop/2023-2024/Info/Trabajo-SED/Trabajo_SED/Trabajo_SED.srcs/sources_1/new/FSM_principal.vhd:154]
WARNING: [Synth 8-614] signal 'importe' is read in the process but is not in the sensitivity list [C:/Users/irene/Desktop/2023-2024/Info/Trabajo-SED/Trabajo_SED/Trabajo_SED.srcs/sources_1/new/FSM_principal.vhd:207]
WARNING: [Synth 8-614] signal 'precio' is read in the process but is not in the sensitivity list [C:/Users/irene/Desktop/2023-2024/Info/Trabajo-SED/Trabajo_SED/Trabajo_SED.srcs/sources_1/new/FSM_principal.vhd:207]
INFO: [Synth 8-256] done synthesizing module 'FSM_principal' (8#1) [C:/Users/irene/Desktop/2023-2024/Info/Trabajo-SED/Trabajo_SED/Trabajo_SED.srcs/sources_1/new/FSM_principal.vhd:19]
INFO: [Synth 8-3491] module 'devolver_el_dinero' declared at 'C:/Users/irene/Desktop/2023-2024/Info/Trabajo-SED/Trabajo_SED/Trabajo_SED.srcs/sources_1/new/devolver_el_dinero.vhd:5' bound to instance 'FSM_Slave' of component 'devolver_el_dinero' [C:/Users/irene/Desktop/2023-2024/Info/Trabajo-SED/Trabajo_SED/Trabajo_SED.srcs/sources_1/new/FSM.vhd:62]
INFO: [Synth 8-638] synthesizing module 'devolver_el_dinero' [C:/Users/irene/Desktop/2023-2024/Info/Trabajo-SED/Trabajo_SED/Trabajo_SED.srcs/sources_1/new/devolver_el_dinero.vhd:14]
WARNING: [Synth 8-614] signal 'enable' is read in the process but is not in the sensitivity list [C:/Users/irene/Desktop/2023-2024/Info/Trabajo-SED/Trabajo_SED/Trabajo_SED.srcs/sources_1/new/devolver_el_dinero.vhd:53]
WARNING: [Synth 8-614] signal 'tiempo_terminado' is read in the process but is not in the sensitivity list [C:/Users/irene/Desktop/2023-2024/Info/Trabajo-SED/Trabajo_SED/Trabajo_SED.srcs/sources_1/new/devolver_el_dinero.vhd:53]
WARNING: [Synth 8-614] signal 'dinero_restante' is read in the process but is not in the sensitivity list [C:/Users/irene/Desktop/2023-2024/Info/Trabajo-SED/Trabajo_SED/Trabajo_SED.srcs/sources_1/new/devolver_el_dinero.vhd:68]
WARNING: [Synth 8-614] signal 'cantidad' is read in the process but is not in the sensitivity list [C:/Users/irene/Desktop/2023-2024/Info/Trabajo-SED/Trabajo_SED/Trabajo_SED.srcs/sources_1/new/devolver_el_dinero.vhd:90]
WARNING: [Synth 8-614] signal 'dinero_restante' is read in the process but is not in the sensitivity list [C:/Users/irene/Desktop/2023-2024/Info/Trabajo-SED/Trabajo_SED/Trabajo_SED.srcs/sources_1/new/devolver_el_dinero.vhd:90]
INFO: [Synth 8-256] done synthesizing module 'devolver_el_dinero' (9#1) [C:/Users/irene/Desktop/2023-2024/Info/Trabajo-SED/Trabajo_SED/Trabajo_SED.srcs/sources_1/new/devolver_el_dinero.vhd:14]
INFO: [Synth 8-256] done synthesizing module 'FSM' (10#1) [C:/Users/irene/Desktop/2023-2024/Info/Trabajo-SED/Trabajo_SED/Trabajo_SED.srcs/sources_1/new/FSM.vhd:17]
INFO: [Synth 8-3491] module 'CONTADOR_DE_MONEDAS' declared at 'C:/Users/irene/Desktop/2023-2024/Info/Trabajo-SED/Trabajo_SED/Trabajo_SED.srcs/sources_1/new/CONTADOR_DE_MONEDAS.vhd:3' bound to instance 'Inst_CONTADOR_DE_MONEDAS' of component 'CONTADOR_DE_MONEDAS' [C:/Users/irene/Desktop/2023-2024/Info/Trabajo-SED/Trabajo_SED/Trabajo_SED.srcs/sources_1/new/top.vhd:122]
INFO: [Synth 8-638] synthesizing module 'CONTADOR_DE_MONEDAS' [C:/Users/irene/Desktop/2023-2024/Info/Trabajo-SED/Trabajo_SED/Trabajo_SED.srcs/sources_1/new/CONTADOR_DE_MONEDAS.vhd:12]
INFO: [Synth 8-3491] module 'decodificador_moneda' declared at 'C:/Users/irene/Desktop/2023-2024/Info/Trabajo-SED/Trabajo_SED/Trabajo_SED.srcs/sources_1/new/decodificador_moneda.vhd:14' bound to instance 'Inst_decodificador_moneda' of component 'decodificador_moneda' [C:/Users/irene/Desktop/2023-2024/Info/Trabajo-SED/Trabajo_SED/Trabajo_SED.srcs/sources_1/new/CONTADOR_DE_MONEDAS.vhd:35]
INFO: [Synth 8-638] synthesizing module 'decodificador_moneda' [C:/Users/irene/Desktop/2023-2024/Info/Trabajo-SED/Trabajo_SED/Trabajo_SED.srcs/sources_1/new/decodificador_moneda.vhd:19]
INFO: [Synth 8-256] done synthesizing module 'decodificador_moneda' (11#1) [C:/Users/irene/Desktop/2023-2024/Info/Trabajo-SED/Trabajo_SED/Trabajo_SED.srcs/sources_1/new/decodificador_moneda.vhd:19]
INFO: [Synth 8-3491] module 'sumadordemonedas' declared at 'C:/Users/irene/Desktop/2023-2024/Info/Trabajo-SED/Trabajo_SED/Trabajo_SED.srcs/sources_1/new/contadordemonedas.vhd:5' bound to instance 'Inst_sumadordemonedas' of component 'sumadordemonedas' [C:/Users/irene/Desktop/2023-2024/Info/Trabajo-SED/Trabajo_SED/Trabajo_SED.srcs/sources_1/new/CONTADOR_DE_MONEDAS.vhd:40]
INFO: [Synth 8-638] synthesizing module 'sumadordemonedas' [C:/Users/irene/Desktop/2023-2024/Info/Trabajo-SED/Trabajo_SED/Trabajo_SED.srcs/sources_1/new/contadordemonedas.vhd:13]
WARNING: [Synth 8-614] signal 'enable' is read in the process but is not in the sensitivity list [C:/Users/irene/Desktop/2023-2024/Info/Trabajo-SED/Trabajo_SED/Trabajo_SED.srcs/sources_1/new/contadordemonedas.vhd:16]
INFO: [Synth 8-256] done synthesizing module 'sumadordemonedas' (12#1) [C:/Users/irene/Desktop/2023-2024/Info/Trabajo-SED/Trabajo_SED/Trabajo_SED.srcs/sources_1/new/contadordemonedas.vhd:13]
WARNING: [Synth 8-7043] port width mismatch for port 'cuenta': port width = 8, actual width = 7 (integer) [C:/Users/irene/Desktop/2023-2024/Info/Trabajo-SED/Trabajo_SED/Trabajo_SED.srcs/sources_1/new/CONTADOR_DE_MONEDAS.vhd:45]
INFO: [Synth 8-256] done synthesizing module 'CONTADOR_DE_MONEDAS' (13#1) [C:/Users/irene/Desktop/2023-2024/Info/Trabajo-SED/Trabajo_SED/Trabajo_SED.srcs/sources_1/new/CONTADOR_DE_MONEDAS.vhd:12]
WARNING: [Synth 8-7043] port width mismatch for port 'total': port width = 7, actual width = 32 (integer) [C:/Users/irene/Desktop/2023-2024/Info/Trabajo-SED/Trabajo_SED/Trabajo_SED.srcs/sources_1/new/top.vhd:128]
INFO: [Synth 8-3491] module 'pulsadores' declared at 'C:/Users/irene/Desktop/2023-2024/Info/Trabajo-SED/Trabajo_SED/Trabajo_SED.srcs/sources_1/new/pulsadores.vhd:5' bound to instance 'Inst_pulsadores' of component 'pulsadores' [C:/Users/irene/Desktop/2023-2024/Info/Trabajo-SED/Trabajo_SED/Trabajo_SED.srcs/sources_1/new/top.vhd:130]
INFO: [Synth 8-638] synthesizing module 'pulsadores' [C:/Users/irene/Desktop/2023-2024/Info/Trabajo-SED/Trabajo_SED/Trabajo_SED.srcs/sources_1/new/pulsadores.vhd:13]
INFO: [Synth 8-3491] module 'SYNCHRNZR' declared at 'C:/Users/irene/Desktop/2023-2024/Info/Trabajo-SED/Trabajo_SED/Trabajo_SED.srcs/sources_1/new/SYNCHRNZR.vhd:3' bound to instance 'Inst_SYNCHRNZR_1' of component 'SYNCHRNZR' [C:/Users/irene/Desktop/2023-2024/Info/Trabajo-SED/Trabajo_SED/Trabajo_SED.srcs/sources_1/new/pulsadores.vhd:36]
INFO: [Synth 8-3491] module 'SYNCHRNZR' declared at 'C:/Users/irene/Desktop/2023-2024/Info/Trabajo-SED/Trabajo_SED/Trabajo_SED.srcs/sources_1/new/SYNCHRNZR.vhd:3' bound to instance 'Inst_SYNCHRNZR_2' of component 'SYNCHRNZR' [C:/Users/irene/Desktop/2023-2024/Info/Trabajo-SED/Trabajo_SED/Trabajo_SED.srcs/sources_1/new/pulsadores.vhd:41]
INFO: [Synth 8-3491] module 'EDGEDTCTR' declared at 'C:/Users/irene/Desktop/2023-2024/Info/Trabajo-SED/Trabajo_SED/Trabajo_SED.srcs/sources_1/new/edgedtctr.vhd:3' bound to instance 'Inst_EDGEDTCTR_1' of component 'EDGEDTCTR' [C:/Users/irene/Desktop/2023-2024/Info/Trabajo-SED/Trabajo_SED/Trabajo_SED.srcs/sources_1/new/pulsadores.vhd:47]
INFO: [Synth 8-3491] module 'EDGEDTCTR' declared at 'C:/Users/irene/Desktop/2023-2024/Info/Trabajo-SED/Trabajo_SED/Trabajo_SED.srcs/sources_1/new/edgedtctr.vhd:3' bound to instance 'Inst_EDGEDTCTR_2' of component 'EDGEDTCTR' [C:/Users/irene/Desktop/2023-2024/Info/Trabajo-SED/Trabajo_SED/Trabajo_SED.srcs/sources_1/new/pulsadores.vhd:53]
INFO: [Synth 8-256] done synthesizing module 'pulsadores' (14#1) [C:/Users/irene/Desktop/2023-2024/Info/Trabajo-SED/Trabajo_SED/Trabajo_SED.srcs/sources_1/new/pulsadores.vhd:13]
INFO: [Synth 8-256] done synthesizing module 'top' (15#1) [C:/Users/irene/Desktop/2023-2024/Info/Trabajo-SED/Trabajo_SED/Trabajo_SED.srcs/sources_1/new/top.vhd:19]
---------------------------------------------------------------------------------
Finished Synthesize : Time (s): cpu = 00:00:11 ; elapsed = 00:00:11 . Memory (MB): peak = 2040.109 ; gain = 534.273
---------------------------------------------------------------------------------
Copyright 1986-2022 Xilinx, Inc. All Rights Reserved. Copyright 2022-2024 Advanced Micro Devices, Inc. All Rights Reserved.
---------------------------------------------------------------------------------------------------------------------------------------------
| Tool Version : Vivado v.2024.1 (win64) Build 5076996 Wed May 22 18:37:14 MDT 2024
| Date         : Fri Jan 24 00:31:26 2025
| Host         : LAPTOP-D1CFJ21I running 64-bit major release  (build 9200)
---------------------------------------------------------------------------------------------------------------------------------------------

RTL Linter Report

Table of Contents
-----------------
1. Summary

1. Summary
----------

+----------+----------+--------------+----------+
| Rule ID  | Severity | # Violations | # Waived |
+----------+----------+--------------+----------+
| ASSIGN-5 | WARNING  | 1            | 0        |
| INFER-1  | WARNING  | 2            | 0        |
| RESET-2  | WARNING  | 2            | 0        |
+----------+----------+--------------+----------+


WARNING: [Synth 37-124] [ASSIGN-5]Some bits in 'code_in' are not set. First unset bit index is 0. 
RTL Name 'code_in', Hierarchy 'control_display', File 'control_display.vhd', Line 21.
WARNING: [Synth 37-103] [RESET-2]Register cantidad_prev_reg in always/process block does not have asynchronous reset when one or more other signals do.
RTL Name 'cantidad_prev_reg', Hierarchy 'devolver_el_dinero', File 'C:/Users/irene/Desktop/2023-2024/Info/Trabajo-SED/Trabajo_SED/Trabajo_SED.srcs/sources_1/new/devolver_el_dinero.vhd', Line 53.
WARNING: [Synth 37-103] [RESET-2]Register current_state_reg in always/process block does not have asynchronous reset when one or more other signals do.
RTL Name 'current_state_reg', Hierarchy 'devolver_el_dinero', File 'C:/Users/irene/Desktop/2023-2024/Info/Trabajo-SED/Trabajo_SED/Trabajo_SED.srcs/sources_1/new/devolver_el_dinero.vhd', Line 53.
WARNING: [Synth 37-88] [INFER-1]Inferred latch found for digsel_reg. 
RTL Name 'digsel_reg', Hierarchy 'display', File 'C:/Users/irene/Desktop/2023-2024/Info/Trabajo-SED/Trabajo_SED/Trabajo_SED.srcs/sources_1/imports/new/display.vhd', Line 51.
WARNING: [Synth 37-88] [INFER-1]Inferred latch found for show_reg. 
RTL Name 'show_reg', Hierarchy 'display', File 'C:/Users/irene/Desktop/2023-2024/Info/Trabajo-SED/Trabajo_SED/Trabajo_SED.srcs/sources_1/imports/new/display.vhd', Line 65.
INFO: [Synth 37-85] Total of 5 linter message(s) generated.
INFO: [Synth 37-45] Linter Run Finished!
Synthesis Optimization Runtime : Time (s): cpu = 00:00:11 ; elapsed = 00:00:11 . Memory (MB): peak = 2040.109 ; gain = 534.273
INFO: [Common 17-83] Releasing license: Synthesis
63 Infos, 21 Warnings, 0 Critical Warnings and 0 Errors encountered.
synth_design completed successfully
synth_design: Time (s): cpu = 00:00:12 ; elapsed = 00:00:11 . Memory (MB): peak = 2040.109 ; gain = 550.449
synth_design -rtl -rtl_skip_mlo -name rtl_1
Command: synth_design -rtl -rtl_skip_mlo -name rtl_1
Starting synth_design
Using part: xc7a100tcsg324-1
Top: top
INFO: [Device 21-403] Loading part xc7a100tcsg324-1
INFO: [Device 21-9227] Part: xc7a100tcsg324-1 does not have CEAM library.
INFO: [Synth 8-7079] Multithreading enabled for synth_design using a maximum of 2 processes.
---------------------------------------------------------------------------------
Starting RTL Elaboration : Time (s): cpu = 00:00:09 ; elapsed = 00:00:07 . Memory (MB): peak = 2351.168 ; gain = 128.910
---------------------------------------------------------------------------------
INFO: [Synth 8-638] synthesizing module 'top' [C:/Users/irene/Desktop/2023-2024/Info/Trabajo-SED/Trabajo_SED/Trabajo_SED.srcs/sources_1/new/top.vhd:19]
INFO: [Synth 8-3491] module 'boton_reset' declared at 'C:/Users/irene/Desktop/2023-2024/Info/Trabajo-SED/Trabajo_SED/Trabajo_SED.srcs/sources_1/new/boton_reset.vhd:5' bound to instance 'Inst_boton_reset' of component 'boton_reset' [C:/Users/irene/Desktop/2023-2024/Info/Trabajo-SED/Trabajo_SED/Trabajo_SED.srcs/sources_1/new/top.vhd:87]
INFO: [Synth 8-638] synthesizing module 'boton_reset' [C:/Users/irene/Desktop/2023-2024/Info/Trabajo-SED/Trabajo_SED/Trabajo_SED.srcs/sources_1/new/boton_reset.vhd:13]
INFO: [Synth 8-3491] module 'SYNCHRNZR' declared at 'C:/Users/irene/Desktop/2023-2024/Info/Trabajo-SED/Trabajo_SED/Trabajo_SED.srcs/sources_1/new/SYNCHRNZR.vhd:3' bound to instance 'Inst_SYNCHRNZR' of component 'SYNCHRNZR' [C:/Users/irene/Desktop/2023-2024/Info/Trabajo-SED/Trabajo_SED/Trabajo_SED.srcs/sources_1/new/boton_reset.vhd:36]
INFO: [Synth 8-638] synthesizing module 'SYNCHRNZR' [C:/Users/irene/Desktop/2023-2024/Info/Trabajo-SED/Trabajo_SED/Trabajo_SED.srcs/sources_1/new/SYNCHRNZR.vhd:10]
INFO: [Synth 8-256] done synthesizing module 'SYNCHRNZR' (0#1) [C:/Users/irene/Desktop/2023-2024/Info/Trabajo-SED/Trabajo_SED/Trabajo_SED.srcs/sources_1/new/SYNCHRNZR.vhd:10]
INFO: [Synth 8-3491] module 'EDGEDTCTR' declared at 'C:/Users/irene/Desktop/2023-2024/Info/Trabajo-SED/Trabajo_SED/Trabajo_SED.srcs/sources_1/new/edgedtctr.vhd:3' bound to instance 'Inst_EDGEDTCTR' of component 'EDGEDTCTR' [C:/Users/irene/Desktop/2023-2024/Info/Trabajo-SED/Trabajo_SED/Trabajo_SED.srcs/sources_1/new/boton_reset.vhd:42]
INFO: [Synth 8-638] synthesizing module 'EDGEDTCTR' [C:/Users/irene/Desktop/2023-2024/Info/Trabajo-SED/Trabajo_SED/Trabajo_SED.srcs/sources_1/new/edgedtctr.vhd:11]
INFO: [Synth 8-256] done synthesizing module 'EDGEDTCTR' (0#1) [C:/Users/irene/Desktop/2023-2024/Info/Trabajo-SED/Trabajo_SED/Trabajo_SED.srcs/sources_1/new/edgedtctr.vhd:11]
INFO: [Synth 8-256] done synthesizing module 'boton_reset' (0#1) [C:/Users/irene/Desktop/2023-2024/Info/Trabajo-SED/Trabajo_SED/Trabajo_SED.srcs/sources_1/new/boton_reset.vhd:13]
INFO: [Synth 8-3491] module 'control_display' declared at 'C:/Users/irene/Desktop/2023-2024/Info/Trabajo-SED/Trabajo_SED/Trabajo_SED.srcs/sources_1/imports/new/control_display.vhd:5' bound to instance 'Inst_control_display' of component 'control_display' [C:/Users/irene/Desktop/2023-2024/Info/Trabajo-SED/Trabajo_SED/Trabajo_SED.srcs/sources_1/new/top.vhd:94]
INFO: [Synth 8-638] synthesizing module 'control_display' [C:/Users/irene/Desktop/2023-2024/Info/Trabajo-SED/Trabajo_SED/Trabajo_SED.srcs/sources_1/imports/new/control_display.vhd:18]
INFO: [Synth 8-3491] module 'entero_bcd' declared at 'C:/Users/irene/Desktop/2023-2024/Info/Trabajo-SED/Trabajo_SED/Trabajo_SED.srcs/sources_1/imports/new/entero_bcd.vhd:6' bound to instance 'Inst_entero_bcd' of component 'entero_bcd' [C:/Users/irene/Desktop/2023-2024/Info/Trabajo-SED/Trabajo_SED/Trabajo_SED.srcs/sources_1/imports/new/control_display.vhd:49]
INFO: [Synth 8-638] synthesizing module 'entero_bcd' [C:/Users/irene/Desktop/2023-2024/Info/Trabajo-SED/Trabajo_SED/Trabajo_SED.srcs/sources_1/imports/new/entero_bcd.vhd:16]
INFO: [Synth 8-256] done synthesizing module 'entero_bcd' (0#1) [C:/Users/irene/Desktop/2023-2024/Info/Trabajo-SED/Trabajo_SED/Trabajo_SED.srcs/sources_1/imports/new/entero_bcd.vhd:16]
INFO: [Synth 8-3491] module 'display' declared at 'C:/Users/irene/Desktop/2023-2024/Info/Trabajo-SED/Trabajo_SED/Trabajo_SED.srcs/sources_1/imports/new/display.vhd:7' bound to instance 'Inst_display' of component 'display' [C:/Users/irene/Desktop/2023-2024/Info/Trabajo-SED/Trabajo_SED/Trabajo_SED.srcs/sources_1/imports/new/control_display.vhd:59]
INFO: [Synth 8-638] synthesizing module 'display' [C:/Users/irene/Desktop/2023-2024/Info/Trabajo-SED/Trabajo_SED/Trabajo_SED.srcs/sources_1/imports/new/display.vhd:19]
WARNING: [Synth 8-614] signal 'cuenta' is read in the process but is not in the sensitivity list [C:/Users/irene/Desktop/2023-2024/Info/Trabajo-SED/Trabajo_SED/Trabajo_SED.srcs/sources_1/imports/new/display.vhd:46]
WARNING: [Synth 8-614] signal 'numero' is read in the process but is not in the sensitivity list [C:/Users/irene/Desktop/2023-2024/Info/Trabajo-SED/Trabajo_SED/Trabajo_SED.srcs/sources_1/imports/new/display.vhd:46]
WARNING: [Synth 8-614] signal 'numero' is read in the process but is not in the sensitivity list [C:/Users/irene/Desktop/2023-2024/Info/Trabajo-SED/Trabajo_SED/Trabajo_SED.srcs/sources_1/imports/new/display.vhd:61]
INFO: [Synth 8-256] done synthesizing module 'display' (0#1) [C:/Users/irene/Desktop/2023-2024/Info/Trabajo-SED/Trabajo_SED/Trabajo_SED.srcs/sources_1/imports/new/display.vhd:19]
INFO: [Synth 8-256] done synthesizing module 'control_display' (0#1) [C:/Users/irene/Desktop/2023-2024/Info/Trabajo-SED/Trabajo_SED/Trabajo_SED.srcs/sources_1/imports/new/control_display.vhd:18]
INFO: [Synth 8-3491] module 'interruptores' declared at 'C:/Users/irene/Desktop/2023-2024/Info/Trabajo-SED/Trabajo_SED/Trabajo_SED.srcs/sources_1/new/interruptores.vhd:4' bound to instance 'Inst_interruptores' of component 'interruptores' [C:/Users/irene/Desktop/2023-2024/Info/Trabajo-SED/Trabajo_SED/Trabajo_SED.srcs/sources_1/new/top.vhd:104]
INFO: [Synth 8-638] synthesizing module 'interruptores' [C:/Users/irene/Desktop/2023-2024/Info/Trabajo-SED/Trabajo_SED/Trabajo_SED.srcs/sources_1/new/interruptores.vhd:12]
INFO: [Synth 8-3491] module 'SYNCHRNZR' declared at 'C:/Users/irene/Desktop/2023-2024/Info/Trabajo-SED/Trabajo_SED/Trabajo_SED.srcs/sources_1/new/SYNCHRNZR.vhd:3' bound to instance 'Inst_SYNCHRNZR_3' of component 'SYNCHRNZR' [C:/Users/irene/Desktop/2023-2024/Info/Trabajo-SED/Trabajo_SED/Trabajo_SED.srcs/sources_1/new/interruptores.vhd:33]
INFO: [Synth 8-3491] module 'SYNCHRNZR' declared at 'C:/Users/irene/Desktop/2023-2024/Info/Trabajo-SED/Trabajo_SED/Trabajo_SED.srcs/sources_1/new/SYNCHRNZR.vhd:3' bound to instance 'Inst_SYNCHRNZR_2' of component 'SYNCHRNZR' [C:/Users/irene/Desktop/2023-2024/Info/Trabajo-SED/Trabajo_SED/Trabajo_SED.srcs/sources_1/new/interruptores.vhd:38]
INFO: [Synth 8-3491] module 'SYNCHRNZR' declared at 'C:/Users/irene/Desktop/2023-2024/Info/Trabajo-SED/Trabajo_SED/Trabajo_SED.srcs/sources_1/new/SYNCHRNZR.vhd:3' bound to instance 'Inst_SYNCHRNZR_1' of component 'SYNCHRNZR' [C:/Users/irene/Desktop/2023-2024/Info/Trabajo-SED/Trabajo_SED/Trabajo_SED.srcs/sources_1/new/interruptores.vhd:43]
INFO: [Synth 8-3491] module 'SYNCHRNZR' declared at 'C:/Users/irene/Desktop/2023-2024/Info/Trabajo-SED/Trabajo_SED/Trabajo_SED.srcs/sources_1/new/SYNCHRNZR.vhd:3' bound to instance 'Inst_SYNCHRNZR_0' of component 'SYNCHRNZR' [C:/Users/irene/Desktop/2023-2024/Info/Trabajo-SED/Trabajo_SED/Trabajo_SED.srcs/sources_1/new/interruptores.vhd:48]
INFO: [Synth 8-3491] module 'EDGEDTCTR' declared at 'C:/Users/irene/Desktop/2023-2024/Info/Trabajo-SED/Trabajo_SED/Trabajo_SED.srcs/sources_1/new/edgedtctr.vhd:3' bound to instance 'Inst_EDGEDTCTR_3' of component 'EDGEDTCTR' [C:/Users/irene/Desktop/2023-2024/Info/Trabajo-SED/Trabajo_SED/Trabajo_SED.srcs/sources_1/new/interruptores.vhd:54]
INFO: [Synth 8-3491] module 'EDGEDTCTR' declared at 'C:/Users/irene/Desktop/2023-2024/Info/Trabajo-SED/Trabajo_SED/Trabajo_SED.srcs/sources_1/new/edgedtctr.vhd:3' bound to instance 'Inst_EDGEDTCTR_2' of component 'EDGEDTCTR' [C:/Users/irene/Desktop/2023-2024/Info/Trabajo-SED/Trabajo_SED/Trabajo_SED.srcs/sources_1/new/interruptores.vhd:59]
INFO: [Synth 8-3491] module 'EDGEDTCTR' declared at 'C:/Users/irene/Desktop/2023-2024/Info/Trabajo-SED/Trabajo_SED/Trabajo_SED.srcs/sources_1/new/edgedtctr.vhd:3' bound to instance 'Inst_EDGEDTCTR_1' of component 'EDGEDTCTR' [C:/Users/irene/Desktop/2023-2024/Info/Trabajo-SED/Trabajo_SED/Trabajo_SED.srcs/sources_1/new/interruptores.vhd:64]
INFO: [Synth 8-3491] module 'EDGEDTCTR' declared at 'C:/Users/irene/Desktop/2023-2024/Info/Trabajo-SED/Trabajo_SED/Trabajo_SED.srcs/sources_1/new/edgedtctr.vhd:3' bound to instance 'Inst_EDGEDTCTR_0' of component 'EDGEDTCTR' [C:/Users/irene/Desktop/2023-2024/Info/Trabajo-SED/Trabajo_SED/Trabajo_SED.srcs/sources_1/new/interruptores.vhd:69]
INFO: [Synth 8-256] done synthesizing module 'interruptores' (0#1) [C:/Users/irene/Desktop/2023-2024/Info/Trabajo-SED/Trabajo_SED/Trabajo_SED.srcs/sources_1/new/interruptores.vhd:12]
INFO: [Synth 8-3491] module 'FSM' declared at 'C:/Users/irene/Desktop/2023-2024/Info/Trabajo-SED/Trabajo_SED/Trabajo_SED.srcs/sources_1/new/FSM.vhd:5' bound to instance 'Inst_FSM' of component 'FSM' [C:/Users/irene/Desktop/2023-2024/Info/Trabajo-SED/Trabajo_SED/Trabajo_SED.srcs/sources_1/new/top.vhd:110]
INFO: [Synth 8-638] synthesizing module 'FSM' [C:/Users/irene/Desktop/2023-2024/Info/Trabajo-SED/Trabajo_SED/Trabajo_SED.srcs/sources_1/new/FSM.vhd:17]
INFO: [Synth 8-3491] module 'FSM_principal' declared at 'C:/Users/irene/Desktop/2023-2024/Info/Trabajo-SED/Trabajo_SED/Trabajo_SED.srcs/sources_1/new/FSM_principal.vhd:5' bound to instance 'FSM_Master' of component 'FSM_principal' [C:/Users/irene/Desktop/2023-2024/Info/Trabajo-SED/Trabajo_SED/Trabajo_SED.srcs/sources_1/new/FSM.vhd:49]
INFO: [Synth 8-638] synthesizing module 'FSM_principal' [C:/Users/irene/Desktop/2023-2024/Info/Trabajo-SED/Trabajo_SED/Trabajo_SED.srcs/sources_1/new/FSM_principal.vhd:19]
WARNING: [Synth 8-614] signal 'RESET' is read in the process but is not in the sensitivity list [C:/Users/irene/Desktop/2023-2024/Info/Trabajo-SED/Trabajo_SED/Trabajo_SED.srcs/sources_1/new/FSM_principal.vhd:154]
WARNING: [Synth 8-614] signal 'producto_seleccionado' is read in the process but is not in the sensitivity list [C:/Users/irene/Desktop/2023-2024/Info/Trabajo-SED/Trabajo_SED/Trabajo_SED.srcs/sources_1/new/FSM_principal.vhd:154]
WARNING: [Synth 8-614] signal 'importe' is read in the process but is not in the sensitivity list [C:/Users/irene/Desktop/2023-2024/Info/Trabajo-SED/Trabajo_SED/Trabajo_SED.srcs/sources_1/new/FSM_principal.vhd:154]
WARNING: [Synth 8-614] signal 'importe' is read in the process but is not in the sensitivity list [C:/Users/irene/Desktop/2023-2024/Info/Trabajo-SED/Trabajo_SED/Trabajo_SED.srcs/sources_1/new/FSM_principal.vhd:207]
WARNING: [Synth 8-614] signal 'precio' is read in the process but is not in the sensitivity list [C:/Users/irene/Desktop/2023-2024/Info/Trabajo-SED/Trabajo_SED/Trabajo_SED.srcs/sources_1/new/FSM_principal.vhd:207]
INFO: [Synth 8-256] done synthesizing module 'FSM_principal' (0#1) [C:/Users/irene/Desktop/2023-2024/Info/Trabajo-SED/Trabajo_SED/Trabajo_SED.srcs/sources_1/new/FSM_principal.vhd:19]
INFO: [Synth 8-3491] module 'devolver_el_dinero' declared at 'C:/Users/irene/Desktop/2023-2024/Info/Trabajo-SED/Trabajo_SED/Trabajo_SED.srcs/sources_1/new/devolver_el_dinero.vhd:5' bound to instance 'FSM_Slave' of component 'devolver_el_dinero' [C:/Users/irene/Desktop/2023-2024/Info/Trabajo-SED/Trabajo_SED/Trabajo_SED.srcs/sources_1/new/FSM.vhd:62]
INFO: [Synth 8-638] synthesizing module 'devolver_el_dinero' [C:/Users/irene/Desktop/2023-2024/Info/Trabajo-SED/Trabajo_SED/Trabajo_SED.srcs/sources_1/new/devolver_el_dinero.vhd:14]
WARNING: [Synth 8-614] signal 'enable' is read in the process but is not in the sensitivity list [C:/Users/irene/Desktop/2023-2024/Info/Trabajo-SED/Trabajo_SED/Trabajo_SED.srcs/sources_1/new/devolver_el_dinero.vhd:53]
WARNING: [Synth 8-614] signal 'tiempo_terminado' is read in the process but is not in the sensitivity list [C:/Users/irene/Desktop/2023-2024/Info/Trabajo-SED/Trabajo_SED/Trabajo_SED.srcs/sources_1/new/devolver_el_dinero.vhd:53]
WARNING: [Synth 8-614] signal 'dinero_restante' is read in the process but is not in the sensitivity list [C:/Users/irene/Desktop/2023-2024/Info/Trabajo-SED/Trabajo_SED/Trabajo_SED.srcs/sources_1/new/devolver_el_dinero.vhd:68]
WARNING: [Synth 8-614] signal 'cantidad' is read in the process but is not in the sensitivity list [C:/Users/irene/Desktop/2023-2024/Info/Trabajo-SED/Trabajo_SED/Trabajo_SED.srcs/sources_1/new/devolver_el_dinero.vhd:90]
WARNING: [Synth 8-614] signal 'dinero_restante' is read in the process but is not in the sensitivity list [C:/Users/irene/Desktop/2023-2024/Info/Trabajo-SED/Trabajo_SED/Trabajo_SED.srcs/sources_1/new/devolver_el_dinero.vhd:90]
INFO: [Synth 8-256] done synthesizing module 'devolver_el_dinero' (0#1) [C:/Users/irene/Desktop/2023-2024/Info/Trabajo-SED/Trabajo_SED/Trabajo_SED.srcs/sources_1/new/devolver_el_dinero.vhd:14]
INFO: [Synth 8-256] done synthesizing module 'FSM' (0#1) [C:/Users/irene/Desktop/2023-2024/Info/Trabajo-SED/Trabajo_SED/Trabajo_SED.srcs/sources_1/new/FSM.vhd:17]
INFO: [Synth 8-3491] module 'CONTADOR_DE_MONEDAS' declared at 'C:/Users/irene/Desktop/2023-2024/Info/Trabajo-SED/Trabajo_SED/Trabajo_SED.srcs/sources_1/new/CONTADOR_DE_MONEDAS.vhd:3' bound to instance 'Inst_CONTADOR_DE_MONEDAS' of component 'CONTADOR_DE_MONEDAS' [C:/Users/irene/Desktop/2023-2024/Info/Trabajo-SED/Trabajo_SED/Trabajo_SED.srcs/sources_1/new/top.vhd:122]
INFO: [Synth 8-638] synthesizing module 'CONTADOR_DE_MONEDAS' [C:/Users/irene/Desktop/2023-2024/Info/Trabajo-SED/Trabajo_SED/Trabajo_SED.srcs/sources_1/new/CONTADOR_DE_MONEDAS.vhd:12]
INFO: [Synth 8-3491] module 'decodificador_moneda' declared at 'C:/Users/irene/Desktop/2023-2024/Info/Trabajo-SED/Trabajo_SED/Trabajo_SED.srcs/sources_1/new/decodificador_moneda.vhd:14' bound to instance 'Inst_decodificador_moneda' of component 'decodificador_moneda' [C:/Users/irene/Desktop/2023-2024/Info/Trabajo-SED/Trabajo_SED/Trabajo_SED.srcs/sources_1/new/CONTADOR_DE_MONEDAS.vhd:35]
INFO: [Synth 8-638] synthesizing module 'decodificador_moneda' [C:/Users/irene/Desktop/2023-2024/Info/Trabajo-SED/Trabajo_SED/Trabajo_SED.srcs/sources_1/new/decodificador_moneda.vhd:19]
INFO: [Synth 8-256] done synthesizing module 'decodificador_moneda' (0#1) [C:/Users/irene/Desktop/2023-2024/Info/Trabajo-SED/Trabajo_SED/Trabajo_SED.srcs/sources_1/new/decodificador_moneda.vhd:19]
INFO: [Synth 8-3491] module 'sumadordemonedas' declared at 'C:/Users/irene/Desktop/2023-2024/Info/Trabajo-SED/Trabajo_SED/Trabajo_SED.srcs/sources_1/new/contadordemonedas.vhd:5' bound to instance 'Inst_sumadordemonedas' of component 'sumadordemonedas' [C:/Users/irene/Desktop/2023-2024/Info/Trabajo-SED/Trabajo_SED/Trabajo_SED.srcs/sources_1/new/CONTADOR_DE_MONEDAS.vhd:40]
INFO: [Synth 8-638] synthesizing module 'sumadordemonedas' [C:/Users/irene/Desktop/2023-2024/Info/Trabajo-SED/Trabajo_SED/Trabajo_SED.srcs/sources_1/new/contadordemonedas.vhd:13]
WARNING: [Synth 8-614] signal 'enable' is read in the process but is not in the sensitivity list [C:/Users/irene/Desktop/2023-2024/Info/Trabajo-SED/Trabajo_SED/Trabajo_SED.srcs/sources_1/new/contadordemonedas.vhd:16]
INFO: [Synth 8-256] done synthesizing module 'sumadordemonedas' (0#1) [C:/Users/irene/Desktop/2023-2024/Info/Trabajo-SED/Trabajo_SED/Trabajo_SED.srcs/sources_1/new/contadordemonedas.vhd:13]
WARNING: [Synth 8-7043] port width mismatch for port 'cuenta': port width = 8, actual width = 7 (integer) [C:/Users/irene/Desktop/2023-2024/Info/Trabajo-SED/Trabajo_SED/Trabajo_SED.srcs/sources_1/new/CONTADOR_DE_MONEDAS.vhd:45]
INFO: [Synth 8-256] done synthesizing module 'CONTADOR_DE_MONEDAS' (0#1) [C:/Users/irene/Desktop/2023-2024/Info/Trabajo-SED/Trabajo_SED/Trabajo_SED.srcs/sources_1/new/CONTADOR_DE_MONEDAS.vhd:12]
WARNING: [Synth 8-7043] port width mismatch for port 'total': port width = 7, actual width = 32 (integer) [C:/Users/irene/Desktop/2023-2024/Info/Trabajo-SED/Trabajo_SED/Trabajo_SED.srcs/sources_1/new/top.vhd:128]
INFO: [Synth 8-3491] module 'pulsadores' declared at 'C:/Users/irene/Desktop/2023-2024/Info/Trabajo-SED/Trabajo_SED/Trabajo_SED.srcs/sources_1/new/pulsadores.vhd:5' bound to instance 'Inst_pulsadores' of component 'pulsadores' [C:/Users/irene/Desktop/2023-2024/Info/Trabajo-SED/Trabajo_SED/Trabajo_SED.srcs/sources_1/new/top.vhd:130]
INFO: [Synth 8-638] synthesizing module 'pulsadores' [C:/Users/irene/Desktop/2023-2024/Info/Trabajo-SED/Trabajo_SED/Trabajo_SED.srcs/sources_1/new/pulsadores.vhd:13]
INFO: [Synth 8-3491] module 'SYNCHRNZR' declared at 'C:/Users/irene/Desktop/2023-2024/Info/Trabajo-SED/Trabajo_SED/Trabajo_SED.srcs/sources_1/new/SYNCHRNZR.vhd:3' bound to instance 'Inst_SYNCHRNZR_1' of component 'SYNCHRNZR' [C:/Users/irene/Desktop/2023-2024/Info/Trabajo-SED/Trabajo_SED/Trabajo_SED.srcs/sources_1/new/pulsadores.vhd:36]
INFO: [Synth 8-3491] module 'SYNCHRNZR' declared at 'C:/Users/irene/Desktop/2023-2024/Info/Trabajo-SED/Trabajo_SED/Trabajo_SED.srcs/sources_1/new/SYNCHRNZR.vhd:3' bound to instance 'Inst_SYNCHRNZR_2' of component 'SYNCHRNZR' [C:/Users/irene/Desktop/2023-2024/Info/Trabajo-SED/Trabajo_SED/Trabajo_SED.srcs/sources_1/new/pulsadores.vhd:41]
INFO: [Synth 8-3491] module 'EDGEDTCTR' declared at 'C:/Users/irene/Desktop/2023-2024/Info/Trabajo-SED/Trabajo_SED/Trabajo_SED.srcs/sources_1/new/edgedtctr.vhd:3' bound to instance 'Inst_EDGEDTCTR_1' of component 'EDGEDTCTR' [C:/Users/irene/Desktop/2023-2024/Info/Trabajo-SED/Trabajo_SED/Trabajo_SED.srcs/sources_1/new/pulsadores.vhd:47]
INFO: [Synth 8-3491] module 'EDGEDTCTR' declared at 'C:/Users/irene/Desktop/2023-2024/Info/Trabajo-SED/Trabajo_SED/Trabajo_SED.srcs/sources_1/new/edgedtctr.vhd:3' bound to instance 'Inst_EDGEDTCTR_2' of component 'EDGEDTCTR' [C:/Users/irene/Desktop/2023-2024/Info/Trabajo-SED/Trabajo_SED/Trabajo_SED.srcs/sources_1/new/pulsadores.vhd:53]
INFO: [Synth 8-256] done synthesizing module 'pulsadores' (0#1) [C:/Users/irene/Desktop/2023-2024/Info/Trabajo-SED/Trabajo_SED/Trabajo_SED.srcs/sources_1/new/pulsadores.vhd:13]
INFO: [Synth 8-256] done synthesizing module 'top' (0#1) [C:/Users/irene/Desktop/2023-2024/Info/Trabajo-SED/Trabajo_SED/Trabajo_SED.srcs/sources_1/new/top.vhd:19]
---------------------------------------------------------------------------------
Finished RTL Elaboration : Time (s): cpu = 00:00:11 ; elapsed = 00:00:10 . Memory (MB): peak = 2464.562 ; gain = 242.305
---------------------------------------------------------------------------------
---------------------------------------------------------------------------------
Start Handling Custom Attributes
---------------------------------------------------------------------------------
---------------------------------------------------------------------------------
Finished Handling Custom Attributes : Time (s): cpu = 00:00:11 ; elapsed = 00:00:10 . Memory (MB): peak = 2464.562 ; gain = 242.305
---------------------------------------------------------------------------------
---------------------------------------------------------------------------------
Finished RTL Optimization Phase 1 : Time (s): cpu = 00:00:11 ; elapsed = 00:00:10 . Memory (MB): peak = 2464.562 ; gain = 242.305
---------------------------------------------------------------------------------
Netlist sorting complete. Time (s): cpu = 00:00:00 ; elapsed = 00:00:00.015 . Memory (MB): peak = 2464.562 ; gain = 0.000
INFO: [Project 1-570] Preparing netlist for logic optimization

Processing XDC Constraints
Initializing timing engine
Parsing XDC File [C:/Users/irene/Desktop/2023-2024/Info/Trabajo-SED/Trabajo_SED/Trabajo_SED.srcs/constrs_1/imports/Downloads/Nexys-4-DDR-Master.xdc]
Finished Parsing XDC File [C:/Users/irene/Desktop/2023-2024/Info/Trabajo-SED/Trabajo_SED/Trabajo_SED.srcs/constrs_1/imports/Downloads/Nexys-4-DDR-Master.xdc]
Completed Processing XDC Constraints

Netlist sorting complete. Time (s): cpu = 00:00:00 ; elapsed = 00:00:00 . Memory (MB): peak = 2570.637 ; gain = 0.000
INFO: [Project 1-111] Unisim Transformation Summary:
No Unisim elements were transformed.

RTL Elaboration Complete:  : Time (s): cpu = 00:00:31 ; elapsed = 00:00:18 . Memory (MB): peak = 2612.754 ; gain = 390.496
61 Infos, 16 Warnings, 0 Critical Warnings and 0 Errors encountered.
synth_design completed successfully
synth_design: Time (s): cpu = 00:00:36 ; elapsed = 00:00:36 . Memory (MB): peak = 2612.754 ; gain = 572.645
launch_runs synth_1 -jobs 4
[Fri Jan 24 00:32:18 2025] Launched synth_1...
Run output will be captured here: C:/Users/irene/Desktop/2023-2024/Info/Trabajo-SED/Trabajo_SED/Trabajo_SED.runs/synth_1/runme.log
launch_runs impl_1 -jobs 4
[Fri Jan 24 00:33:49 2025] Launched impl_1...
Run output will be captured here: C:/Users/irene/Desktop/2023-2024/Info/Trabajo-SED/Trabajo_SED/Trabajo_SED.runs/impl_1/runme.log
launch_runs impl_1 -to_step write_bitstream -jobs 4
[Fri Jan 24 00:36:11 2025] Launched impl_1...
Run output will be captured here: C:/Users/irene/Desktop/2023-2024/Info/Trabajo-SED/Trabajo_SED/Trabajo_SED.runs/impl_1/runme.log
exit
INFO: [Common 17-206] Exiting Vivado at Fri Jan 24 00:37:32 2025...
