#-----------------------------------------------------------
# Vivado v2024.1 (64-bit)
# SW Build 5076996 on Wed May 22 18:37:14 MDT 2024
# IP Build 5075265 on Wed May 22 21:45:21 MDT 2024
# SharedData Build 5076995 on Wed May 22 18:29:18 MDT 2024
<<<<<<< Updated upstream
# Start of session at: Mon Dec 16 20:26:25 2024
# Process ID: 9904
# Current directory: C:/Users/sergi/Downloads/SED/Lab/Lab_sed/Trabajo/Trabajo-SED/Trabajo_SED
# Command line: vivado.exe -gui_launcher_event rodinguilauncherevent22240 C:\Users\sergi\Downloads\SED\Lab\Lab_sed\Trabajo\Trabajo-SED\Trabajo_SED\Trabajo_SED.xpr
=======
# Start of session at: Mon Dec 16 13:21:49 2024
# Process ID: 14600
# Current directory: C:/Users/sergi/Downloads/SED/Lab/Lab_sed/Trabajo/Trabajo-SED/Trabajo_SED
# Command line: vivado.exe -gui_launcher_event rodinguilauncherevent17412 C:\Users\sergi\Downloads\SED\Lab\Lab_sed\Trabajo\Trabajo-SED\Trabajo_SED\Trabajo_SED.xpr
>>>>>>> Stashed changes
# Log file: C:/Users/sergi/Downloads/SED/Lab/Lab_sed/Trabajo/Trabajo-SED/Trabajo_SED/vivado.log
# Journal file: C:/Users/sergi/Downloads/SED/Lab/Lab_sed/Trabajo/Trabajo-SED/Trabajo_SED\vivado.jou
# Running On        :DESKTOP-81MS265
# Platform          :Windows Server 2016 or Windows 10
# Operating System  :26100
# Processor Detail  :Intel(R) Core(TM) i5-10210U CPU @ 1.60GHz
# CPU Frequency     :2112 MHz
# CPU Physical cores:4
# CPU Logical cores :8
# Host memory       :8376 MB
# Swap memory       :6174 MB
# Total Virtual     :14550 MB
<<<<<<< Updated upstream
# Available Virtual :3863 MB
=======
# Available Virtual :6740 MB
>>>>>>> Stashed changes
#-----------------------------------------------------------
start_gui
open_project C:/Users/sergi/Downloads/SED/Lab/Lab_sed/Trabajo/Trabajo-SED/Trabajo_SED/Trabajo_SED.xpr
WARNING: [Board 49-26] cannot add Board Part xilinx.com:k24c:part0:1.0 available at C:/Xilinx/Vivado/2024.1/data/xhub/boards/XilinxBoardStore/boards/Xilinx/k24c/1.0/board.xml as part xck24-ubva530-2lv-c specified in board_part file is either invalid or not available
WARNING: [Board 49-26] cannot add Board Part xilinx.com:k24i:part0:1.0 available at C:/Xilinx/Vivado/2024.1/data/xhub/boards/XilinxBoardStore/boards/Xilinx/k24i/1.0/board.xml as part xck24-ubva530-2lvi-i specified in board_part file is either invalid or not available
WARNING: [Board 49-26] cannot add Board Part xilinx.com:k26c:part0:1.2 available at C:/Xilinx/Vivado/2024.1/data/xhub/boards/XilinxBoardStore/boards/Xilinx/k26c/1.2/board.xml as part xck26-sfvc784-2lv-c specified in board_part file is either invalid or not available
WARNING: [Board 49-26] cannot add Board Part xilinx.com:k26c:part0:1.3 available at C:/Xilinx/Vivado/2024.1/data/xhub/boards/XilinxBoardStore/boards/Xilinx/k26c/1.3/board.xml as part xck26-sfvc784-2lv-c specified in board_part file is either invalid or not available
WARNING: [Board 49-26] cannot add Board Part xilinx.com:k26c:part0:1.4 available at C:/Xilinx/Vivado/2024.1/data/xhub/boards/XilinxBoardStore/boards/Xilinx/k26c/1.4/board.xml as part xck26-sfvc784-2lv-c specified in board_part file is either invalid or not available
WARNING: [Board 49-26] cannot add Board Part xilinx.com:k26i:part0:1.2 available at C:/Xilinx/Vivado/2024.1/data/xhub/boards/XilinxBoardStore/boards/Xilinx/k26i/1.2/board.xml as part xck26-sfvc784-2lvi-i specified in board_part file is either invalid or not available
WARNING: [Board 49-26] cannot add Board Part xilinx.com:k26i:part0:1.3 available at C:/Xilinx/Vivado/2024.1/data/xhub/boards/XilinxBoardStore/boards/Xilinx/k26i/1.3/board.xml as part xck26-sfvc784-2lvi-i specified in board_part file is either invalid or not available
WARNING: [Board 49-26] cannot add Board Part xilinx.com:k26i:part0:1.4 available at C:/Xilinx/Vivado/2024.1/data/xhub/boards/XilinxBoardStore/boards/Xilinx/k26i/1.4/board.xml as part xck26-sfvc784-2lvi-i specified in board_part file is either invalid or not available
WARNING: [Board 49-26] cannot add Board Part xilinx.com:kc705:part0:1.6 available at C:/Xilinx/Vivado/2024.1/data/xhub/boards/XilinxBoardStore/boards/Xilinx/kc705/1.6/board.xml as part xc7k325tffg900-2 specified in board_part file is either invalid or not available
WARNING: [Board 49-26] cannot add Board Part xilinx.com:kcu105:part0:1.6 available at C:/Xilinx/Vivado/2024.1/data/xhub/boards/XilinxBoardStore/boards/Xilinx/kcu105/1.6/board.xml as part xcku040-ffva1156-2-e specified in board_part file is either invalid or not available
WARNING: [Board 49-26] cannot add Board Part xilinx.com:kcu105:part0:1.7 available at C:/Xilinx/Vivado/2024.1/data/xhub/boards/XilinxBoardStore/boards/Xilinx/kcu105/1.7/board.xml as part xcku040-ffva1156-2-e specified in board_part file is either invalid or not available
WARNING: [Board 49-26] cannot add Board Part xilinx.com:kcu116:part0:1.4 available at C:/Xilinx/Vivado/2024.1/data/xhub/boards/XilinxBoardStore/boards/Xilinx/kcu116/1.4/board.xml as part xcku5p-ffvb676-2-e specified in board_part file is either invalid or not available
WARNING: [Board 49-26] cannot add Board Part xilinx.com:kcu116:part0:1.5 available at C:/Xilinx/Vivado/2024.1/data/xhub/boards/XilinxBoardStore/boards/Xilinx/kcu116/1.5/board.xml as part xcku5p-ffvb676-2-e specified in board_part file is either invalid or not available
WARNING: [Board 49-26] cannot add Board Part xilinx.com:kcu1500:part0:1.2 available at C:/Xilinx/Vivado/2024.1/data/xhub/boards/XilinxBoardStore/boards/Xilinx/kcu1500/1.2/board.xml as part xcku115-flvb2104-2-e specified in board_part file is either invalid or not available
WARNING: [Board 49-26] cannot add Board Part xilinx.com:kd240_som:part0:1.0 available at C:/Xilinx/Vivado/2024.1/data/xhub/boards/XilinxBoardStore/boards/Xilinx/kd240_som/1.0/board.xml as part xck24-ubva530-2lv-c specified in board_part file is either invalid or not available
WARNING: [Board 49-26] cannot add Board Part xilinx.com:kr260_som:part0:1.0 available at C:/Xilinx/Vivado/2024.1/data/xhub/boards/XilinxBoardStore/boards/Xilinx/kr260_som/1.0/board.xml as part xck26-sfvc784-2lv-c specified in board_part file is either invalid or not available
WARNING: [Board 49-26] cannot add Board Part xilinx.com:kr260_som:part0:1.1 available at C:/Xilinx/Vivado/2024.1/data/xhub/boards/XilinxBoardStore/boards/Xilinx/kr260_som/1.1/board.xml as part xck26-sfvc784-2lv-c specified in board_part file is either invalid or not available
WARNING: [Board 49-26] cannot add Board Part xilinx.com:kv260_som:part0:1.2 available at C:/Xilinx/Vivado/2024.1/data/xhub/boards/XilinxBoardStore/boards/Xilinx/kv260_som/1.2/board.xml as part xck26-sfvc784-2lv-c specified in board_part file is either invalid or not available
WARNING: [Board 49-26] cannot add Board Part xilinx.com:kv260_som:part0:1.3 available at C:/Xilinx/Vivado/2024.1/data/xhub/boards/XilinxBoardStore/boards/Xilinx/kv260_som/1.3/board.xml as part xck26-sfvc784-2lv-c specified in board_part file is either invalid or not available
WARNING: [Board 49-26] cannot add Board Part xilinx.com:kv260_som:part0:1.4 available at C:/Xilinx/Vivado/2024.1/data/xhub/boards/XilinxBoardStore/boards/Xilinx/kv260_som/1.4/board.xml as part xck26-sfvc784-2lv-c specified in board_part file is either invalid or not available
WARNING: [Board 49-26] cannot add Board Part xilinx.com:sp701:part0:1.0 available at C:/Xilinx/Vivado/2024.1/data/xhub/boards/XilinxBoardStore/boards/Xilinx/sp701/1.0/board.xml as part xc7s100fgga676-2 specified in board_part file is either invalid or not available
WARNING: [Board 49-26] cannot add Board Part xilinx.com:sp701:part0:1.1 available at C:/Xilinx/Vivado/2024.1/data/xhub/boards/XilinxBoardStore/boards/Xilinx/sp701/1.1/board.xml as part xc7s100fgga676-2 specified in board_part file is either invalid or not available
WARNING: [Board 49-26] cannot add Board Part xilinx.com:vc707:part0:1.4 available at C:/Xilinx/Vivado/2024.1/data/xhub/boards/XilinxBoardStore/boards/Xilinx/vc707/1.4/board.xml as part xc7vx485tffg1761-2 specified in board_part file is either invalid or not available
WARNING: [Board 49-26] cannot add Board Part xilinx.com:vc709:part0:1.8 available at C:/Xilinx/Vivado/2024.1/data/xhub/boards/XilinxBoardStore/boards/Xilinx/vc709/1.8/board.xml as part xc7vx690tffg1761-2 specified in board_part file is either invalid or not available
WARNING: [Board 49-26] cannot add Board Part xilinx.com:vck190:part0:2.2 available at C:/Xilinx/Vivado/2024.1/data/xhub/boards/XilinxBoardStore/boards/Xilinx/vck190/production/2.2/board.xml as part xcvc1902-vsva2197-2mp-e-s specified in board_part file is either invalid or not available
WARNING: [Board 49-26] cannot add Board Part xilinx.com:vck190:part0:3.0 available at C:/Xilinx/Vivado/2024.1/data/xhub/boards/XilinxBoardStore/boards/Xilinx/vck190/production/3.0/board.xml as part xcvc1902-vsva2197-2mp-e-s specified in board_part file is either invalid or not available
WARNING: [Board 49-26] cannot add Board Part xilinx.com:vck190:part0:3.1 available at C:/Xilinx/Vivado/2024.1/data/xhub/boards/XilinxBoardStore/boards/Xilinx/vck190/production/3.1/board.xml as part xcvc1902-vsva2197-2mp-e-s specified in board_part file is either invalid or not available
WARNING: [Board 49-26] cannot add Board Part xilinx.com:vck190:part0:3.2 available at C:/Xilinx/Vivado/2024.1/data/xhub/boards/XilinxBoardStore/boards/Xilinx/vck190/production/3.2/board.xml as part xcvc1902-vsva2197-2mp-e-s specified in board_part file is either invalid or not available
WARNING: [Board 49-26] cannot add Board Part xilinx.com:vck190:part0:3.3 available at C:/Xilinx/Vivado/2024.1/data/xhub/boards/XilinxBoardStore/boards/Xilinx/vck190/production/3.3/board.xml as part xcvc1902-vsva2197-2mp-e-s specified in board_part file is either invalid or not available
WARNING: [Board 49-26] cannot add Board Part xilinx.com:vck190_newl:part0:1.0 available at C:/Xilinx/Vivado/2024.1/data/xhub/boards/XilinxBoardStore/boards/Xilinx/vck190_newl/production/1.0/board.xml as part xcvc1902-vsva2197-2mp-e-s specified in board_part file is either invalid or not available
WARNING: [Board 49-26] cannot add Board Part xilinx.com:vck190_newl:part0:1.1 available at C:/Xilinx/Vivado/2024.1/data/xhub/boards/XilinxBoardStore/boards/Xilinx/vck190_newl/production/1.1/board.xml as part xcvc1902-vsva2197-2mp-e-s specified in board_part file is either invalid or not available
WARNING: [Board 49-26] cannot add Board Part xilinx.com:vck190_newl:part0:1.2 available at C:/Xilinx/Vivado/2024.1/data/xhub/boards/XilinxBoardStore/boards/Xilinx/vck190_newl/production/1.2/board.xml as part xcvc1902-vsva2197-2mp-e-s specified in board_part file is either invalid or not available
WARNING: [Board 49-26] cannot add Board Part xilinx.com:vcu108:part0:1.6 available at C:/Xilinx/Vivado/2024.1/data/xhub/boards/XilinxBoardStore/boards/Xilinx/vcu108/1.6/board.xml as part xcvu095-ffva2104-2-e specified in board_part file is either invalid or not available
WARNING: [Board 49-26] cannot add Board Part xilinx.com:vcu108:part0:1.7 available at C:/Xilinx/Vivado/2024.1/data/xhub/boards/XilinxBoardStore/boards/Xilinx/vcu108/1.7/board.xml as part xcvu095-ffva2104-2-e specified in board_part file is either invalid or not available
WARNING: [Board 49-26] cannot add Board Part xilinx.com:vcu110:part0:1.4 available at C:/Xilinx/Vivado/2024.1/data/xhub/boards/XilinxBoardStore/boards/Xilinx/vcu110/1.4/board.xml as part xcvu190-flgc2104-2-e specified in board_part file is either invalid or not available
WARNING: [Board 49-26] cannot add Board Part xilinx.com:vcu118:part0:2.0 available at C:/Xilinx/Vivado/2024.1/data/xhub/boards/XilinxBoardStore/boards/Xilinx/vcu118/2.0/board.xml as part xcvu9p-flga2104-2l-e specified in board_part file is either invalid or not available
WARNING: [Board 49-26] cannot add Board Part xilinx.com:vcu118:part0:2.3 available at C:/Xilinx/Vivado/2024.1/data/xhub/boards/XilinxBoardStore/boards/Xilinx/vcu118/2.3/board.xml as part xcvu9p-flga2104-2l-e specified in board_part file is either invalid or not available
WARNING: [Board 49-26] cannot add Board Part xilinx.com:vcu118:part0:2.4 available at C:/Xilinx/Vivado/2024.1/data/xhub/boards/XilinxBoardStore/boards/Xilinx/vcu118/2.4/board.xml as part xcvu9p-flga2104-2l-e specified in board_part file is either invalid or not available
WARNING: [Board 49-26] cannot add Board Part xilinx.com:vcu128:part0:1.0 available at C:/Xilinx/Vivado/2024.1/data/xhub/boards/XilinxBoardStore/boards/Xilinx/vcu128/production/1.0/board.xml as part xcvu37p-fsvh2892-2l-e specified in board_part file is either invalid or not available
WARNING: [Board 49-26] cannot add Board Part xilinx.com:vcu129:part0:1.0 available at C:/Xilinx/Vivado/2024.1/data/xhub/boards/XilinxBoardStore/boards/Xilinx/vcu129/production/1.0/board.xml as part xcvu29p-fsga2577-2l-e specified in board_part file is either invalid or not available
WARNING: [Board 49-26] cannot add Board Part xilinx.com:vcu1525:part0:1.3 available at C:/Xilinx/Vivado/2024.1/data/xhub/boards/XilinxBoardStore/boards/Xilinx/vcu1525/1.3/board.xml as part xcvu9p-fsgd2104-2l-e specified in board_part file is either invalid or not available
WARNING: [Board 49-26] cannot add Board Part xilinx.com:vek280:part0:1.0 available at C:/Xilinx/Vivado/2024.1/data/xhub/boards/XilinxBoardStore/boards/Xilinx/vek280/production/1.0/board.xml as part xcve2802-vsvh1760-2mp-e-s specified in board_part file is either invalid or not available
WARNING: [Board 49-26] cannot add Board Part xilinx.com:vek280:part0:1.1 available at C:/Xilinx/Vivado/2024.1/data/xhub/boards/XilinxBoardStore/boards/Xilinx/vek280/production/1.1/board.xml as part xcve2802-vsvh1760-2mp-e-s specified in board_part file is either invalid or not available
WARNING: [Board 49-26] cannot add Board Part xilinx.com:vek280:part0:1.2 available at C:/Xilinx/Vivado/2024.1/data/xhub/boards/XilinxBoardStore/boards/Xilinx/vek280/production/1.2/board.xml as part xcve2802-vsvh1760-2mp-e-s specified in board_part file is either invalid or not available
WARNING: [Board 49-26] cannot add Board Part xilinx.com:vek280_es:part0:1.0 available at C:/Xilinx/Vivado/2024.1/data/xhub/boards/XilinxBoardStore/boards/Xilinx/vek280/es/rev_a/1.0/board.xml as part xcve2802-vsvh1760-2lp-e-s-es1 specified in board_part file is either invalid or not available
WARNING: [Board 49-26] cannot add Board Part xilinx.com:vek280_es:part0:1.1 available at C:/Xilinx/Vivado/2024.1/data/xhub/boards/XilinxBoardStore/boards/Xilinx/vek280/es/rev_a/1.1/board.xml as part xcve2802-vsvh1760-2lp-e-s-es1 specified in board_part file is either invalid or not available
WARNING: [Board 49-26] cannot add Board Part xilinx.com:vek280_es_revb:part0:1.0 available at C:/Xilinx/Vivado/2024.1/data/xhub/boards/XilinxBoardStore/boards/Xilinx/vek280/es/rev_b/1.0/board.xml as part xcve2802-vsvh1760-2mp-e-s-es1 specified in board_part file is either invalid or not available
WARNING: [Board 49-26] cannot add Board Part xilinx.com:vek280_es_revb:part0:1.1 available at C:/Xilinx/Vivado/2024.1/data/xhub/boards/XilinxBoardStore/boards/Xilinx/vek280/es/rev_b/1.1/board.xml as part xcve2802-vsvh1760-2mp-e-s-es1 specified in board_part file is either invalid or not available
WARNING: [Board 49-26] cannot add Board Part xilinx.com:vermeo_t1_mpsoc:part0:1.0 available at C:/Xilinx/Vivado/2024.1/data/xhub/boards/XilinxBoardStore/boards/Xilinx/vermeo_t1_mpsoc/1.0/board.xml as part xczu19eg-ffvd1760-2l-e specified in board_part file is either invalid or not available
WARNING: [Board 49-26] cannot add Board Part xilinx.com:vermeo_t1_rfsoc:part0:1.0 available at C:/Xilinx/Vivado/2024.1/data/xhub/boards/XilinxBoardStore/boards/Xilinx/vermeo_t1_rfsoc/1.0/board.xml as part xczu21dr-ffvd1156-2l-e specified in board_part file is either invalid or not available
WARNING: [Board 49-26] cannot add Board Part xilinx.com:vhk158:part0:1.0 available at C:/Xilinx/Vivado/2024.1/data/xhub/boards/XilinxBoardStore/boards/Xilinx/vhk158/production/1.0/board.xml as part xcvh1582-vsva3697-2mp-e-s specified in board_part file is either invalid or not available
WARNING: [Board 49-26] cannot add Board Part xilinx.com:vhk158:part0:1.1 available at C:/Xilinx/Vivado/2024.1/data/xhub/boards/XilinxBoardStore/boards/Xilinx/vhk158/production/1.1/board.xml as part xcvh1582-vsva3697-2mp-e-s specified in board_part file is either invalid or not available
WARNING: [Board 49-26] cannot add Board Part xilinx.com:vhk158_es:part0:1.0 available at C:/Xilinx/Vivado/2024.1/data/xhub/boards/XilinxBoardStore/boards/Xilinx/vhk158/es/1.0/board.xml as part xcvh1582-vsva3697-2mp-e-s-es1 specified in board_part file is either invalid or not available
WARNING: [Board 49-26] cannot add Board Part xilinx.com:vhk158_es:part0:1.1 available at C:/Xilinx/Vivado/2024.1/data/xhub/boards/XilinxBoardStore/boards/Xilinx/vhk158/es/1.1/board.xml as part xcvh1582-vsva3697-2mp-e-s-es1 specified in board_part file is either invalid or not available
WARNING: [Board 49-26] cannot add Board Part xilinx.com:vmk180:part0:2.2 available at C:/Xilinx/Vivado/2024.1/data/xhub/boards/XilinxBoardStore/boards/Xilinx/vmk180/production/2.2/board.xml as part xcvm1802-vsva2197-2mp-e-s specified in board_part file is either invalid or not available
WARNING: [Board 49-26] cannot add Board Part xilinx.com:vmk180:part0:3.0 available at C:/Xilinx/Vivado/2024.1/data/xhub/boards/XilinxBoardStore/boards/Xilinx/vmk180/production/3.0/board.xml as part xcvm1802-vsva2197-2mp-e-s specified in board_part file is either invalid or not available
WARNING: [Board 49-26] cannot add Board Part xilinx.com:vmk180:part0:3.1 available at C:/Xilinx/Vivado/2024.1/data/xhub/boards/XilinxBoardStore/boards/Xilinx/vmk180/production/3.1/board.xml as part xcvm1802-vsva2197-2mp-e-s specified in board_part file is either invalid or not available
WARNING: [Board 49-26] cannot add Board Part xilinx.com:vmk180:part0:3.2 available at C:/Xilinx/Vivado/2024.1/data/xhub/boards/XilinxBoardStore/boards/Xilinx/vmk180/production/3.2/board.xml as part xcvm1802-vsva2197-2mp-e-s specified in board_part file is either invalid or not available
WARNING: [Board 49-26] cannot add Board Part xilinx.com:vmk180_newl:part0:1.0 available at C:/Xilinx/Vivado/2024.1/data/xhub/boards/XilinxBoardStore/boards/Xilinx/vmk180_newl/production/1.0/board.xml as part xcvm1802-vsva2197-2mp-e-s specified in board_part file is either invalid or not available
WARNING: [Board 49-26] cannot add Board Part xilinx.com:vmk180_newl:part0:1.1 available at C:/Xilinx/Vivado/2024.1/data/xhub/boards/XilinxBoardStore/boards/Xilinx/vmk180_newl/production/1.1/board.xml as part xcvm1802-vsva2197-2mp-e-s specified in board_part file is either invalid or not available
WARNING: [Board 49-26] cannot add Board Part xilinx.com:vpk120:part0:1.0 available at C:/Xilinx/Vivado/2024.1/data/xhub/boards/XilinxBoardStore/boards/Xilinx/vpk120/production/1.0/board.xml as part xcvp1202-vsva2785-2mp-e-s specified in board_part file is either invalid or not available
WARNING: [Board 49-26] cannot add Board Part xilinx.com:vpk120:part0:1.1 available at C:/Xilinx/Vivado/2024.1/data/xhub/boards/XilinxBoardStore/boards/Xilinx/vpk120/production/1.1/board.xml as part xcvp1202-vsva2785-2mp-e-s specified in board_part file is either invalid or not available
WARNING: [Board 49-26] cannot add Board Part xilinx.com:vpk120:part0:1.2 available at C:/Xilinx/Vivado/2024.1/data/xhub/boards/XilinxBoardStore/boards/Xilinx/vpk120/production/1.2/board.xml as part xcvp1202-vsva2785-2mp-e-s specified in board_part file is either invalid or not available
WARNING: [Board 49-26] cannot add Board Part xilinx.com:vpk180:part0:1.0 available at C:/Xilinx/Vivado/2024.1/data/xhub/boards/XilinxBoardStore/boards/Xilinx/vpk180/production/1.0/board.xml as part xcvp1802-lsvc4072-2mp-e-s specified in board_part file is either invalid or not available
WARNING: [Board 49-26] cannot add Board Part xilinx.com:vpk180:part0:1.1 available at C:/Xilinx/Vivado/2024.1/data/xhub/boards/XilinxBoardStore/boards/Xilinx/vpk180/production/1.1/board.xml as part xcvp1802-lsvc4072-2mp-e-s specified in board_part file is either invalid or not available
WARNING: [Board 49-26] cannot add Board Part xilinx.com:vpk180:part0:1.2 available at C:/Xilinx/Vivado/2024.1/data/xhub/boards/XilinxBoardStore/boards/Xilinx/vpk180/production/1.2/board.xml as part xcvp1802-lsvc4072-2mp-e-s specified in board_part file is either invalid or not available
WARNING: [Board 49-26] cannot add Board Part xilinx.com:zc702:part0:1.4 available at C:/Xilinx/Vivado/2024.1/data/xhub/boards/XilinxBoardStore/boards/Xilinx/zc702/1.4/board.xml as part xc7z020clg484-1 specified in board_part file is either invalid or not available
WARNING: [Board 49-26] cannot add Board Part xilinx.com:zc706:part0:1.4 available at C:/Xilinx/Vivado/2024.1/data/xhub/boards/XilinxBoardStore/boards/Xilinx/zc706/1.4/board.xml as part xc7z045ffg900-2 specified in board_part file is either invalid or not available
WARNING: [Board 49-26] cannot add Board Part xilinx.com:zcu102:part0:3.3 available at C:/Xilinx/Vivado/2024.1/data/xhub/boards/XilinxBoardStore/boards/Xilinx/zcu102/3.3/board.xml as part xczu9eg-ffvb1156-2-e specified in board_part file is either invalid or not available
WARNING: [Board 49-26] cannot add Board Part xilinx.com:zcu102:part0:3.4 available at C:/Xilinx/Vivado/2024.1/data/xhub/boards/XilinxBoardStore/boards/Xilinx/zcu102/3.4/board.xml as part xczu9eg-ffvb1156-2-e specified in board_part file is either invalid or not available
WARNING: [Board 49-26] cannot add Board Part xilinx.com:zcu104:part0:1.1 available at C:/Xilinx/Vivado/2024.1/data/xhub/boards/XilinxBoardStore/boards/Xilinx/zcu104/1.1/board.xml as part xczu7ev-ffvc1156-2-e specified in board_part file is either invalid or not available
WARNING: [Board 49-26] cannot add Board Part xilinx.com:zcu106:part0:2.4 available at C:/Xilinx/Vivado/2024.1/data/xhub/boards/XilinxBoardStore/boards/Xilinx/zcu106/2.4/board.xml as part xczu7ev-ffvc1156-2-e specified in board_part file is either invalid or not available
WARNING: [Board 49-26] cannot add Board Part xilinx.com:zcu106:part0:2.5 available at C:/Xilinx/Vivado/2024.1/data/xhub/boards/XilinxBoardStore/boards/Xilinx/zcu106/2.5/board.xml as part xczu7ev-ffvc1156-2-e specified in board_part file is either invalid or not available
WARNING: [Board 49-26] cannot add Board Part xilinx.com:zcu106:part0:2.6 available at C:/Xilinx/Vivado/2024.1/data/xhub/boards/XilinxBoardStore/boards/Xilinx/zcu106/2.6/board.xml as part xczu7ev-ffvc1156-2-e specified in board_part file is either invalid or not available
WARNING: [Board 49-26] cannot add Board Part xilinx.com:zcu111:part0:1.2 available at C:/Xilinx/Vivado/2024.1/data/xhub/boards/XilinxBoardStore/boards/Xilinx/zcu111/1.2/board.xml as part xczu28dr-ffvg1517-2-e specified in board_part file is either invalid or not available
WARNING: [Board 49-26] cannot add Board Part xilinx.com:zcu111:part0:1.3 available at C:/Xilinx/Vivado/2024.1/data/xhub/boards/XilinxBoardStore/boards/Xilinx/zcu111/1.3/board.xml as part xczu28dr-ffvg1517-2-e specified in board_part file is either invalid or not available
WARNING: [Board 49-26] cannot add Board Part xilinx.com:zcu111:part0:1.4 available at C:/Xilinx/Vivado/2024.1/data/xhub/boards/XilinxBoardStore/boards/Xilinx/zcu111/1.4/board.xml as part xczu28dr-ffvg1517-2-e specified in board_part file is either invalid or not available
WARNING: [Board 49-26] cannot add Board Part xilinx.com:zcu1275:part0:1.0 available at C:/Xilinx/Vivado/2024.1/data/xhub/boards/XilinxBoardStore/boards/Xilinx/zcu1275/1.0/board.xml as part xczu29dr-ffvf1760-2-e specified in board_part file is either invalid or not available
WARNING: [Board 49-26] cannot add Board Part xilinx.com:zcu1285:part0:1.0 available at C:/Xilinx/Vivado/2024.1/data/xhub/boards/XilinxBoardStore/boards/Xilinx/zcu1285/1.0/board.xml as part xczu39dr-ffvf1760-2-i specified in board_part file is either invalid or not available
WARNING: [Board 49-26] cannot add Board Part xilinx.com:zcu208:part0:2.0 available at C:/Xilinx/Vivado/2024.1/data/xhub/boards/XilinxBoardStore/boards/Xilinx/zcu208/production/2.0/board.xml as part xczu48dr-fsvg1517-2-e specified in board_part file is either invalid or not available
WARNING: [Board 49-26] cannot add Board Part xilinx.com:zcu208ld:part0:2.0 available at C:/Xilinx/Vivado/2024.1/data/xhub/boards/XilinxBoardStore/boards/Xilinx/zcu208ld/production/2.0/board.xml as part xczu58dr-fsvg1517-2-i specified in board_part file is either invalid or not available
WARNING: [Board 49-26] cannot add Board Part xilinx.com:zcu216:part0:2.0 available at C:/Xilinx/Vivado/2024.1/data/xhub/boards/XilinxBoardStore/boards/Xilinx/zcu216/production/2.0/board.xml as part xczu49dr-ffvf1760-2-e specified in board_part file is either invalid or not available
WARNING: [Board 49-26] cannot add Board Part xilinx.com:zcu216ld:part0:2.0 available at C:/Xilinx/Vivado/2024.1/data/xhub/boards/XilinxBoardStore/boards/Xilinx/zcu216ld/production/2.0/board.xml as part xczu59dr-ffvf1760-2-i specified in board_part file is either invalid or not available
WARNING: [Board 49-26] cannot add Board Part xilinx.com:zcu670:part0:2.0 available at C:/Xilinx/Vivado/2024.1/data/xhub/boards/XilinxBoardStore/boards/Xilinx/zcu670/2.0/board.xml as part xczu67dr-fsve1156-2-i specified in board_part file is either invalid or not available
WARNING: [Board 49-26] cannot add Board Part xilinx.com:zcu670ld:part0:1.0 available at C:/Xilinx/Vivado/2024.1/data/xhub/boards/XilinxBoardStore/boards/Xilinx/zcu670ld/1.0/board.xml as part xczu57dr-fsve1156-2-i specified in board_part file is either invalid or not available
<<<<<<< Updated upstream
INFO: [Project 1-313] Project file moved from 'C:/Users/LENOVO/Documents/GitHub/Trabajo-SED/Trabajo_SED' since last save.
=======
>>>>>>> Stashed changes
INFO: [filemgmt 56-3] Default IP Output Path : Could not find the directory 'C:/Users/sergi/Downloads/SED/Lab/Lab_sed/Trabajo/Trabajo-SED/Trabajo_SED/Trabajo_SED.gen/sources_1'.
Scanning sources...
Finished scanning sources
INFO: [IP_Flow 19-234] Refreshing IP repositories
INFO: [IP_Flow 19-1704] No user IP repositories specified
INFO: [IP_Flow 19-2313] Loaded Vivado IP repository 'C:/Xilinx/Vivado/2024.1/data/ip'.
<<<<<<< Updated upstream
open_project: Time (s): cpu = 00:00:27 ; elapsed = 00:00:12 . Memory (MB): peak = 1498.773 ; gain = 456.070
update_compile_order -fileset sources_1
reset_run synth_1
INFO: [Project 1-1161] Replacing file C:/Users/sergi/Downloads/SED/Lab/Lab_sed/Trabajo/Trabajo-SED/Trabajo_SED/Trabajo_SED.srcs/utils_1/imports/synth_1/devolver_el_dinero.dcp with file C:/Users/sergi/Downloads/SED/Lab/Lab_sed/Trabajo/Trabajo-SED/Trabajo_SED/Trabajo_SED.runs/synth_1/devolver_el_dinero.dcp
launch_runs synth_1 -jobs 4
[Mon Dec 16 20:29:44 2024] Launched synth_1...
Run output will be captured here: C:/Users/sergi/Downloads/SED/Lab/Lab_sed/Trabajo/Trabajo-SED/Trabajo_SED/Trabajo_SED.runs/synth_1/runme.log
synth_design -rtl -rtl_skip_mlo -name rtl_1
Command: synth_design -rtl -rtl_skip_mlo -name rtl_1
Starting synth_design
Using part: xc7a100tcsg324-1
Top: FSM_principal
INFO: [Device 21-403] Loading part xc7a100tcsg324-1
INFO: [Device 21-9227] Part: xc7a100tcsg324-1 does not have CEAM library.
INFO: [Synth 8-7079] Multithreading enabled for synth_design using a maximum of 2 processes.
INFO: [Synth 8-7078] Launching helper process for spawning children vivado processes
INFO: [Synth 8-7075] Helper process launched with PID 17032
---------------------------------------------------------------------------------
Starting RTL Elaboration : Time (s): cpu = 00:00:06 ; elapsed = 00:00:06 . Memory (MB): peak = 2344.355 ; gain = 427.312
---------------------------------------------------------------------------------
INFO: [Synth 8-638] synthesizing module 'FSM_principal' [C:/Users/sergi/Downloads/SED/Lab/Lab_sed/Trabajo/Trabajo-SED/Trabajo_SED/Trabajo_SED.srcs/sources_1/new/FSM_principal.vhd:18]
WARNING: [Synth 8-614] signal 'i_cantidad_a_devolver' is read in the process but is not in the sensitivity list [C:/Users/sergi/Downloads/SED/Lab/Lab_sed/Trabajo/Trabajo-SED/Trabajo_SED/Trabajo_SED.srcs/sources_1/new/FSM_principal.vhd:42]
WARNING: [Synth 8-614] signal 'selec_producto' is read in the process but is not in the sensitivity list [C:/Users/sergi/Downloads/SED/Lab/Lab_sed/Trabajo/Trabajo-SED/Trabajo_SED/Trabajo_SED.srcs/sources_1/new/FSM_principal.vhd:85]
WARNING: [Synth 8-614] signal 'importe' is read in the process but is not in the sensitivity list [C:/Users/sergi/Downloads/SED/Lab/Lab_sed/Trabajo/Trabajo-SED/Trabajo_SED/Trabajo_SED.srcs/sources_1/new/FSM_principal.vhd:85]
WARNING: [Synth 8-614] signal 'precio' is read in the process but is not in the sensitivity list [C:/Users/sergi/Downloads/SED/Lab/Lab_sed/Trabajo/Trabajo-SED/Trabajo_SED/Trabajo_SED.srcs/sources_1/new/FSM_principal.vhd:85]
INFO: [Synth 8-256] done synthesizing module 'FSM_principal' (0#1) [C:/Users/sergi/Downloads/SED/Lab/Lab_sed/Trabajo/Trabajo-SED/Trabajo_SED/Trabajo_SED.srcs/sources_1/new/FSM_principal.vhd:18]
---------------------------------------------------------------------------------
Finished RTL Elaboration : Time (s): cpu = 00:00:08 ; elapsed = 00:00:07 . Memory (MB): peak = 2454.977 ; gain = 537.934
---------------------------------------------------------------------------------
---------------------------------------------------------------------------------
Start Handling Custom Attributes
---------------------------------------------------------------------------------
---------------------------------------------------------------------------------
Finished Handling Custom Attributes : Time (s): cpu = 00:00:08 ; elapsed = 00:00:08 . Memory (MB): peak = 2454.977 ; gain = 537.934
---------------------------------------------------------------------------------
---------------------------------------------------------------------------------
Finished RTL Optimization Phase 1 : Time (s): cpu = 00:00:08 ; elapsed = 00:00:08 . Memory (MB): peak = 2454.977 ; gain = 537.934
---------------------------------------------------------------------------------
Netlist sorting complete. Time (s): cpu = 00:00:00 ; elapsed = 00:00:00.004 . Memory (MB): peak = 2454.977 ; gain = 0.000
INFO: [Project 1-570] Preparing netlist for logic optimization

Processing XDC Constraints
Initializing timing engine
Parsing XDC File [C:/Users/sergi/Downloads/SED/Lab/Lab_sed/Trabajo/Trabajo-SED/Trabajo_SED/Trabajo_SED.srcs/constrs_1/imports/Downloads/Nexys-4-DDR-Master.xdc]
Finished Parsing XDC File [C:/Users/sergi/Downloads/SED/Lab/Lab_sed/Trabajo/Trabajo-SED/Trabajo_SED/Trabajo_SED.srcs/constrs_1/imports/Downloads/Nexys-4-DDR-Master.xdc]
Completed Processing XDC Constraints

Netlist sorting complete. Time (s): cpu = 00:00:00 ; elapsed = 00:00:00 . Memory (MB): peak = 2519.203 ; gain = 0.000
INFO: [Project 1-111] Unisim Transformation Summary:
No Unisim elements were transformed.

RTL Elaboration Complete:  : Time (s): cpu = 00:00:20 ; elapsed = 00:00:12 . Memory (MB): peak = 2546.883 ; gain = 629.840
9 Infos, 4 Warnings, 0 Critical Warnings and 0 Errors encountered.
synth_design completed successfully
synth_design: Time (s): cpu = 00:00:24 ; elapsed = 00:00:17 . Memory (MB): peak = 2546.883 ; gain = 1013.719
close_design
close [ open C:/Users/sergi/Downloads/SED/Lab/Lab_sed/Trabajo/Trabajo-SED/Trabajo_SED/Trabajo_SED.srcs/sources_1/new/interruptores.vhd w ]
add_files C:/Users/sergi/Downloads/SED/Lab/Lab_sed/Trabajo/Trabajo-SED/Trabajo_SED/Trabajo_SED.srcs/sources_1/new/interruptores.vhd
update_compile_order -fileset sources_1
close [ open C:/Users/sergi/Downloads/SED/Lab/Lab_sed/Trabajo/Trabajo-SED/Trabajo_SED/Trabajo_SED.srcs/sources_1/new/boton_reset.vhd w ]
add_files C:/Users/sergi/Downloads/SED/Lab/Lab_sed/Trabajo/Trabajo-SED/Trabajo_SED/Trabajo_SED.srcs/sources_1/new/boton_reset.vhd
update_compile_order -fileset sources_1
close [ open C:/Users/sergi/Downloads/SED/Lab/Lab_sed/Trabajo/Trabajo-SED/Trabajo_SED/Trabajo_SED.srcs/sources_1/new/pulsadores.vhd w ]
add_files C:/Users/sergi/Downloads/SED/Lab/Lab_sed/Trabajo/Trabajo-SED/Trabajo_SED/Trabajo_SED.srcs/sources_1/new/pulsadores.vhd
WARNING: [filemgmt 56-199] Attempt to get parsing info during refresh. "On-the-fly" syntax checking information may be incorrect. [C:\Users\sergi\Downloads\SED\Lab\Lab_sed\Trabajo\Trabajo-SED\Trabajo_SED\Trabajo_SED.srcs\sources_1\new\interruptores.vhd:]
WARNING: [filemgmt 56-199] Attempt to get parsing info during refresh. "On-the-fly" syntax checking information may be incorrect. [C:\Users\sergi\Downloads\SED\Lab\Lab_sed\Trabajo\Trabajo-SED\Trabajo_SED\Trabajo_SED.srcs\sources_1\new\boton_reset.vhd:]
WARNING: [filemgmt 56-199] Attempt to get parsing info during refresh. "On-the-fly" syntax checking information may be incorrect. [C:\Users\sergi\Downloads\SED\Lab\Lab_sed\Trabajo\Trabajo-SED\Trabajo_SED\Trabajo_SED.srcs\sources_1\new\boton_reset.vhd:]
WARNING: [filemgmt 56-199] Attempt to get parsing info during refresh. "On-the-fly" syntax checking information may be incorrect. [C:\Users\sergi\Downloads\SED\Lab\Lab_sed\Trabajo\Trabajo-SED\Trabajo_SED\Trabajo_SED.srcs\sources_1\new\boton_reset.vhd:]
ERROR: [Common 17-180] Spawn failed: No error
WARNING: [filemgmt 56-199] Attempt to get parsing info during refresh. "On-the-fly" syntax checking information may be incorrect. [C:\Users\sergi\Downloads\SED\Lab\Lab_sed\Trabajo\Trabajo-SED\Trabajo_SED\Trabajo_SED.srcs\sources_1\new\interruptores.vhd:]
WARNING: [filemgmt 56-199] Attempt to get parsing info during refresh. "On-the-fly" syntax checking information may be incorrect. [C:\Users\sergi\Downloads\SED\Lab\Lab_sed\Trabajo\Trabajo-SED\Trabajo_SED\Trabajo_SED.srcs\sources_1\new\boton_reset.vhd:]
WARNING: [filemgmt 56-199] Attempt to get parsing info during refresh. "On-the-fly" syntax checking information may be incorrect. [C:\Users\sergi\Downloads\SED\Lab\Lab_sed\Trabajo\Trabajo-SED\Trabajo_SED\Trabajo_SED.srcs\sources_1\new\boton_reset.vhd:]
WARNING: [filemgmt 56-199] Attempt to get parsing info during refresh. "On-the-fly" syntax checking information may be incorrect. [C:\Users\sergi\Downloads\SED\Lab\Lab_sed\Trabajo\Trabajo-SED\Trabajo_SED\Trabajo_SED.srcs\sources_1\new\boton_reset.vhd:]
ERROR: [Common 17-180] Spawn failed: No error
update_compile_order -fileset sources_1
WARNING: [filemgmt 56-199] Attempt to get parsing info during refresh. "On-the-fly" syntax checking information may be incorrect. [C:\Users\sergi\Downloads\SED\Lab\Lab_sed\Trabajo\Trabajo-SED\Trabajo_SED\Trabajo_SED.srcs\sources_1\new\interruptores.vhd:]
WARNING: [filemgmt 56-199] Attempt to get parsing info during refresh. "On-the-fly" syntax checking information may be incorrect. [C:\Users\sergi\Downloads\SED\Lab\Lab_sed\Trabajo\Trabajo-SED\Trabajo_SED\Trabajo_SED.srcs\sources_1\new\boton_reset.vhd:]
WARNING: [filemgmt 56-199] Attempt to get parsing info during refresh. "On-the-fly" syntax checking information may be incorrect. [C:\Users\sergi\Downloads\SED\Lab\Lab_sed\Trabajo\Trabajo-SED\Trabajo_SED\Trabajo_SED.srcs\sources_1\new\boton_reset.vhd:]
WARNING: [filemgmt 56-199] Attempt to get parsing info during refresh. "On-the-fly" syntax checking information may be incorrect. [C:\Users\sergi\Downloads\SED\Lab\Lab_sed\Trabajo\Trabajo-SED\Trabajo_SED\Trabajo_SED.srcs\sources_1\new\boton_reset.vhd:]
ERROR: [Common 17-180] Spawn failed: No error
WARNING: [filemgmt 56-199] Attempt to get parsing info during refresh. "On-the-fly" syntax checking information may be incorrect. [C:\Users\sergi\Downloads\SED\Lab\Lab_sed\Trabajo\Trabajo-SED\Trabajo_SED\Trabajo_SED.srcs\sources_1\new\pulsadores.vhd:]
WARNING: [filemgmt 56-199] Attempt to get parsing info during refresh. "On-the-fly" syntax checking information may be incorrect. [C:\Users\sergi\Downloads\SED\Lab\Lab_sed\Trabajo\Trabajo-SED\Trabajo_SED\Trabajo_SED.srcs\sources_1\new\interruptores.vhd:]
WARNING: [filemgmt 56-199] Attempt to get parsing info during refresh. "On-the-fly" syntax checking information may be incorrect. [C:\Users\sergi\Downloads\SED\Lab\Lab_sed\Trabajo\Trabajo-SED\Trabajo_SED\Trabajo_SED.srcs\sources_1\new\boton_reset.vhd:]
WARNING: [filemgmt 56-199] Attempt to get parsing info during refresh. "On-the-fly" syntax checking information may be incorrect. [C:\Users\sergi\Downloads\SED\Lab\Lab_sed\Trabajo\Trabajo-SED\Trabajo_SED\Trabajo_SED.srcs\sources_1\new\boton_reset.vhd:]
WARNING: [filemgmt 56-199] Attempt to get parsing info during refresh. "On-the-fly" syntax checking information may be incorrect. [C:\Users\sergi\Downloads\SED\Lab\Lab_sed\Trabajo\Trabajo-SED\Trabajo_SED\Trabajo_SED.srcs\sources_1\new\boton_reset.vhd:]
WARNING: [filemgmt 56-199] Attempt to get parsing info during refresh. "On-the-fly" syntax checking information may be incorrect. [C:\Users\sergi\Downloads\SED\Lab\Lab_sed\Trabajo\Trabajo-SED\Trabajo_SED\Trabajo_SED.srcs\sources_1\new\pulsadores.vhd:]
WARNING: [filemgmt 56-199] Attempt to get parsing info during refresh. "On-the-fly" syntax checking information may be incorrect. [C:\Users\sergi\Downloads\SED\Lab\Lab_sed\Trabajo\Trabajo-SED\Trabajo_SED\Trabajo_SED.srcs\sources_1\new\interruptores.vhd:]
WARNING: [filemgmt 56-199] Attempt to get parsing info during refresh. "On-the-fly" syntax checking information may be incorrect. [C:\Users\sergi\Downloads\SED\Lab\Lab_sed\Trabajo\Trabajo-SED\Trabajo_SED\Trabajo_SED.srcs\sources_1\new\boton_reset.vhd:]
WARNING: [filemgmt 56-199] Attempt to get parsing info during refresh. "On-the-fly" syntax checking information may be incorrect. [C:\Users\sergi\Downloads\SED\Lab\Lab_sed\Trabajo\Trabajo-SED\Trabajo_SED\Trabajo_SED.srcs\sources_1\new\pulsadores.vhd:]
WARNING: [filemgmt 56-199] Attempt to get parsing info during refresh. "On-the-fly" syntax checking information may be incorrect. [C:\Users\sergi\Downloads\SED\Lab\Lab_sed\Trabajo\Trabajo-SED\Trabajo_SED\Trabajo_SED.srcs\sources_1\new\pulsadores.vhd:]
close [ open C:/Users/sergi/Downloads/SED/Lab/Lab_sed/Trabajo/Trabajo-SED/Trabajo_SED/Trabajo_SED.srcs/sources_1/new/SYNCHRNZR.vhd w ]
add_files C:/Users/sergi/Downloads/SED/Lab/Lab_sed/Trabajo/Trabajo-SED/Trabajo_SED/Trabajo_SED.srcs/sources_1/new/SYNCHRNZR.vhd
WARNING: [filemgmt 56-199] Attempt to get parsing info during refresh. "On-the-fly" syntax checking information may be incorrect. [C:\Users\sergi\Downloads\SED\Lab\Lab_sed\Trabajo\Trabajo-SED\Trabajo_SED\Trabajo_SED.srcs\sources_1\new\pulsadores.vhd:]
WARNING: [filemgmt 56-199] Attempt to get parsing info during refresh. "On-the-fly" syntax checking information may be incorrect. [C:\Users\sergi\Downloads\SED\Lab\Lab_sed\Trabajo\Trabajo-SED\Trabajo_SED\Trabajo_SED.srcs\sources_1\new\interruptores.vhd:]
WARNING: [filemgmt 56-199] Attempt to get parsing info during refresh. "On-the-fly" syntax checking information may be incorrect. [C:\Users\sergi\Downloads\SED\Lab\Lab_sed\Trabajo\Trabajo-SED\Trabajo_SED\Trabajo_SED.srcs\sources_1\new\boton_reset.vhd:]
WARNING: [filemgmt 56-199] Attempt to get parsing info during refresh. "On-the-fly" syntax checking information may be incorrect. [C:\Users\sergi\Downloads\SED\Lab\Lab_sed\Trabajo\Trabajo-SED\Trabajo_SED\Trabajo_SED.srcs\sources_1\new\boton_reset.vhd:]
WARNING: [filemgmt 56-199] Attempt to get parsing info during refresh. "On-the-fly" syntax checking information may be incorrect. [C:\Users\sergi\Downloads\SED\Lab\Lab_sed\Trabajo\Trabajo-SED\Trabajo_SED\Trabajo_SED.srcs\sources_1\new\boton_reset.vhd:]
WARNING: [filemgmt 56-199] Attempt to get parsing info during refresh. "On-the-fly" syntax checking information may be incorrect. [C:\Users\sergi\Downloads\SED\Lab\Lab_sed\Trabajo\Trabajo-SED\Trabajo_SED\Trabajo_SED.srcs\sources_1\new\pulsadores.vhd:]
WARNING: [filemgmt 56-199] Attempt to get parsing info during refresh. "On-the-fly" syntax checking information may be incorrect. [C:\Users\sergi\Downloads\SED\Lab\Lab_sed\Trabajo\Trabajo-SED\Trabajo_SED\Trabajo_SED.srcs\sources_1\new\interruptores.vhd:]
WARNING: [filemgmt 56-199] Attempt to get parsing info during refresh. "On-the-fly" syntax checking information may be incorrect. [C:\Users\sergi\Downloads\SED\Lab\Lab_sed\Trabajo\Trabajo-SED\Trabajo_SED\Trabajo_SED.srcs\sources_1\new\boton_reset.vhd:]
WARNING: [filemgmt 56-199] Attempt to get parsing info during refresh. "On-the-fly" syntax checking information may be incorrect. [C:\Users\sergi\Downloads\SED\Lab\Lab_sed\Trabajo\Trabajo-SED\Trabajo_SED\Trabajo_SED.srcs\sources_1\new\pulsadores.vhd:]
WARNING: [filemgmt 56-199] Attempt to get parsing info during refresh. "On-the-fly" syntax checking information may be incorrect. [C:\Users\sergi\Downloads\SED\Lab\Lab_sed\Trabajo\Trabajo-SED\Trabajo_SED\Trabajo_SED.srcs\sources_1\new\pulsadores.vhd:]
WARNING: [filemgmt 56-199] Attempt to get parsing info during refresh. "On-the-fly" syntax checking information may be incorrect. [C:\Users\sergi\Downloads\SED\Lab\Lab_sed\Trabajo\Trabajo-SED\Trabajo_SED\Trabajo_SED.srcs\sources_1\new\pulsadores.vhd:]
WARNING: [filemgmt 56-199] Attempt to get parsing info during refresh. "On-the-fly" syntax checking information may be incorrect. [C:\Users\sergi\Downloads\SED\Lab\Lab_sed\Trabajo\Trabajo-SED\Trabajo_SED\Trabajo_SED.srcs\sources_1\new\interruptores.vhd:]
WARNING: [filemgmt 56-199] Attempt to get parsing info during refresh. "On-the-fly" syntax checking information may be incorrect. [C:\Users\sergi\Downloads\SED\Lab\Lab_sed\Trabajo\Trabajo-SED\Trabajo_SED\Trabajo_SED.srcs\sources_1\new\boton_reset.vhd:]
WARNING: [filemgmt 56-199] Attempt to get parsing info during refresh. "On-the-fly" syntax checking information may be incorrect. [C:\Users\sergi\Downloads\SED\Lab\Lab_sed\Trabajo\Trabajo-SED\Trabajo_SED\Trabajo_SED.srcs\sources_1\new\boton_reset.vhd:]
WARNING: [filemgmt 56-199] Attempt to get parsing info during refresh. "On-the-fly" syntax checking information may be incorrect. [C:\Users\sergi\Downloads\SED\Lab\Lab_sed\Trabajo\Trabajo-SED\Trabajo_SED\Trabajo_SED.srcs\sources_1\new\boton_reset.vhd:]
WARNING: [filemgmt 56-199] Attempt to get parsing info during refresh. "On-the-fly" syntax checking information may be incorrect. [C:\Users\sergi\Downloads\SED\Lab\Lab_sed\Trabajo\Trabajo-SED\Trabajo_SED\Trabajo_SED.srcs\sources_1\new\pulsadores.vhd:]
WARNING: [filemgmt 56-199] Attempt to get parsing info during refresh. "On-the-fly" syntax checking information may be incorrect. [C:\Users\sergi\Downloads\SED\Lab\Lab_sed\Trabajo\Trabajo-SED\Trabajo_SED\Trabajo_SED.srcs\sources_1\new\interruptores.vhd:]
WARNING: [filemgmt 56-199] Attempt to get parsing info during refresh. "On-the-fly" syntax checking information may be incorrect. [C:\Users\sergi\Downloads\SED\Lab\Lab_sed\Trabajo\Trabajo-SED\Trabajo_SED\Trabajo_SED.srcs\sources_1\new\boton_reset.vhd:]
WARNING: [filemgmt 56-199] Attempt to get parsing info during refresh. "On-the-fly" syntax checking information may be incorrect. [C:\Users\sergi\Downloads\SED\Lab\Lab_sed\Trabajo\Trabajo-SED\Trabajo_SED\Trabajo_SED.srcs\sources_1\new\interruptores.vhd:]
WARNING: [filemgmt 56-199] Attempt to get parsing info during refresh. "On-the-fly" syntax checking information may be incorrect. [C:\Users\sergi\Downloads\SED\Lab\Lab_sed\Trabajo\Trabajo-SED\Trabajo_SED\Trabajo_SED.srcs\sources_1\new\interruptores.vhd:]
update_compile_order -fileset sources_1
WARNING: [filemgmt 56-199] Attempt to get parsing info during refresh. "On-the-fly" syntax checking information may be incorrect. [C:\Users\sergi\Downloads\SED\Lab\Lab_sed\Trabajo\Trabajo-SED\Trabajo_SED\Trabajo_SED.srcs\sources_1\new\pulsadores.vhd:]
WARNING: [filemgmt 56-199] Attempt to get parsing info during refresh. "On-the-fly" syntax checking information may be incorrect. [C:\Users\sergi\Downloads\SED\Lab\Lab_sed\Trabajo\Trabajo-SED\Trabajo_SED\Trabajo_SED.srcs\sources_1\new\interruptores.vhd:]
WARNING: [filemgmt 56-199] Attempt to get parsing info during refresh. "On-the-fly" syntax checking information may be incorrect. [C:\Users\sergi\Downloads\SED\Lab\Lab_sed\Trabajo\Trabajo-SED\Trabajo_SED\Trabajo_SED.srcs\sources_1\new\boton_reset.vhd:]
WARNING: [filemgmt 56-199] Attempt to get parsing info during refresh. "On-the-fly" syntax checking information may be incorrect. [C:\Users\sergi\Downloads\SED\Lab\Lab_sed\Trabajo\Trabajo-SED\Trabajo_SED\Trabajo_SED.srcs\sources_1\new\boton_reset.vhd:]
WARNING: [filemgmt 56-199] Attempt to get parsing info during refresh. "On-the-fly" syntax checking information may be incorrect. [C:\Users\sergi\Downloads\SED\Lab\Lab_sed\Trabajo\Trabajo-SED\Trabajo_SED\Trabajo_SED.srcs\sources_1\new\boton_reset.vhd:]
WARNING: [filemgmt 56-199] Attempt to get parsing info during refresh. "On-the-fly" syntax checking information may be incorrect. [C:\Users\sergi\Downloads\SED\Lab\Lab_sed\Trabajo\Trabajo-SED\Trabajo_SED\Trabajo_SED.srcs\sources_1\new\pulsadores.vhd:]
WARNING: [filemgmt 56-199] Attempt to get parsing info during refresh. "On-the-fly" syntax checking information may be incorrect. [C:\Users\sergi\Downloads\SED\Lab\Lab_sed\Trabajo\Trabajo-SED\Trabajo_SED\Trabajo_SED.srcs\sources_1\new\interruptores.vhd:]
WARNING: [filemgmt 56-199] Attempt to get parsing info during refresh. "On-the-fly" syntax checking information may be incorrect. [C:\Users\sergi\Downloads\SED\Lab\Lab_sed\Trabajo\Trabajo-SED\Trabajo_SED\Trabajo_SED.srcs\sources_1\new\boton_reset.vhd:]
WARNING: [filemgmt 56-199] Attempt to get parsing info during refresh. "On-the-fly" syntax checking information may be incorrect. [C:\Users\sergi\Downloads\SED\Lab\Lab_sed\Trabajo\Trabajo-SED\Trabajo_SED\Trabajo_SED.srcs\sources_1\new\pulsadores.vhd:]
WARNING: [filemgmt 56-199] Attempt to get parsing info during refresh. "On-the-fly" syntax checking information may be incorrect. [C:\Users\sergi\Downloads\SED\Lab\Lab_sed\Trabajo\Trabajo-SED\Trabajo_SED\Trabajo_SED.srcs\sources_1\new\pulsadores.vhd:]
close [ open C:/Users/sergi/Downloads/SED/Lab/Lab_sed/Trabajo/Trabajo-SED/Trabajo_SED/Trabajo_SED.srcs/sources_1/new/edgedtctr.vhd w ]
add_files C:/Users/sergi/Downloads/SED/Lab/Lab_sed/Trabajo/Trabajo-SED/Trabajo_SED/Trabajo_SED.srcs/sources_1/new/edgedtctr.vhd
WARNING: [filemgmt 56-199] Attempt to get parsing info during refresh. "On-the-fly" syntax checking information may be incorrect. [C:\Users\sergi\Downloads\SED\Lab\Lab_sed\Trabajo\Trabajo-SED\Trabajo_SED\Trabajo_SED.srcs\sources_1\new\pulsadores.vhd:]
WARNING: [filemgmt 56-199] Attempt to get parsing info during refresh. "On-the-fly" syntax checking information may be incorrect. [C:\Users\sergi\Downloads\SED\Lab\Lab_sed\Trabajo\Trabajo-SED\Trabajo_SED\Trabajo_SED.srcs\sources_1\new\interruptores.vhd:]
WARNING: [filemgmt 56-199] Attempt to get parsing info during refresh. "On-the-fly" syntax checking information may be incorrect. [C:\Users\sergi\Downloads\SED\Lab\Lab_sed\Trabajo\Trabajo-SED\Trabajo_SED\Trabajo_SED.srcs\sources_1\new\boton_reset.vhd:]
WARNING: [filemgmt 56-199] Attempt to get parsing info during refresh. "On-the-fly" syntax checking information may be incorrect. [C:\Users\sergi\Downloads\SED\Lab\Lab_sed\Trabajo\Trabajo-SED\Trabajo_SED\Trabajo_SED.srcs\sources_1\new\boton_reset.vhd:]
WARNING: [filemgmt 56-199] Attempt to get parsing info during refresh. "On-the-fly" syntax checking information may be incorrect. [C:\Users\sergi\Downloads\SED\Lab\Lab_sed\Trabajo\Trabajo-SED\Trabajo_SED\Trabajo_SED.srcs\sources_1\new\boton_reset.vhd:]
WARNING: [filemgmt 56-199] Attempt to get parsing info during refresh. "On-the-fly" syntax checking information may be incorrect. [C:\Users\sergi\Downloads\SED\Lab\Lab_sed\Trabajo\Trabajo-SED\Trabajo_SED\Trabajo_SED.srcs\sources_1\new\pulsadores.vhd:]
WARNING: [filemgmt 56-199] Attempt to get parsing info during refresh. "On-the-fly" syntax checking information may be incorrect. [C:\Users\sergi\Downloads\SED\Lab\Lab_sed\Trabajo\Trabajo-SED\Trabajo_SED\Trabajo_SED.srcs\sources_1\new\interruptores.vhd:]
WARNING: [filemgmt 56-199] Attempt to get parsing info during refresh. "On-the-fly" syntax checking information may be incorrect. [C:\Users\sergi\Downloads\SED\Lab\Lab_sed\Trabajo\Trabajo-SED\Trabajo_SED\Trabajo_SED.srcs\sources_1\new\boton_reset.vhd:]
WARNING: [filemgmt 56-199] Attempt to get parsing info during refresh. "On-the-fly" syntax checking information may be incorrect. [C:\Users\sergi\Downloads\SED\Lab\Lab_sed\Trabajo\Trabajo-SED\Trabajo_SED\Trabajo_SED.srcs\sources_1\new\pulsadores.vhd:]
WARNING: [filemgmt 56-199] Attempt to get parsing info during refresh. "On-the-fly" syntax checking information may be incorrect. [C:\Users\sergi\Downloads\SED\Lab\Lab_sed\Trabajo\Trabajo-SED\Trabajo_SED\Trabajo_SED.srcs\sources_1\new\pulsadores.vhd:]
WARNING: [filemgmt 56-199] Attempt to get parsing info during refresh. "On-the-fly" syntax checking information may be incorrect. [C:\Users\sergi\Downloads\SED\Lab\Lab_sed\Trabajo\Trabajo-SED\Trabajo_SED\Trabajo_SED.srcs\sources_1\new\pulsadores.vhd:]
WARNING: [filemgmt 56-199] Attempt to get parsing info during refresh. "On-the-fly" syntax checking information may be incorrect. [C:\Users\sergi\Downloads\SED\Lab\Lab_sed\Trabajo\Trabajo-SED\Trabajo_SED\Trabajo_SED.srcs\sources_1\new\interruptores.vhd:]
WARNING: [filemgmt 56-199] Attempt to get parsing info during refresh. "On-the-fly" syntax checking information may be incorrect. [C:\Users\sergi\Downloads\SED\Lab\Lab_sed\Trabajo\Trabajo-SED\Trabajo_SED\Trabajo_SED.srcs\sources_1\new\boton_reset.vhd:]
WARNING: [filemgmt 56-199] Attempt to get parsing info during refresh. "On-the-fly" syntax checking information may be incorrect. [C:\Users\sergi\Downloads\SED\Lab\Lab_sed\Trabajo\Trabajo-SED\Trabajo_SED\Trabajo_SED.srcs\sources_1\new\boton_reset.vhd:]
WARNING: [filemgmt 56-199] Attempt to get parsing info during refresh. "On-the-fly" syntax checking information may be incorrect. [C:\Users\sergi\Downloads\SED\Lab\Lab_sed\Trabajo\Trabajo-SED\Trabajo_SED\Trabajo_SED.srcs\sources_1\new\boton_reset.vhd:]
WARNING: [filemgmt 56-199] Attempt to get parsing info during refresh. "On-the-fly" syntax checking information may be incorrect. [C:\Users\sergi\Downloads\SED\Lab\Lab_sed\Trabajo\Trabajo-SED\Trabajo_SED\Trabajo_SED.srcs\sources_1\new\pulsadores.vhd:]
WARNING: [filemgmt 56-199] Attempt to get parsing info during refresh. "On-the-fly" syntax checking information may be incorrect. [C:\Users\sergi\Downloads\SED\Lab\Lab_sed\Trabajo\Trabajo-SED\Trabajo_SED\Trabajo_SED.srcs\sources_1\new\interruptores.vhd:]
WARNING: [filemgmt 56-199] Attempt to get parsing info during refresh. "On-the-fly" syntax checking information may be incorrect. [C:\Users\sergi\Downloads\SED\Lab\Lab_sed\Trabajo\Trabajo-SED\Trabajo_SED\Trabajo_SED.srcs\sources_1\new\boton_reset.vhd:]
WARNING: [filemgmt 56-199] Attempt to get parsing info during refresh. "On-the-fly" syntax checking information may be incorrect. [C:\Users\sergi\Downloads\SED\Lab\Lab_sed\Trabajo\Trabajo-SED\Trabajo_SED\Trabajo_SED.srcs\sources_1\new\pulsadores.vhd:]
WARNING: [filemgmt 56-199] Attempt to get parsing info during refresh. "On-the-fly" syntax checking information may be incorrect. [C:\Users\sergi\Downloads\SED\Lab\Lab_sed\Trabajo\Trabajo-SED\Trabajo_SED\Trabajo_SED.srcs\sources_1\new\pulsadores.vhd:]
update_compile_order -fileset sources_1
WARNING: [filemgmt 56-199] Attempt to get parsing info during refresh. "On-the-fly" syntax checking information may be incorrect. [C:\Users\sergi\Downloads\SED\Lab\Lab_sed\Trabajo\Trabajo-SED\Trabajo_SED\Trabajo_SED.srcs\sources_1\new\pulsadores.vhd:]
WARNING: [filemgmt 56-199] Attempt to get parsing info during refresh. "On-the-fly" syntax checking information may be incorrect. [C:\Users\sergi\Downloads\SED\Lab\Lab_sed\Trabajo\Trabajo-SED\Trabajo_SED\Trabajo_SED.srcs\sources_1\new\interruptores.vhd:]
WARNING: [filemgmt 56-199] Attempt to get parsing info during refresh. "On-the-fly" syntax checking information may be incorrect. [C:\Users\sergi\Downloads\SED\Lab\Lab_sed\Trabajo\Trabajo-SED\Trabajo_SED\Trabajo_SED.srcs\sources_1\new\boton_reset.vhd:]
WARNING: [filemgmt 56-199] Attempt to get parsing info during refresh. "On-the-fly" syntax checking information may be incorrect. [C:\Users\sergi\Downloads\SED\Lab\Lab_sed\Trabajo\Trabajo-SED\Trabajo_SED\Trabajo_SED.srcs\sources_1\new\boton_reset.vhd:]
WARNING: [filemgmt 56-199] Attempt to get parsing info during refresh. "On-the-fly" syntax checking information may be incorrect. [C:\Users\sergi\Downloads\SED\Lab\Lab_sed\Trabajo\Trabajo-SED\Trabajo_SED\Trabajo_SED.srcs\sources_1\new\boton_reset.vhd:]
WARNING: [filemgmt 56-199] Attempt to get parsing info during refresh. "On-the-fly" syntax checking information may be incorrect. [C:\Users\sergi\Downloads\SED\Lab\Lab_sed\Trabajo\Trabajo-SED\Trabajo_SED\Trabajo_SED.srcs\sources_1\new\pulsadores.vhd:]
WARNING: [filemgmt 56-199] Attempt to get parsing info during refresh. "On-the-fly" syntax checking information may be incorrect. [C:\Users\sergi\Downloads\SED\Lab\Lab_sed\Trabajo\Trabajo-SED\Trabajo_SED\Trabajo_SED.srcs\sources_1\new\interruptores.vhd:]
WARNING: [filemgmt 56-199] Attempt to get parsing info during refresh. "On-the-fly" syntax checking information may be incorrect. [C:\Users\sergi\Downloads\SED\Lab\Lab_sed\Trabajo\Trabajo-SED\Trabajo_SED\Trabajo_SED.srcs\sources_1\new\boton_reset.vhd:]
WARNING: [filemgmt 56-199] Attempt to get parsing info during refresh. "On-the-fly" syntax checking information may be incorrect. [C:\Users\sergi\Downloads\SED\Lab\Lab_sed\Trabajo\Trabajo-SED\Trabajo_SED\Trabajo_SED.srcs\sources_1\new\pulsadores.vhd:]
WARNING: [filemgmt 56-199] Attempt to get parsing info during refresh. "On-the-fly" syntax checking information may be incorrect. [C:\Users\sergi\Downloads\SED\Lab\Lab_sed\Trabajo\Trabajo-SED\Trabajo_SED\Trabajo_SED.srcs\sources_1\new\pulsadores.vhd:]
WARNING: [filemgmt 56-199] Attempt to get parsing info during refresh. "On-the-fly" syntax checking information may be incorrect. [C:\Users\sergi\Downloads\SED\Lab\Lab_sed\Trabajo\Trabajo-SED\Trabajo_SED\Trabajo_SED.srcs\sources_1\new\pulsadores.vhd:]
WARNING: [filemgmt 56-199] Attempt to get parsing info during refresh. "On-the-fly" syntax checking information may be incorrect. [C:\Users\sergi\Downloads\SED\Lab\Lab_sed\Trabajo\Trabajo-SED\Trabajo_SED\Trabajo_SED.srcs\sources_1\new\interruptores.vhd:]
WARNING: [filemgmt 56-199] Attempt to get parsing info during refresh. "On-the-fly" syntax checking information may be incorrect. [C:\Users\sergi\Downloads\SED\Lab\Lab_sed\Trabajo\Trabajo-SED\Trabajo_SED\Trabajo_SED.srcs\sources_1\new\SYNCHRNZR.vhd:]
WARNING: [filemgmt 56-199] Attempt to get parsing info during refresh. "On-the-fly" syntax checking information may be incorrect. [C:\Users\sergi\Downloads\SED\Lab\Lab_sed\Trabajo\Trabajo-SED\Trabajo_SED\Trabajo_SED.srcs\sources_1\new\boton_reset.vhd:]
WARNING: [filemgmt 56-199] Attempt to get parsing info during refresh. "On-the-fly" syntax checking information may be incorrect. [C:\Users\sergi\Downloads\SED\Lab\Lab_sed\Trabajo\Trabajo-SED\Trabajo_SED\Trabajo_SED.srcs\sources_1\new\boton_reset.vhd:]
WARNING: [filemgmt 56-199] Attempt to get parsing info during refresh. "On-the-fly" syntax checking information may be incorrect. [C:\Users\sergi\Downloads\SED\Lab\Lab_sed\Trabajo\Trabajo-SED\Trabajo_SED\Trabajo_SED.srcs\sources_1\new\boton_reset.vhd:]
WARNING: [filemgmt 56-199] Attempt to get parsing info during refresh. "On-the-fly" syntax checking information may be incorrect. [C:\Users\sergi\Downloads\SED\Lab\Lab_sed\Trabajo\Trabajo-SED\Trabajo_SED\Trabajo_SED.srcs\sources_1\new\pulsadores.vhd:]
WARNING: [filemgmt 56-199] Attempt to get parsing info during refresh. "On-the-fly" syntax checking information may be incorrect. [C:\Users\sergi\Downloads\SED\Lab\Lab_sed\Trabajo\Trabajo-SED\Trabajo_SED\Trabajo_SED.srcs\sources_1\new\interruptores.vhd:]
WARNING: [filemgmt 56-199] Attempt to get parsing info during refresh. "On-the-fly" syntax checking information may be incorrect. [C:\Users\sergi\Downloads\SED\Lab\Lab_sed\Trabajo\Trabajo-SED\Trabajo_SED\Trabajo_SED.srcs\sources_1\new\SYNCHRNZR.vhd:]
WARNING: [filemgmt 56-199] Attempt to get parsing info during refresh. "On-the-fly" syntax checking information may be incorrect. [C:\Users\sergi\Downloads\SED\Lab\Lab_sed\Trabajo\Trabajo-SED\Trabajo_SED\Trabajo_SED.srcs\sources_1\new\boton_reset.vhd:]
WARNING: [filemgmt 56-199] Attempt to get parsing info during refresh. "On-the-fly" syntax checking information may be incorrect. [C:\Users\sergi\Downloads\SED\Lab\Lab_sed\Trabajo\Trabajo-SED\Trabajo_SED\Trabajo_SED.srcs\sources_1\new\SYNCHRNZR.vhd:]
WARNING: [filemgmt 56-199] Attempt to get parsing info during refresh. "On-the-fly" syntax checking information may be incorrect. [C:\Users\sergi\Downloads\SED\Lab\Lab_sed\Trabajo\Trabajo-SED\Trabajo_SED\Trabajo_SED.srcs\sources_1\new\SYNCHRNZR.vhd:]
ERROR: [Common 17-180] Spawn failed: No error
ERROR: [Common 17-180] Spawn failed: No error
WARNING: [filemgmt 56-199] Attempt to get parsing info during refresh. "On-the-fly" syntax checking information may be incorrect. [C:\Users\sergi\Downloads\SED\Lab\Lab_sed\Trabajo\Trabajo-SED\Trabajo_SED\Trabajo_SED.srcs\sources_1\new\pulsadores.vhd:]
WARNING: [filemgmt 56-199] Attempt to get parsing info during refresh. "On-the-fly" syntax checking information may be incorrect. [C:\Users\sergi\Downloads\SED\Lab\Lab_sed\Trabajo\Trabajo-SED\Trabajo_SED\Trabajo_SED.srcs\sources_1\new\interruptores.vhd:]
WARNING: [filemgmt 56-199] Attempt to get parsing info during refresh. "On-the-fly" syntax checking information may be incorrect. [C:\Users\sergi\Downloads\SED\Lab\Lab_sed\Trabajo\Trabajo-SED\Trabajo_SED\Trabajo_SED.srcs\sources_1\new\pulsadores.vhd:]
WARNING: [filemgmt 56-199] Attempt to get parsing info during refresh. "On-the-fly" syntax checking information may be incorrect. [C:\Users\sergi\Downloads\SED\Lab\Lab_sed\Trabajo\Trabajo-SED\Trabajo_SED\Trabajo_SED.srcs\sources_1\new\edgedtctr.vhd:]
WARNING: [filemgmt 56-199] Attempt to get parsing info during refresh. "On-the-fly" syntax checking information may be incorrect. [C:\Users\sergi\Downloads\SED\Lab\Lab_sed\Trabajo\Trabajo-SED\Trabajo_SED\Trabajo_SED.srcs\sources_1\new\interruptores.vhd:]
WARNING: [filemgmt 56-199] Attempt to get parsing info during refresh. "On-the-fly" syntax checking information may be incorrect. [C:\Users\sergi\Downloads\SED\Lab\Lab_sed\Trabajo\Trabajo-SED\Trabajo_SED\Trabajo_SED.srcs\sources_1\new\SYNCHRNZR.vhd:]
WARNING: [filemgmt 56-199] Attempt to get parsing info during refresh. "On-the-fly" syntax checking information may be incorrect. [C:\Users\sergi\Downloads\SED\Lab\Lab_sed\Trabajo\Trabajo-SED\Trabajo_SED\Trabajo_SED.srcs\sources_1\new\boton_reset.vhd:]
WARNING: [filemgmt 56-199] Attempt to get parsing info during refresh. "On-the-fly" syntax checking information may be incorrect. [C:\Users\sergi\Downloads\SED\Lab\Lab_sed\Trabajo\Trabajo-SED\Trabajo_SED\Trabajo_SED.srcs\sources_1\new\boton_reset.vhd:]
WARNING: [filemgmt 56-199] Attempt to get parsing info during refresh. "On-the-fly" syntax checking information may be incorrect. [C:\Users\sergi\Downloads\SED\Lab\Lab_sed\Trabajo\Trabajo-SED\Trabajo_SED\Trabajo_SED.srcs\sources_1\new\boton_reset.vhd:]
WARNING: [filemgmt 56-199] Attempt to get parsing info during refresh. "On-the-fly" syntax checking information may be incorrect. [C:\Users\sergi\Downloads\SED\Lab\Lab_sed\Trabajo\Trabajo-SED\Trabajo_SED\Trabajo_SED.srcs\sources_1\new\pulsadores.vhd:]
WARNING: [filemgmt 56-199] Attempt to get parsing info during refresh. "On-the-fly" syntax checking information may be incorrect. [C:\Users\sergi\Downloads\SED\Lab\Lab_sed\Trabajo\Trabajo-SED\Trabajo_SED\Trabajo_SED.srcs\sources_1\new\edgedtctr.vhd:]
WARNING: [filemgmt 56-199] Attempt to get parsing info during refresh. "On-the-fly" syntax checking information may be incorrect. [C:\Users\sergi\Downloads\SED\Lab\Lab_sed\Trabajo\Trabajo-SED\Trabajo_SED\Trabajo_SED.srcs\sources_1\new\interruptores.vhd:]
WARNING: [filemgmt 56-199] Attempt to get parsing info during refresh. "On-the-fly" syntax checking information may be incorrect. [C:\Users\sergi\Downloads\SED\Lab\Lab_sed\Trabajo\Trabajo-SED\Trabajo_SED\Trabajo_SED.srcs\sources_1\new\SYNCHRNZR.vhd:]
WARNING: [filemgmt 56-199] Attempt to get parsing info during refresh. "On-the-fly" syntax checking information may be incorrect. [C:\Users\sergi\Downloads\SED\Lab\Lab_sed\Trabajo\Trabajo-SED\Trabajo_SED\Trabajo_SED.srcs\sources_1\new\boton_reset.vhd:]
WARNING: [filemgmt 56-199] Attempt to get parsing info during refresh. "On-the-fly" syntax checking information may be incorrect. [C:\Users\sergi\Downloads\SED\Lab\Lab_sed\Trabajo\Trabajo-SED\Trabajo_SED\Trabajo_SED.srcs\sources_1\new\SYNCHRNZR.vhd:]
WARNING: [filemgmt 56-199] Attempt to get parsing info during refresh. "On-the-fly" syntax checking information may be incorrect. [C:\Users\sergi\Downloads\SED\Lab\Lab_sed\Trabajo\Trabajo-SED\Trabajo_SED\Trabajo_SED.srcs\sources_1\new\SYNCHRNZR.vhd:]
WARNING: [filemgmt 56-199] Attempt to get parsing info during refresh. "On-the-fly" syntax checking information may be incorrect. [C:\Users\sergi\Downloads\SED\Lab\Lab_sed\Trabajo\Trabajo-SED\Trabajo_SED\Trabajo_SED.srcs\sources_1\new\pulsadores.vhd:]
WARNING: [filemgmt 56-199] Attempt to get parsing info during refresh. "On-the-fly" syntax checking information may be incorrect. [C:\Users\sergi\Downloads\SED\Lab\Lab_sed\Trabajo\Trabajo-SED\Trabajo_SED\Trabajo_SED.srcs\sources_1\new\edgedtctr.vhd:]
WARNING: [filemgmt 56-199] Attempt to get parsing info during refresh. "On-the-fly" syntax checking information may be incorrect. [C:\Users\sergi\Downloads\SED\Lab\Lab_sed\Trabajo\Trabajo-SED\Trabajo_SED\Trabajo_SED.srcs\sources_1\new\interruptores.vhd:]
WARNING: [filemgmt 56-199] Attempt to get parsing info during refresh. "On-the-fly" syntax checking information may be incorrect. [C:\Users\sergi\Downloads\SED\Lab\Lab_sed\Trabajo\Trabajo-SED\Trabajo_SED\Trabajo_SED.srcs\sources_1\new\SYNCHRNZR.vhd:]
WARNING: [filemgmt 56-199] Attempt to get parsing info during refresh. "On-the-fly" syntax checking information may be incorrect. [C:\Users\sergi\Downloads\SED\Lab\Lab_sed\Trabajo\Trabajo-SED\Trabajo_SED\Trabajo_SED.srcs\sources_1\new\boton_reset.vhd:]
WARNING: [filemgmt 56-199] Attempt to get parsing info during refresh. "On-the-fly" syntax checking information may be incorrect. [C:\Users\sergi\Downloads\SED\Lab\Lab_sed\Trabajo\Trabajo-SED\Trabajo_SED\Trabajo_SED.srcs\sources_1\new\edgedtctr.vhd:]
WARNING: [filemgmt 56-199] Attempt to get parsing info during refresh. "On-the-fly" syntax checking information may be incorrect. [C:\Users\sergi\Downloads\SED\Lab\Lab_sed\Trabajo\Trabajo-SED\Trabajo_SED\Trabajo_SED.srcs\sources_1\new\edgedtctr.vhd:]
ERROR: [Common 17-180] Spawn failed: No error
WARNING: [filemgmt 56-199] Attempt to get parsing info during refresh. "On-the-fly" syntax checking information may be incorrect. [C:\Users\sergi\Downloads\SED\Lab\Lab_sed\Trabajo\Trabajo-SED\Trabajo_SED\Trabajo_SED.srcs\sources_1\new\pulsadores.vhd:]
WARNING: [filemgmt 56-199] Attempt to get parsing info during refresh. "On-the-fly" syntax checking information may be incorrect. [C:\Users\sergi\Downloads\SED\Lab\Lab_sed\Trabajo\Trabajo-SED\Trabajo_SED\Trabajo_SED.srcs\sources_1\new\edgedtctr.vhd:]
WARNING: [filemgmt 56-199] Attempt to get parsing info during refresh. "On-the-fly" syntax checking information may be incorrect. [C:\Users\sergi\Downloads\SED\Lab\Lab_sed\Trabajo\Trabajo-SED\Trabajo_SED\Trabajo_SED.srcs\sources_1\new\interruptores.vhd:]
WARNING: [filemgmt 56-199] Attempt to get parsing info during refresh. "On-the-fly" syntax checking information may be incorrect. [C:\Users\sergi\Downloads\SED\Lab\Lab_sed\Trabajo\Trabajo-SED\Trabajo_SED\Trabajo_SED.srcs\sources_1\new\SYNCHRNZR.vhd:]
WARNING: [filemgmt 56-199] Attempt to get parsing info during refresh. "On-the-fly" syntax checking information may be incorrect. [C:\Users\sergi\Downloads\SED\Lab\Lab_sed\Trabajo\Trabajo-SED\Trabajo_SED\Trabajo_SED.srcs\sources_1\new\boton_reset.vhd:]
WARNING: [filemgmt 56-199] Attempt to get parsing info during refresh. "On-the-fly" syntax checking information may be incorrect. [C:\Users\sergi\Downloads\SED\Lab\Lab_sed\Trabajo\Trabajo-SED\Trabajo_SED\Trabajo_SED.srcs\sources_1\new\interruptores.vhd:]
WARNING: [filemgmt 56-199] Attempt to get parsing info during refresh. "On-the-fly" syntax checking information may be incorrect. [C:\Users\sergi\Downloads\SED\Lab\Lab_sed\Trabajo\Trabajo-SED\Trabajo_SED\Trabajo_SED.srcs\sources_1\new\interruptores.vhd:]
ERROR: [Common 17-180] Spawn failed: No error
reset_run synth_1
INFO: [Project 1-1161] Replacing file C:/Users/sergi/Downloads/SED/Lab/Lab_sed/Trabajo/Trabajo-SED/Trabajo_SED/Trabajo_SED.srcs/utils_1/imports/synth_1/devolver_el_dinero.dcp with file C:/Users/sergi/Downloads/SED/Lab/Lab_sed/Trabajo/Trabajo-SED/Trabajo_SED/Trabajo_SED.runs/synth_1/FSM_principal.dcp
launch_runs synth_1 -jobs 4
[Mon Dec 16 20:42:14 2024] Launched synth_1...
Run output will be captured here: C:/Users/sergi/Downloads/SED/Lab/Lab_sed/Trabajo/Trabajo-SED/Trabajo_SED/Trabajo_SED.runs/synth_1/runme.log
WARNING: [filemgmt 56-199] Attempt to get parsing info during refresh. "On-the-fly" syntax checking information may be incorrect. [C:\Users\sergi\Downloads\SED\Lab\Lab_sed\Trabajo\Trabajo-SED\Trabajo_SED\Trabajo_SED.srcs\sources_1\new\pulsadores.vhd:]
WARNING: [filemgmt 56-199] Attempt to get parsing info during refresh. "On-the-fly" syntax checking information may be incorrect. [C:\Users\sergi\Downloads\SED\Lab\Lab_sed\Trabajo\Trabajo-SED\Trabajo_SED\Trabajo_SED.srcs\sources_1\new\edgedtctr.vhd:]
WARNING: [filemgmt 56-199] Attempt to get parsing info during refresh. "On-the-fly" syntax checking information may be incorrect. [C:\Users\sergi\Downloads\SED\Lab\Lab_sed\Trabajo\Trabajo-SED\Trabajo_SED\Trabajo_SED.srcs\sources_1\new\interruptores.vhd:]
WARNING: [filemgmt 56-199] Attempt to get parsing info during refresh. "On-the-fly" syntax checking information may be incorrect. [C:\Users\sergi\Downloads\SED\Lab\Lab_sed\Trabajo\Trabajo-SED\Trabajo_SED\Trabajo_SED.srcs\sources_1\new\SYNCHRNZR.vhd:]
WARNING: [filemgmt 56-199] Attempt to get parsing info during refresh. "On-the-fly" syntax checking information may be incorrect. [C:\Users\sergi\Downloads\SED\Lab\Lab_sed\Trabajo\Trabajo-SED\Trabajo_SED\Trabajo_SED.srcs\sources_1\new\boton_reset.vhd:]
WARNING: [filemgmt 56-199] Attempt to get parsing info during refresh. "On-the-fly" syntax checking information may be incorrect. [C:\Users\sergi\Downloads\SED\Lab\Lab_sed\Trabajo\Trabajo-SED\Trabajo_SED\Trabajo_SED.srcs\sources_1\new\boton_reset.vhd:]
WARNING: [filemgmt 56-199] Attempt to get parsing info during refresh. "On-the-fly" syntax checking information may be incorrect. [C:\Users\sergi\Downloads\SED\Lab\Lab_sed\Trabajo\Trabajo-SED\Trabajo_SED\Trabajo_SED.srcs\sources_1\new\boton_reset.vhd:]
WARNING: [filemgmt 56-199] Attempt to get parsing info during refresh. "On-the-fly" syntax checking information may be incorrect. [C:\Users\sergi\Downloads\SED\Lab\Lab_sed\Trabajo\Trabajo-SED\Trabajo_SED\Trabajo_SED.srcs\sources_1\new\pulsadores.vhd:]
WARNING: [filemgmt 56-199] Attempt to get parsing info during refresh. "On-the-fly" syntax checking information may be incorrect. [C:\Users\sergi\Downloads\SED\Lab\Lab_sed\Trabajo\Trabajo-SED\Trabajo_SED\Trabajo_SED.srcs\sources_1\new\edgedtctr.vhd:]
WARNING: [filemgmt 56-199] Attempt to get parsing info during refresh. "On-the-fly" syntax checking information may be incorrect. [C:\Users\sergi\Downloads\SED\Lab\Lab_sed\Trabajo\Trabajo-SED\Trabajo_SED\Trabajo_SED.srcs\sources_1\new\interruptores.vhd:]
WARNING: [filemgmt 56-199] Attempt to get parsing info during refresh. "On-the-fly" syntax checking information may be incorrect. [C:\Users\sergi\Downloads\SED\Lab\Lab_sed\Trabajo\Trabajo-SED\Trabajo_SED\Trabajo_SED.srcs\sources_1\new\SYNCHRNZR.vhd:]
WARNING: [filemgmt 56-199] Attempt to get parsing info during refresh. "On-the-fly" syntax checking information may be incorrect. [C:\Users\sergi\Downloads\SED\Lab\Lab_sed\Trabajo\Trabajo-SED\Trabajo_SED\Trabajo_SED.srcs\sources_1\new\boton_reset.vhd:]
WARNING: [filemgmt 56-199] Attempt to get parsing info during refresh. "On-the-fly" syntax checking information may be incorrect. [C:\Users\sergi\Downloads\SED\Lab\Lab_sed\Trabajo\Trabajo-SED\Trabajo_SED\Trabajo_SED.srcs\sources_1\new\SYNCHRNZR.vhd:]
WARNING: [filemgmt 56-199] Attempt to get parsing info during refresh. "On-the-fly" syntax checking information may be incorrect. [C:\Users\sergi\Downloads\SED\Lab\Lab_sed\Trabajo\Trabajo-SED\Trabajo_SED\Trabajo_SED.srcs\sources_1\new\SYNCHRNZR.vhd:]
WARNING: [filemgmt 56-199] Attempt to get parsing info during refresh. "On-the-fly" syntax checking information may be incorrect. [C:\Users\sergi\Downloads\SED\Lab\Lab_sed\Trabajo\Trabajo-SED\Trabajo_SED\Trabajo_SED.srcs\sources_1\new\pulsadores.vhd:]
WARNING: [filemgmt 56-199] Attempt to get parsing info during refresh. "On-the-fly" syntax checking information may be incorrect. [C:\Users\sergi\Downloads\SED\Lab\Lab_sed\Trabajo\Trabajo-SED\Trabajo_SED\Trabajo_SED.srcs\sources_1\new\edgedtctr.vhd:]
WARNING: [filemgmt 56-199] Attempt to get parsing info during refresh. "On-the-fly" syntax checking information may be incorrect. [C:\Users\sergi\Downloads\SED\Lab\Lab_sed\Trabajo\Trabajo-SED\Trabajo_SED\Trabajo_SED.srcs\sources_1\new\interruptores.vhd:]
WARNING: [filemgmt 56-199] Attempt to get parsing info during refresh. "On-the-fly" syntax checking information may be incorrect. [C:\Users\sergi\Downloads\SED\Lab\Lab_sed\Trabajo\Trabajo-SED\Trabajo_SED\Trabajo_SED.srcs\sources_1\new\SYNCHRNZR.vhd:]
WARNING: [filemgmt 56-199] Attempt to get parsing info during refresh. "On-the-fly" syntax checking information may be incorrect. [C:\Users\sergi\Downloads\SED\Lab\Lab_sed\Trabajo\Trabajo-SED\Trabajo_SED\Trabajo_SED.srcs\sources_1\new\boton_reset.vhd:]
WARNING: [filemgmt 56-199] Attempt to get parsing info during refresh. "On-the-fly" syntax checking information may be incorrect. [C:\Users\sergi\Downloads\SED\Lab\Lab_sed\Trabajo\Trabajo-SED\Trabajo_SED\Trabajo_SED.srcs\sources_1\new\interruptores.vhd:]
WARNING: [filemgmt 56-199] Attempt to get parsing info during refresh. "On-the-fly" syntax checking information may be incorrect. [C:\Users\sergi\Downloads\SED\Lab\Lab_sed\Trabajo\Trabajo-SED\Trabajo_SED\Trabajo_SED.srcs\sources_1\new\interruptores.vhd:]
WARNING: [filemgmt 56-199] Attempt to get parsing info during refresh. "On-the-fly" syntax checking information may be incorrect. [C:\Users\sergi\Downloads\SED\Lab\Lab_sed\Trabajo\Trabajo-SED\Trabajo_SED\Trabajo_SED.srcs\sources_1\new\pulsadores.vhd:]
WARNING: [filemgmt 56-199] Attempt to get parsing info during refresh. "On-the-fly" syntax checking information may be incorrect. [C:\Users\sergi\Downloads\SED\Lab\Lab_sed\Trabajo\Trabajo-SED\Trabajo_SED\Trabajo_SED.srcs\sources_1\new\edgedtctr.vhd:]
WARNING: [filemgmt 56-199] Attempt to get parsing info during refresh. "On-the-fly" syntax checking information may be incorrect. [C:\Users\sergi\Downloads\SED\Lab\Lab_sed\Trabajo\Trabajo-SED\Trabajo_SED\Trabajo_SED.srcs\sources_1\new\interruptores.vhd:]
WARNING: [filemgmt 56-199] Attempt to get parsing info during refresh. "On-the-fly" syntax checking information may be incorrect. [C:\Users\sergi\Downloads\SED\Lab\Lab_sed\Trabajo\Trabajo-SED\Trabajo_SED\Trabajo_SED.srcs\sources_1\new\SYNCHRNZR.vhd:]
WARNING: [filemgmt 56-199] Attempt to get parsing info during refresh. "On-the-fly" syntax checking information may be incorrect. [C:\Users\sergi\Downloads\SED\Lab\Lab_sed\Trabajo\Trabajo-SED\Trabajo_SED\Trabajo_SED.srcs\sources_1\new\boton_reset.vhd:]
WARNING: [filemgmt 56-199] Attempt to get parsing info during refresh. "On-the-fly" syntax checking information may be incorrect. [C:\Users\sergi\Downloads\SED\Lab\Lab_sed\Trabajo\Trabajo-SED\Trabajo_SED\Trabajo_SED.srcs\sources_1\new\edgedtctr.vhd:]
WARNING: [filemgmt 56-199] Attempt to get parsing info during refresh. "On-the-fly" syntax checking information may be incorrect. [C:\Users\sergi\Downloads\SED\Lab\Lab_sed\Trabajo\Trabajo-SED\Trabajo_SED\Trabajo_SED.srcs\sources_1\new\edgedtctr.vhd:]
synth_design -top FSM_principal -part xc7a100tcsg324-1 -lint 
Command: synth_design -top FSM_principal -part xc7a100tcsg324-1 -lint
Starting synth_design
Attempting to get a license for feature 'Synthesis' and/or device 'xc7a100t'
INFO: [Common 17-349] Got license for feature 'Synthesis' and/or device 'xc7a100t'
INFO: [Synth 8-7079] Multithreading enabled for synth_design using a maximum of 2 processes.
---------------------------------------------------------------------------------
Starting Synthesize : Time (s): cpu = 00:00:06 ; elapsed = 00:00:06 . Memory (MB): peak = 2561.617 ; gain = 0.000
---------------------------------------------------------------------------------
Clean up Linter database...
INFO: [Synth 8-638] synthesizing module 'FSM_principal' [C:/Users/sergi/Downloads/SED/Lab/Lab_sed/Trabajo/Trabajo-SED/Trabajo_SED/Trabajo_SED.srcs/sources_1/new/FSM_principal.vhd:18]
WARNING: [Synth 8-614] signal 'i_cantidad_a_devolver' is read in the process but is not in the sensitivity list [C:/Users/sergi/Downloads/SED/Lab/Lab_sed/Trabajo/Trabajo-SED/Trabajo_SED/Trabajo_SED.srcs/sources_1/new/FSM_principal.vhd:42]
WARNING: [Synth 8-614] signal 'selec_producto' is read in the process but is not in the sensitivity list [C:/Users/sergi/Downloads/SED/Lab/Lab_sed/Trabajo/Trabajo-SED/Trabajo_SED/Trabajo_SED.srcs/sources_1/new/FSM_principal.vhd:85]
WARNING: [Synth 8-614] signal 'importe' is read in the process but is not in the sensitivity list [C:/Users/sergi/Downloads/SED/Lab/Lab_sed/Trabajo/Trabajo-SED/Trabajo_SED/Trabajo_SED.srcs/sources_1/new/FSM_principal.vhd:85]
WARNING: [Synth 8-614] signal 'precio' is read in the process but is not in the sensitivity list [C:/Users/sergi/Downloads/SED/Lab/Lab_sed/Trabajo/Trabajo-SED/Trabajo_SED/Trabajo_SED.srcs/sources_1/new/FSM_principal.vhd:85]
INFO: [Synth 8-256] done synthesizing module 'FSM_principal' (1#1) [C:/Users/sergi/Downloads/SED/Lab/Lab_sed/Trabajo/Trabajo-SED/Trabajo_SED/Trabajo_SED.srcs/sources_1/new/FSM_principal.vhd:18]
---------------------------------------------------------------------------------
Finished Synthesize : Time (s): cpu = 00:00:08 ; elapsed = 00:00:08 . Memory (MB): peak = 2561.617 ; gain = 0.000
---------------------------------------------------------------------------------
Copyright 1986-2022 Xilinx, Inc. All Rights Reserved. Copyright 2022-2024 Advanced Micro Devices, Inc. All Rights Reserved.
---------------------------------------------------------------------------------------------------------------------------------------------
| Tool Version : Vivado v.2024.1 (win64) Build 5076996 Wed May 22 18:37:14 MDT 2024
| Date         : Mon Dec 16 20:44:02 2024
| Host         : DESKTOP-81MS265 running 64-bit major release  (build 9200)
---------------------------------------------------------------------------------------------------------------------------------------------

RTL Linter Report

Table of Contents
-----------------
1. Summary

1. Summary
----------

+---------+----------+--------------+----------+
| Rule ID | Severity | # Violations | # Waived |
+---------+----------+--------------+----------+
| INFER-1 | WARNING  | 3            | 0        |
+---------+----------+--------------+----------+


WARNING: [Synth 37-88] [INFER-1]Inferred latch found for i_cantidad_a_devolver_reg. 
RTL Name 'i_cantidad_a_devolver_reg', Hierarchy 'FSM_principal', File 'C:/Users/sergi/Downloads/SED/Lab/Lab_sed/Trabajo/Trabajo-SED/Trabajo_SED/Trabajo_SED.srcs/sources_1/new/FSM_principal.vhd', Line 91.
WARNING: [Synth 37-88] [INFER-1]Inferred latch found for next_state_reg. 
RTL Name 'next_state_reg', Hierarchy 'FSM_principal', File 'C:/Users/sergi/Downloads/SED/Lab/Lab_sed/Trabajo/Trabajo-SED/Trabajo_SED/Trabajo_SED.srcs/sources_1/new/FSM_principal.vhd', Line 38.
WARNING: [Synth 37-88] [INFER-1]Inferred latch found for precio_reg. 
RTL Name 'precio_reg', Hierarchy 'FSM_principal', File 'C:/Users/sergi/Downloads/SED/Lab/Lab_sed/Trabajo/Trabajo-SED/Trabajo_SED/Trabajo_SED.srcs/sources_1/new/FSM_principal.vhd', Line 92.
INFO: [Synth 37-85] Total of 3 linter message(s) generated.
INFO: [Synth 37-45] Linter Run Finished!
Synthesis Optimization Runtime : Time (s): cpu = 00:00:08 ; elapsed = 00:00:08 . Memory (MB): peak = 2561.617 ; gain = 0.000
INFO: [Common 17-83] Releasing license: Synthesis
7 Infos, 7 Warnings, 0 Critical Warnings and 0 Errors encountered.
synth_design completed successfully
synth_design: Time (s): cpu = 00:00:08 ; elapsed = 00:00:08 . Memory (MB): peak = 2561.617 ; gain = 0.000
synth_design -rtl -rtl_skip_mlo -name rtl_1
Command: synth_design -rtl -rtl_skip_mlo -name rtl_1
Starting synth_design
Using part: xc7a100tcsg324-1
Top: FSM_principal
INFO: [Synth 8-7079] Multithreading enabled for synth_design using a maximum of 2 processes.
---------------------------------------------------------------------------------
Starting RTL Elaboration : Time (s): cpu = 00:00:06 ; elapsed = 00:00:06 . Memory (MB): peak = 2574.141 ; gain = 12.523
---------------------------------------------------------------------------------
INFO: [Synth 8-638] synthesizing module 'FSM_principal' [C:/Users/sergi/Downloads/SED/Lab/Lab_sed/Trabajo/Trabajo-SED/Trabajo_SED/Trabajo_SED.srcs/sources_1/new/FSM_principal.vhd:18]
WARNING: [Synth 8-614] signal 'i_cantidad_a_devolver' is read in the process but is not in the sensitivity list [C:/Users/sergi/Downloads/SED/Lab/Lab_sed/Trabajo/Trabajo-SED/Trabajo_SED/Trabajo_SED.srcs/sources_1/new/FSM_principal.vhd:42]
WARNING: [Synth 8-614] signal 'selec_producto' is read in the process but is not in the sensitivity list [C:/Users/sergi/Downloads/SED/Lab/Lab_sed/Trabajo/Trabajo-SED/Trabajo_SED/Trabajo_SED.srcs/sources_1/new/FSM_principal.vhd:85]
WARNING: [Synth 8-614] signal 'importe' is read in the process but is not in the sensitivity list [C:/Users/sergi/Downloads/SED/Lab/Lab_sed/Trabajo/Trabajo-SED/Trabajo_SED/Trabajo_SED.srcs/sources_1/new/FSM_principal.vhd:85]
WARNING: [Synth 8-614] signal 'precio' is read in the process but is not in the sensitivity list [C:/Users/sergi/Downloads/SED/Lab/Lab_sed/Trabajo/Trabajo-SED/Trabajo_SED/Trabajo_SED.srcs/sources_1/new/FSM_principal.vhd:85]
INFO: [Synth 8-256] done synthesizing module 'FSM_principal' (0#1) [C:/Users/sergi/Downloads/SED/Lab/Lab_sed/Trabajo/Trabajo-SED/Trabajo_SED/Trabajo_SED.srcs/sources_1/new/FSM_principal.vhd:18]
---------------------------------------------------------------------------------
Finished RTL Elaboration : Time (s): cpu = 00:00:08 ; elapsed = 00:00:07 . Memory (MB): peak = 2574.957 ; gain = 13.340
---------------------------------------------------------------------------------
---------------------------------------------------------------------------------
Start Handling Custom Attributes
---------------------------------------------------------------------------------
---------------------------------------------------------------------------------
Finished Handling Custom Attributes : Time (s): cpu = 00:00:08 ; elapsed = 00:00:07 . Memory (MB): peak = 2586.238 ; gain = 24.621
---------------------------------------------------------------------------------
---------------------------------------------------------------------------------
Finished RTL Optimization Phase 1 : Time (s): cpu = 00:00:08 ; elapsed = 00:00:07 . Memory (MB): peak = 2586.238 ; gain = 24.621
---------------------------------------------------------------------------------
Netlist sorting complete. Time (s): cpu = 00:00:00 ; elapsed = 00:00:00.004 . Memory (MB): peak = 2586.238 ; gain = 0.000
INFO: [Project 1-570] Preparing netlist for logic optimization

Processing XDC Constraints
Initializing timing engine
Parsing XDC File [C:/Users/sergi/Downloads/SED/Lab/Lab_sed/Trabajo/Trabajo-SED/Trabajo_SED/Trabajo_SED.srcs/constrs_1/imports/Downloads/Nexys-4-DDR-Master.xdc]
Finished Parsing XDC File [C:/Users/sergi/Downloads/SED/Lab/Lab_sed/Trabajo/Trabajo-SED/Trabajo_SED/Trabajo_SED.srcs/constrs_1/imports/Downloads/Nexys-4-DDR-Master.xdc]
Completed Processing XDC Constraints

Netlist sorting complete. Time (s): cpu = 00:00:00 ; elapsed = 00:00:00 . Memory (MB): peak = 2668.492 ; gain = 0.000
INFO: [Project 1-111] Unisim Transformation Summary:
No Unisim elements were transformed.

RTL Elaboration Complete:  : Time (s): cpu = 00:00:13 ; elapsed = 00:00:11 . Memory (MB): peak = 2679.105 ; gain = 117.488
5 Infos, 4 Warnings, 0 Critical Warnings and 0 Errors encountered.
synth_design completed successfully
synth_design: Time (s): cpu = 00:00:13 ; elapsed = 00:00:11 . Memory (MB): peak = 2679.105 ; gain = 117.488
exit
INFO: [Common 17-206] Exiting Vivado at Mon Dec 16 20:44:46 2024...
=======
open_project: Time (s): cpu = 00:00:35 ; elapsed = 00:00:17 . Memory (MB): peak = 1493.582 ; gain = 455.879
update_compile_order -fileset sources_1
exit
INFO: [Common 17-206] Exiting Vivado at Mon Dec 16 18:02:05 2024...
>>>>>>> Stashed changes
